#
# There is insufficient memory for the Java Runtime Environment to continue.
# Native memory allocation (mmap) failed to map 65536 bytes for Failed to commit metaspace.
# Possible reasons:
#   The system is out of physical RAM or swap space
#   The process is running with CompressedOops enabled, and the Java Heap may be blocking the growth of the native heap
# Possible solutions:
#   Reduce memory load on the system
#   Increase physical memory or swap space
#   Check if swap backing store is full
#   Decrease Java heap size (-Xmx/-Xms)
#   Decrease number of Java threads
#   Decrease Java thread stack sizes (-Xss)
#   Set larger code cache with -XX:ReservedCodeCacheSize=
#   JVM is running with Unscaled Compressed Oops mode in which the Java heap is
#     placed in the first 4GB address space. The Java Heap base address is the
#     maximum limit for the native heap growth. Please use -XX:HeapBaseMinAddress
#     to set the Java Heap base and to place the Java Heap above 4GB virtual address.
# This output file may be truncated or incomplete.
#
#  Out of Memory Error (virtualSpaceNode.cpp:110), pid=14384, tid=10308
#
# JRE version: Java(TM) SE Runtime Environment (18.0.2+9) (build 18.0.2+9-61)
# Java VM: Java HotSpot(TM) 64-Bit Server VM (18.0.2+9-61, mixed mode, tiered, compressed oops, compressed class ptrs, g1 gc, windows-amd64)
# No core dump will be written. Minidumps are not enabled by default on client versions of Windows
#

---------------  S U M M A R Y ------------

Command Line: -Dfile.encoding=UTF-8 --module-path=C:\Users\Suhai\Desktop\Electricity Billing System\build\classes electricity.billing.system.Window

Host: 11th Gen Intel(R) Core(TM) i3-1115G4 @ 3.00GHz, 4 cores, 7G,  Windows 11 , 64 bit Build 22621 (10.0.22621.3235)
Time: Fri Apr  5 22:35:22 2024 India Standard Time elapsed time: 0.291999 seconds (0d 0h 0m 0s)

---------------  T H R E A D  ---------------

Current thread (0x00000255f26313f0):  JavaThread "main" [_thread_in_vm, id=10308, stack(0x000000fb59600000,0x000000fb59700000)]

Stack: [0x000000fb59600000,0x000000fb59700000]
Native frames: (J=compiled Java code, j=interpreted, Vv=VM code, C=native code)
V  [jvm.dll+0x6993ca]
V  [jvm.dll+0x7f481d]
V  [jvm.dll+0x7f612e]
V  [jvm.dll+0x7f67e3]
V  [jvm.dll+0x25cdaf]
V  [jvm.dll+0x7f052b]
V  [jvm.dll+0x63f546]
V  [jvm.dll+0x1d741e]
V  [jvm.dll+0x641eeb]
V  [jvm.dll+0x641cee]
V  [jvm.dll+0x63ff0e]
V  [jvm.dll+0x25152f]
V  [jvm.dll+0x64a545]
V  [jvm.dll+0x2027b1]
V  [jvm.dll+0x202ce5]
V  [jvm.dll+0x20371f]
V  [jvm.dll+0x1f8bb1]
V  [jvm.dll+0x55dc05]
V  [jvm.dll+0x209a67]
V  [jvm.dll+0x76dddd]
V  [jvm.dll+0x76f116]
V  [jvm.dll+0x76f448]
V  [jvm.dll+0x2551d6]
V  [jvm.dll+0x3a13de]
C  0x000002558001b6ce

Java frames: (J=compiled Java code, j=interpreted, Vv=VM code)
j  java.lang.invoke.VarHandleInts$FieldInstanceReadOnly.<clinit>()V+0 java.base@18.0.2
v  ~StubRoutines::call_stub
j  java.lang.invoke.VarHandles.makeFieldHandle(Ljava/lang/invoke/MemberName;Ljava/lang/Class;Ljava/lang/Class;Z)Ljava/lang/invoke/VarHandle;+271 java.base@18.0.2
j  java.lang.invoke.MethodHandles$Lookup.getFieldVarHandleCommon(BBLjava/lang/Class;Ljava/lang/invoke/MemberName;Ljava/lang/invoke/MemberName;Z)Ljava/lang/invoke/VarHandle;+270 java.base@18.0.2
j  java.lang.invoke.MethodHandles$Lookup.getFieldVarHandle(BBLjava/lang/Class;Ljava/lang/invoke/MemberName;Ljava/lang/invoke/MemberName;)Ljava/lang/invoke/VarHandle;+12 java.base@18.0.2
j  java.lang.invoke.MethodHandles$Lookup.findVarHandle(Ljava/lang/Class;Ljava/lang/String;Ljava/lang/Class;)Ljava/lang/invoke/VarHandle;+28 java.base@18.0.2
j  java.util.concurrent.atomic.AtomicBoolean.<clinit>()V+12 java.base@18.0.2
v  ~StubRoutines::call_stub
j  java.awt.Window.<clinit>()V+93 java.desktop@18.0.2
v  ~StubRoutines::call_stub

---------------  P R O C E S S  ---------------

Threads class SMR info:
_java_thread_list=0x000002559538c5e0, length=12, elements={
0x00000255f26313f0, 0x00000255fed87010, 0x00000255fed8add0, 0x00000255fedc1180,
0x00000255fedc1b20, 0x00000255fedc24c0, 0x00000255feda20a0, 0x00000255feda3290,
0x00000255feda3c70, 0x0000025595142b10, 0x000002559529a870, 0x00000255953ea530
}

Java Threads: ( => current thread )
=>0x00000255f26313f0 JavaThread "main" [_thread_in_vm, id=10308, stack(0x000000fb59600000,0x000000fb59700000)]
  0x00000255fed87010 JavaThread "Reference Handler" daemon [_thread_blocked, id=17608, stack(0x000000fb59d00000,0x000000fb59e00000)]
  0x00000255fed8add0 JavaThread "Finalizer" daemon [_thread_blocked, id=18380, stack(0x000000fb59e00000,0x000000fb59f00000)]
  0x00000255fedc1180 JavaThread "Signal Dispatcher" daemon [_thread_blocked, id=7708, stack(0x000000fb59f00000,0x000000fb5a000000)]
  0x00000255fedc1b20 JavaThread "Attach Listener" daemon [_thread_blocked, id=15664, stack(0x000000fb5a000000,0x000000fb5a100000)]
  0x00000255fedc24c0 JavaThread "Service Thread" daemon [_thread_blocked, id=7200, stack(0x000000fb5a100000,0x000000fb5a200000)]
  0x00000255feda20a0 JavaThread "Monitor Deflation Thread" daemon [_thread_blocked, id=10748, stack(0x000000fb5a200000,0x000000fb5a300000)]
  0x00000255feda3290 JavaThread "C2 CompilerThread0" daemon [_thread_blocked, id=4952, stack(0x000000fb5a300000,0x000000fb5a400000)]
  0x00000255feda3c70 JavaThread "C1 CompilerThread0" daemon [_thread_blocked, id=16736, stack(0x000000fb5a400000,0x000000fb5a500000)]
  0x0000025595142b10 JavaThread "Sweeper thread" daemon [_thread_blocked, id=7824, stack(0x000000fb5a500000,0x000000fb5a600000)]
  0x000002559529a870 JavaThread "Common-Cleaner" daemon [_thread_blocked, id=19460, stack(0x000000fb5a600000,0x000000fb5a700000)]
  0x00000255953ea530 JavaThread "Notification Thread" daemon [_thread_blocked, id=19464, stack(0x000000fb5a700000,0x000000fb5a800000)]

Other Threads:
  0x00000255f26a7ce0 VMThread "VM Thread" [stack: 0x000000fb59c00000,0x000000fb59d00000] [id=16880]
  0x000002559547a710 WatcherThread "VM Periodic Task Thread" [stack: 0x000000fb5a800000,0x000000fb5a900000] [id=19468]
  0x00000255f268fdb0 WorkerThread "GC Thread#0" [stack: 0x000000fb59700000,0x000000fb59800000] [id=18916]
  0x00000255f26a0360 ConcurrentGCThread "G1 Main Marker" [stack: 0x000000fb59800000,0x000000fb59900000] [id=19024]
  0x00000255f26a0d50 WorkerThread "G1 Conc#0" [stack: 0x000000fb59900000,0x000000fb59a00000] [id=2000]
  0x00000255f26e0d50 ConcurrentGCThread "G1 Refine#0" [stack: 0x000000fb59a00000,0x000000fb59b00000] [id=16944]
  0x00000255f26e1660 ConcurrentGCThread "G1 Service" [stack: 0x000000fb59b00000,0x000000fb59c00000] [id=17612]

Threads with active compile tasks:

VM state: not at safepoint (normal execution)

VM Mutex/Monitor currently owned by a thread:  ([mutex/lock_event])
[0x00000255f262bc90] Metaspace_lock - owner thread: 0x00000255f26313f0

Heap address: 0x0000000084c00000, size: 1972 MB, Compressed Oops mode: 32-bit

CDS archive(s) not mapped
Compressed class space mapped at: 0x0000000100000000-0x0000000140000000, reserved size: 1073741824
Narrow klass base: 0x0000000000000000, Narrow klass shift: 3, Narrow klass range: 0x140000000

GC Precious Log:
 CardTable entry size: 512
 Card Set container configuration: InlinePtr #cards 5 size 8 Array Of Cards #cards 12 size 40 Howl #buckets 4 coarsen threshold 1843 Howl Bitmap #cards 512 size 80 coarsen threshold 460 Card regions per heap region 1 cards per card region 2048
 CPUs: 4 total, 4 available
 Memory: 7886M
 Large Page Support: Disabled
 NUMA Support: Disabled
 Compressed Oops: Enabled (32-bit)
 Heap Region Size: 1M
 Heap Min Capacity: 8M
 Heap Initial Capacity: 124M
 Heap Max Capacity: 1972M
 Pre-touch: Disabled
 Parallel Workers: 4
 Concurrent Workers: 1
 Concurrent Refinement Workers: 4
 Periodic GC: Disabled

Heap:
 garbage-first heap   total 126976K, used 2048K [0x0000000084c00000, 0x0000000100000000)
  region size 1024K, 3 young (3072K), 0 survivors (0K)
 Metaspace       used 7867K, committed 8000K, reserved 1114112K
  class space    used 672K, committed 768K, reserved 1048576K

Heap Regions: E=young(eden), S=young(survivor), O=old, HS=humongous(starts), HC=humongous(continues), CS=collection set, F=free, OA=open archive, CA=closed archive, TAMS=top-at-mark-start (previous, next)
|   0|0x0000000084c00000, 0x0000000084c00000, 0x0000000084d00000|  0%| F|  |TAMS 0x0000000084c00000, 0x0000000084c00000| Untracked 
|   1|0x0000000084d00000, 0x0000000084d00000, 0x0000000084e00000|  0%| F|  |TAMS 0x0000000084d00000, 0x0000000084d00000| Untracked 
|   2|0x0000000084e00000, 0x0000000084e00000, 0x0000000084f00000|  0%| F|  |TAMS 0x0000000084e00000, 0x0000000084e00000| Untracked 
|   3|0x0000000084f00000, 0x0000000084f00000, 0x0000000085000000|  0%| F|  |TAMS 0x0000000084f00000, 0x0000000084f00000| Untracked 
|   4|0x0000000085000000, 0x0000000085000000, 0x0000000085100000|  0%| F|  |TAMS 0x0000000085000000, 0x0000000085000000| Untracked 
|   5|0x0000000085100000, 0x0000000085100000, 0x0000000085200000|  0%| F|  |TAMS 0x0000000085100000, 0x0000000085100000| Untracked 
|   6|0x0000000085200000, 0x0000000085200000, 0x0000000085300000|  0%| F|  |TAMS 0x0000000085200000, 0x0000000085200000| Untracked 
|   7|0x0000000085300000, 0x0000000085300000, 0x0000000085400000|  0%| F|  |TAMS 0x0000000085300000, 0x0000000085300000| Untracked 
|   8|0x0000000085400000, 0x0000000085400000, 0x0000000085500000|  0%| F|  |TAMS 0x0000000085400000, 0x0000000085400000| Untracked 
|   9|0x0000000085500000, 0x0000000085500000, 0x0000000085600000|  0%| F|  |TAMS 0x0000000085500000, 0x0000000085500000| Untracked 
|  10|0x0000000085600000, 0x0000000085600000, 0x0000000085700000|  0%| F|  |TAMS 0x0000000085600000, 0x0000000085600000| Untracked 
|  11|0x0000000085700000, 0x0000000085700000, 0x0000000085800000|  0%| F|  |TAMS 0x0000000085700000, 0x0000000085700000| Untracked 
|  12|0x0000000085800000, 0x0000000085800000, 0x0000000085900000|  0%| F|  |TAMS 0x0000000085800000, 0x0000000085800000| Untracked 
|  13|0x0000000085900000, 0x0000000085900000, 0x0000000085a00000|  0%| F|  |TAMS 0x0000000085900000, 0x0000000085900000| Untracked 
|  14|0x0000000085a00000, 0x0000000085a00000, 0x0000000085b00000|  0%| F|  |TAMS 0x0000000085a00000, 0x0000000085a00000| Untracked 
|  15|0x0000000085b00000, 0x0000000085b00000, 0x0000000085c00000|  0%| F|  |TAMS 0x0000000085b00000, 0x0000000085b00000| Untracked 
|  16|0x0000000085c00000, 0x0000000085c00000, 0x0000000085d00000|  0%| F|  |TAMS 0x0000000085c00000, 0x0000000085c00000| Untracked 
|  17|0x0000000085d00000, 0x0000000085d00000, 0x0000000085e00000|  0%| F|  |TAMS 0x0000000085d00000, 0x0000000085d00000| Untracked 
|  18|0x0000000085e00000, 0x0000000085e00000, 0x0000000085f00000|  0%| F|  |TAMS 0x0000000085e00000, 0x0000000085e00000| Untracked 
|  19|0x0000000085f00000, 0x0000000085f00000, 0x0000000086000000|  0%| F|  |TAMS 0x0000000085f00000, 0x0000000085f00000| Untracked 
|  20|0x0000000086000000, 0x0000000086000000, 0x0000000086100000|  0%| F|  |TAMS 0x0000000086000000, 0x0000000086000000| Untracked 
|  21|0x0000000086100000, 0x0000000086100000, 0x0000000086200000|  0%| F|  |TAMS 0x0000000086100000, 0x0000000086100000| Untracked 
|  22|0x0000000086200000, 0x0000000086200000, 0x0000000086300000|  0%| F|  |TAMS 0x0000000086200000, 0x0000000086200000| Untracked 
|  23|0x0000000086300000, 0x0000000086300000, 0x0000000086400000|  0%| F|  |TAMS 0x0000000086300000, 0x0000000086300000| Untracked 
|  24|0x0000000086400000, 0x0000000086400000, 0x0000000086500000|  0%| F|  |TAMS 0x0000000086400000, 0x0000000086400000| Untracked 
|  25|0x0000000086500000, 0x0000000086500000, 0x0000000086600000|  0%| F|  |TAMS 0x0000000086500000, 0x0000000086500000| Untracked 
|  26|0x0000000086600000, 0x0000000086600000, 0x0000000086700000|  0%| F|  |TAMS 0x0000000086600000, 0x0000000086600000| Untracked 
|  27|0x0000000086700000, 0x0000000086700000, 0x0000000086800000|  0%| F|  |TAMS 0x0000000086700000, 0x0000000086700000| Untracked 
|  28|0x0000000086800000, 0x0000000086800000, 0x0000000086900000|  0%| F|  |TAMS 0x0000000086800000, 0x0000000086800000| Untracked 
|  29|0x0000000086900000, 0x0000000086900000, 0x0000000086a00000|  0%| F|  |TAMS 0x0000000086900000, 0x0000000086900000| Untracked 
|  30|0x0000000086a00000, 0x0000000086a00000, 0x0000000086b00000|  0%| F|  |TAMS 0x0000000086a00000, 0x0000000086a00000| Untracked 
|  31|0x0000000086b00000, 0x0000000086b00000, 0x0000000086c00000|  0%| F|  |TAMS 0x0000000086b00000, 0x0000000086b00000| Untracked 
|  32|0x0000000086c00000, 0x0000000086c00000, 0x0000000086d00000|  0%| F|  |TAMS 0x0000000086c00000, 0x0000000086c00000| Untracked 
|  33|0x0000000086d00000, 0x0000000086d00000, 0x0000000086e00000|  0%| F|  |TAMS 0x0000000086d00000, 0x0000000086d00000| Untracked 
|  34|0x0000000086e00000, 0x0000000086e00000, 0x0000000086f00000|  0%| F|  |TAMS 0x0000000086e00000, 0x0000000086e00000| Untracked 
|  35|0x0000000086f00000, 0x0000000086f00000, 0x0000000087000000|  0%| F|  |TAMS 0x0000000086f00000, 0x0000000086f00000| Untracked 
|  36|0x0000000087000000, 0x0000000087000000, 0x0000000087100000|  0%| F|  |TAMS 0x0000000087000000, 0x0000000087000000| Untracked 
|  37|0x0000000087100000, 0x0000000087100000, 0x0000000087200000|  0%| F|  |TAMS 0x0000000087100000, 0x0000000087100000| Untracked 
|  38|0x0000000087200000, 0x0000000087200000, 0x0000000087300000|  0%| F|  |TAMS 0x0000000087200000, 0x0000000087200000| Untracked 
|  39|0x0000000087300000, 0x0000000087300000, 0x0000000087400000|  0%| F|  |TAMS 0x0000000087300000, 0x0000000087300000| Untracked 
|  40|0x0000000087400000, 0x0000000087400000, 0x0000000087500000|  0%| F|  |TAMS 0x0000000087400000, 0x0000000087400000| Untracked 
|  41|0x0000000087500000, 0x0000000087500000, 0x0000000087600000|  0%| F|  |TAMS 0x0000000087500000, 0x0000000087500000| Untracked 
|  42|0x0000000087600000, 0x0000000087600000, 0x0000000087700000|  0%| F|  |TAMS 0x0000000087600000, 0x0000000087600000| Untracked 
|  43|0x0000000087700000, 0x0000000087700000, 0x0000000087800000|  0%| F|  |TAMS 0x0000000087700000, 0x0000000087700000| Untracked 
|  44|0x0000000087800000, 0x0000000087800000, 0x0000000087900000|  0%| F|  |TAMS 0x0000000087800000, 0x0000000087800000| Untracked 
|  45|0x0000000087900000, 0x0000000087900000, 0x0000000087a00000|  0%| F|  |TAMS 0x0000000087900000, 0x0000000087900000| Untracked 
|  46|0x0000000087a00000, 0x0000000087a00000, 0x0000000087b00000|  0%| F|  |TAMS 0x0000000087a00000, 0x0000000087a00000| Untracked 
|  47|0x0000000087b00000, 0x0000000087b00000, 0x0000000087c00000|  0%| F|  |TAMS 0x0000000087b00000, 0x0000000087b00000| Untracked 
|  48|0x0000000087c00000, 0x0000000087c00000, 0x0000000087d00000|  0%| F|  |TAMS 0x0000000087c00000, 0x0000000087c00000| Untracked 
|  49|0x0000000087d00000, 0x0000000087d00000, 0x0000000087e00000|  0%| F|  |TAMS 0x0000000087d00000, 0x0000000087d00000| Untracked 
|  50|0x0000000087e00000, 0x0000000087e00000, 0x0000000087f00000|  0%| F|  |TAMS 0x0000000087e00000, 0x0000000087e00000| Untracked 
|  51|0x0000000087f00000, 0x0000000087f00000, 0x0000000088000000|  0%| F|  |TAMS 0x0000000087f00000, 0x0000000087f00000| Untracked 
|  52|0x0000000088000000, 0x0000000088000000, 0x0000000088100000|  0%| F|  |TAMS 0x0000000088000000, 0x0000000088000000| Untracked 
|  53|0x0000000088100000, 0x0000000088100000, 0x0000000088200000|  0%| F|  |TAMS 0x0000000088100000, 0x0000000088100000| Untracked 
|  54|0x0000000088200000, 0x0000000088200000, 0x0000000088300000|  0%| F|  |TAMS 0x0000000088200000, 0x0000000088200000| Untracked 
|  55|0x0000000088300000, 0x0000000088300000, 0x0000000088400000|  0%| F|  |TAMS 0x0000000088300000, 0x0000000088300000| Untracked 
|  56|0x0000000088400000, 0x0000000088400000, 0x0000000088500000|  0%| F|  |TAMS 0x0000000088400000, 0x0000000088400000| Untracked 
|  57|0x0000000088500000, 0x0000000088500000, 0x0000000088600000|  0%| F|  |TAMS 0x0000000088500000, 0x0000000088500000| Untracked 
|  58|0x0000000088600000, 0x0000000088600000, 0x0000000088700000|  0%| F|  |TAMS 0x0000000088600000, 0x0000000088600000| Untracked 
|  59|0x0000000088700000, 0x0000000088700000, 0x0000000088800000|  0%| F|  |TAMS 0x0000000088700000, 0x0000000088700000| Untracked 
|  60|0x0000000088800000, 0x0000000088800000, 0x0000000088900000|  0%| F|  |TAMS 0x0000000088800000, 0x0000000088800000| Untracked 
|  61|0x0000000088900000, 0x0000000088900000, 0x0000000088a00000|  0%| F|  |TAMS 0x0000000088900000, 0x0000000088900000| Untracked 
|  62|0x0000000088a00000, 0x0000000088a00000, 0x0000000088b00000|  0%| F|  |TAMS 0x0000000088a00000, 0x0000000088a00000| Untracked 
|  63|0x0000000088b00000, 0x0000000088b00000, 0x0000000088c00000|  0%| F|  |TAMS 0x0000000088b00000, 0x0000000088b00000| Untracked 
|  64|0x0000000088c00000, 0x0000000088c00000, 0x0000000088d00000|  0%| F|  |TAMS 0x0000000088c00000, 0x0000000088c00000| Untracked 
|  65|0x0000000088d00000, 0x0000000088d00000, 0x0000000088e00000|  0%| F|  |TAMS 0x0000000088d00000, 0x0000000088d00000| Untracked 
|  66|0x0000000088e00000, 0x0000000088e00000, 0x0000000088f00000|  0%| F|  |TAMS 0x0000000088e00000, 0x0000000088e00000| Untracked 
|  67|0x0000000088f00000, 0x0000000088f00000, 0x0000000089000000|  0%| F|  |TAMS 0x0000000088f00000, 0x0000000088f00000| Untracked 
|  68|0x0000000089000000, 0x0000000089000000, 0x0000000089100000|  0%| F|  |TAMS 0x0000000089000000, 0x0000000089000000| Untracked 
|  69|0x0000000089100000, 0x0000000089100000, 0x0000000089200000|  0%| F|  |TAMS 0x0000000089100000, 0x0000000089100000| Untracked 
|  70|0x0000000089200000, 0x0000000089200000, 0x0000000089300000|  0%| F|  |TAMS 0x0000000089200000, 0x0000000089200000| Untracked 
|  71|0x0000000089300000, 0x0000000089300000, 0x0000000089400000|  0%| F|  |TAMS 0x0000000089300000, 0x0000000089300000| Untracked 
|  72|0x0000000089400000, 0x0000000089400000, 0x0000000089500000|  0%| F|  |TAMS 0x0000000089400000, 0x0000000089400000| Untracked 
|  73|0x0000000089500000, 0x0000000089500000, 0x0000000089600000|  0%| F|  |TAMS 0x0000000089500000, 0x0000000089500000| Untracked 
|  74|0x0000000089600000, 0x0000000089600000, 0x0000000089700000|  0%| F|  |TAMS 0x0000000089600000, 0x0000000089600000| Untracked 
|  75|0x0000000089700000, 0x0000000089700000, 0x0000000089800000|  0%| F|  |TAMS 0x0000000089700000, 0x0000000089700000| Untracked 
|  76|0x0000000089800000, 0x0000000089800000, 0x0000000089900000|  0%| F|  |TAMS 0x0000000089800000, 0x0000000089800000| Untracked 
|  77|0x0000000089900000, 0x0000000089900000, 0x0000000089a00000|  0%| F|  |TAMS 0x0000000089900000, 0x0000000089900000| Untracked 
|  78|0x0000000089a00000, 0x0000000089a00000, 0x0000000089b00000|  0%| F|  |TAMS 0x0000000089a00000, 0x0000000089a00000| Untracked 
|  79|0x0000000089b00000, 0x0000000089b00000, 0x0000000089c00000|  0%| F|  |TAMS 0x0000000089b00000, 0x0000000089b00000| Untracked 
|  80|0x0000000089c00000, 0x0000000089c00000, 0x0000000089d00000|  0%| F|  |TAMS 0x0000000089c00000, 0x0000000089c00000| Untracked 
|  81|0x0000000089d00000, 0x0000000089d00000, 0x0000000089e00000|  0%| F|  |TAMS 0x0000000089d00000, 0x0000000089d00000| Untracked 
|  82|0x0000000089e00000, 0x0000000089e00000, 0x0000000089f00000|  0%| F|  |TAMS 0x0000000089e00000, 0x0000000089e00000| Untracked 
|  83|0x0000000089f00000, 0x0000000089f00000, 0x000000008a000000|  0%| F|  |TAMS 0x0000000089f00000, 0x0000000089f00000| Untracked 
|  84|0x000000008a000000, 0x000000008a000000, 0x000000008a100000|  0%| F|  |TAMS 0x000000008a000000, 0x000000008a000000| Untracked 
|  85|0x000000008a100000, 0x000000008a100000, 0x000000008a200000|  0%| F|  |TAMS 0x000000008a100000, 0x000000008a100000| Untracked 
|  86|0x000000008a200000, 0x000000008a200000, 0x000000008a300000|  0%| F|  |TAMS 0x000000008a200000, 0x000000008a200000| Untracked 
|  87|0x000000008a300000, 0x000000008a300000, 0x000000008a400000|  0%| F|  |TAMS 0x000000008a300000, 0x000000008a300000| Untracked 
|  88|0x000000008a400000, 0x000000008a400000, 0x000000008a500000|  0%| F|  |TAMS 0x000000008a400000, 0x000000008a400000| Untracked 
|  89|0x000000008a500000, 0x000000008a500000, 0x000000008a600000|  0%| F|  |TAMS 0x000000008a500000, 0x000000008a500000| Untracked 
|  90|0x000000008a600000, 0x000000008a600000, 0x000000008a700000|  0%| F|  |TAMS 0x000000008a600000, 0x000000008a600000| Untracked 
|  91|0x000000008a700000, 0x000000008a700000, 0x000000008a800000|  0%| F|  |TAMS 0x000000008a700000, 0x000000008a700000| Untracked 
|  92|0x000000008a800000, 0x000000008a800000, 0x000000008a900000|  0%| F|  |TAMS 0x000000008a800000, 0x000000008a800000| Untracked 
|  93|0x000000008a900000, 0x000000008a900000, 0x000000008aa00000|  0%| F|  |TAMS 0x000000008a900000, 0x000000008a900000| Untracked 
|  94|0x000000008aa00000, 0x000000008aa00000, 0x000000008ab00000|  0%| F|  |TAMS 0x000000008aa00000, 0x000000008aa00000| Untracked 
|  95|0x000000008ab00000, 0x000000008ab00000, 0x000000008ac00000|  0%| F|  |TAMS 0x000000008ab00000, 0x000000008ab00000| Untracked 
|  96|0x000000008ac00000, 0x000000008ac00000, 0x000000008ad00000|  0%| F|  |TAMS 0x000000008ac00000, 0x000000008ac00000| Untracked 
|  97|0x000000008ad00000, 0x000000008ad00000, 0x000000008ae00000|  0%| F|  |TAMS 0x000000008ad00000, 0x000000008ad00000| Untracked 
|  98|0x000000008ae00000, 0x000000008ae00000, 0x000000008af00000|  0%| F|  |TAMS 0x000000008ae00000, 0x000000008ae00000| Untracked 
|  99|0x000000008af00000, 0x000000008af00000, 0x000000008b000000|  0%| F|  |TAMS 0x000000008af00000, 0x000000008af00000| Untracked 
| 100|0x000000008b000000, 0x000000008b000000, 0x000000008b100000|  0%| F|  |TAMS 0x000000008b000000, 0x000000008b000000| Untracked 
| 101|0x000000008b100000, 0x000000008b100000, 0x000000008b200000|  0%| F|  |TAMS 0x000000008b100000, 0x000000008b100000| Untracked 
| 102|0x000000008b200000, 0x000000008b200000, 0x000000008b300000|  0%| F|  |TAMS 0x000000008b200000, 0x000000008b200000| Untracked 
| 103|0x000000008b300000, 0x000000008b300000, 0x000000008b400000|  0%| F|  |TAMS 0x000000008b300000, 0x000000008b300000| Untracked 
| 104|0x000000008b400000, 0x000000008b400000, 0x000000008b500000|  0%| F|  |TAMS 0x000000008b400000, 0x000000008b400000| Untracked 
| 105|0x000000008b500000, 0x000000008b500000, 0x000000008b600000|  0%| F|  |TAMS 0x000000008b500000, 0x000000008b500000| Untracked 
| 106|0x000000008b600000, 0x000000008b600000, 0x000000008b700000|  0%| F|  |TAMS 0x000000008b600000, 0x000000008b600000| Untracked 
| 107|0x000000008b700000, 0x000000008b700000, 0x000000008b800000|  0%| F|  |TAMS 0x000000008b700000, 0x000000008b700000| Untracked 
| 108|0x000000008b800000, 0x000000008b800000, 0x000000008b900000|  0%| F|  |TAMS 0x000000008b800000, 0x000000008b800000| Untracked 
| 109|0x000000008b900000, 0x000000008b900000, 0x000000008ba00000|  0%| F|  |TAMS 0x000000008b900000, 0x000000008b900000| Untracked 
| 110|0x000000008ba00000, 0x000000008ba00000, 0x000000008bb00000|  0%| F|  |TAMS 0x000000008ba00000, 0x000000008ba00000| Untracked 
| 111|0x000000008bb00000, 0x000000008bb00000, 0x000000008bc00000|  0%| F|  |TAMS 0x000000008bb00000, 0x000000008bb00000| Untracked 
| 112|0x000000008bc00000, 0x000000008bc00000, 0x000000008bd00000|  0%| F|  |TAMS 0x000000008bc00000, 0x000000008bc00000| Untracked 
| 113|0x000000008bd00000, 0x000000008bd00000, 0x000000008be00000|  0%| F|  |TAMS 0x000000008bd00000, 0x000000008bd00000| Untracked 
| 114|0x000000008be00000, 0x000000008be00000, 0x000000008bf00000|  0%| F|  |TAMS 0x000000008be00000, 0x000000008be00000| Untracked 
| 115|0x000000008bf00000, 0x000000008bf00000, 0x000000008c000000|  0%| F|  |TAMS 0x000000008bf00000, 0x000000008bf00000| Untracked 
| 116|0x000000008c000000, 0x000000008c000000, 0x000000008c100000|  0%| F|  |TAMS 0x000000008c000000, 0x000000008c000000| Untracked 
| 117|0x000000008c100000, 0x000000008c100000, 0x000000008c200000|  0%| F|  |TAMS 0x000000008c100000, 0x000000008c100000| Untracked 
| 118|0x000000008c200000, 0x000000008c200000, 0x000000008c300000|  0%| F|  |TAMS 0x000000008c200000, 0x000000008c200000| Untracked 
| 119|0x000000008c300000, 0x000000008c300000, 0x000000008c400000|  0%| F|  |TAMS 0x000000008c300000, 0x000000008c300000| Untracked 
| 120|0x000000008c400000, 0x000000008c400000, 0x000000008c500000|  0%| F|  |TAMS 0x000000008c400000, 0x000000008c400000| Untracked 
| 121|0x000000008c500000, 0x000000008c585a28, 0x000000008c600000| 52%| E|  |TAMS 0x000000008c500000, 0x000000008c500000| Complete 
| 122|0x000000008c600000, 0x000000008c700000, 0x000000008c700000|100%| E|CS|TAMS 0x000000008c600000, 0x000000008c600000| Complete 
| 123|0x000000008c700000, 0x000000008c800000, 0x000000008c800000|100%| E|CS|TAMS 0x000000008c700000, 0x000000008c700000| Complete 

Card table byte_map: [0x00000255fa340000,0x00000255fa720000] _byte_map_base: 0x00000255f9f1a000

Marking Bits (Prev, Next): (CMBitMap*) 0x00000255f26903b0, (CMBitMap*) 0x00000255f26903f0
 Prev Bits: [0x00000255fab00000, 0x00000255fc9d0000)
 Next Bits: [0x00000255fc9d0000, 0x00000255fe8a0000)

Polling page: 0x00000255f07c0000

Metaspace:

Usage:
  Non-class:      7.03 MB used.
      Class:    672.20 KB used.
       Both:      7.68 MB used.

Virtual space:
  Non-class space:       64.00 MB reserved,       7.06 MB ( 11%) committed,  1 nodes.
      Class space:        1.00 GB reserved,     768.00 KB ( <1%) committed,  1 nodes.
             Both:        1.06 GB reserved,       7.81 MB ( <1%) committed. 

Chunk freelists:
   Non-Class:  473.00 KB
       Class:  3.22 MB
        Both:  3.69 MB

MaxMetaspaceSize: unlimited
CompressedClassSpaceSize: 1.00 GB
Initial GC threshold: 21.00 MB
Current GC threshold: 21.00 MB
CDS: off
MetaspaceReclaimPolicy: balanced
 - commit_granule_bytes: 65536.
 - commit_granule_words: 8192.
 - virtual_space_node_default_size: 8388608.
 - enlarge_chunks_in_place: 1.
 - new_chunks_are_fully_committed: 0.
 - uncommit_free_chunks: 1.
 - use_allocation_guard: 0.


Internal statistics:

num_allocs_failed_limit: 0.
num_arena_births: 46.
num_arena_deaths: 0.
num_vsnodes_births: 2.
num_vsnodes_deaths: 0.
num_space_committed: 125.
num_space_uncommitted: 0.
num_chunks_returned_to_freelist: 0.
num_chunks_taken_from_freelist: 64.
num_chunk_merges: 0.
num_chunk_splits: 37.
num_chunks_enlarged: 21.
num_inconsistent_stats: 0.

CodeHeap 'non-profiled nmethods': size=120000Kb used=110Kb max_used=110Kb free=119889Kb
 bounds [0x0000025587ad0000, 0x0000025587d40000, 0x000002558f000000]
CodeHeap 'profiled nmethods': size=120000Kb used=391Kb max_used=391Kb free=119608Kb
 bounds [0x00000255805a0000, 0x0000025580810000, 0x0000025587ad0000]
CodeHeap 'non-nmethods': size=5760Kb used=1145Kb max_used=1145Kb free=4614Kb
 bounds [0x0000025580000000, 0x0000025580270000, 0x00000255805a0000]
 total_blobs=735 nmethods=329 adapters=319
 compilation: enabled
              stopped_count=0, restarted_count=0
 full_count=0

Compilation events (20 events):
Event: 0.275 Thread 0x00000255feda3c70 nmethod 317 0x00000255805fce10 code [0x00000255805fcfc0, 0x00000255805fd1f8]
Event: 0.275 Thread 0x00000255feda3c70  318       3       jdk.internal.org.objectweb.asm.Frame::pop (42 bytes)
Event: 0.275 Thread 0x00000255feda3c70 nmethod 318 0x00000255805fd310 code [0x00000255805fd4c0, 0x00000255805fd678]
Event: 0.275 Thread 0x00000255feda3c70  313       3       jdk.internal.org.objectweb.asm.ByteVector::putInt (74 bytes)
Event: 0.275 Thread 0x00000255feda3c70 nmethod 313 0x00000255805fd790 code [0x00000255805fd940, 0x00000255805fdba8]
Event: 0.275 Thread 0x00000255feda3c70  320       3       jdk.internal.org.objectweb.asm.Handler::getExceptionTableLength (21 bytes)
Event: 0.275 Thread 0x00000255feda3c70 nmethod 320 0x00000255805fdd10 code [0x00000255805fdea0, 0x00000255805fe038]
Event: 0.276 Thread 0x00000255feda3c70  324       3       java.lang.invoke.LambdaForm$Name::isParam (13 bytes)
Event: 0.276 Thread 0x00000255feda3c70 nmethod 324 0x00000255805fe110 code [0x00000255805fe2a0, 0x00000255805fe418]
Event: 0.276 Thread 0x00000255feda3c70  326       3       jdk.internal.org.objectweb.asm.SymbolTable::addType (81 bytes)
Event: 0.277 Thread 0x00000255feda3c70 nmethod 326 0x00000255805fe490 code [0x00000255805fe6a0, 0x00000255805febf8]
Event: 0.277 Thread 0x00000255feda3c70  329       3       jdk.internal.org.objectweb.asm.Frame::pop (44 bytes)
Event: 0.277 Thread 0x00000255feda3c70 nmethod 329 0x00000255805fee90 code [0x00000255805ff020, 0x00000255805ff1b8]
Event: 0.277 Thread 0x00000255feda3c70  328       3       sun.invoke.util.Wrapper::forPrimitiveType (49 bytes)
Event: 0.278 Thread 0x00000255feda3c70 nmethod 328 0x00000255805ff290 code [0x00000255805ff600, 0x0000025580600c28]
Event: 0.278 Thread 0x00000255feda3c70  327       3       java.lang.invoke.InvokerBytecodeGenerator::getInternalName (103 bytes)
Event: 0.278 Thread 0x00000255feda3c70 nmethod 327 0x0000025580601490 code [0x00000255806016a0, 0x0000025580601bf8]
Event: 0.278 Thread 0x00000255feda3290 nmethod 319 0x0000025587aead10 code [0x0000025587aeaec0, 0x0000025587aeb238]
Event: 0.278 Thread 0x00000255feda3290  322       4       java.lang.String::length (11 bytes)
Event: 0.279 Thread 0x00000255feda3290 nmethod 322 0x0000025587aeb590 code [0x0000025587aeb700, 0x0000025587aeb798]

GC Heap History (0 events):
No events

Deoptimization events (0 events):
No events

Classes loaded (20 events):
Event: 0.287 Loading class java/util/concurrent/atomic/AtomicBoolean done
Event: 0.287 Loading class java/lang/invoke/VarHandles
Event: 0.287 Loading class java/lang/invoke/VarHandles done
Event: 0.287 Loading class java/lang/invoke/VarHandles$1
Event: 0.287 Loading class java/lang/ClassValue
Event: 0.288 Loading class java/lang/ClassValue done
Event: 0.288 Loading class java/lang/invoke/VarHandles$1 done
Event: 0.288 Loading class java/lang/ClassValue$Entry
Event: 0.288 Loading class java/lang/ClassValue$Entry done
Event: 0.288 Loading class java/lang/ClassValue$Identity
Event: 0.288 Loading class java/lang/ClassValue$Identity done
Event: 0.288 Loading class java/lang/ClassValue$Version
Event: 0.288 Loading class java/lang/ClassValue$Version done
Event: 0.288 Loading class java/lang/invoke/VarHandleInts$FieldInstanceReadWrite
Event: 0.288 Loading class java/lang/invoke/VarHandleInts$FieldInstanceReadOnly
Event: 0.288 Loading class java/lang/invoke/VarHandleInts$FieldInstanceReadOnly done
Event: 0.288 Loading class java/lang/invoke/VarHandleInts$FieldInstanceReadWrite done
Event: 0.288 Loading class java/lang/invoke/VarHandleGuards
Event: 0.288 Loading class java/lang/invoke/VarHandleGuards done
Event: 0.289 Loading class java/lang/invoke/VarForm

Classes unloaded (0 events):
No events

Classes redefined (0 events):
No events

Internal exceptions (7 events):
Event: 0.187 Thread 0x00000255f26313f0 Exception <a 'sun/nio/fs/WindowsException'{0x000000008c653a28}> (0x000000008c653a28) 
thrown [s\open\src\hotspot\share\prims\jni.cpp, line 516]
Event: 0.188 Thread 0x00000255f26313f0 Exception <a 'sun/nio/fs/WindowsException'{0x000000008c653f48}> (0x000000008c653f48) 
thrown [s\open\src\hotspot\share\prims\jni.cpp, line 516]
Event: 0.191 Thread 0x00000255f26313f0 Exception <a 'sun/nio/fs/WindowsException'{0x000000008c6561f0}> (0x000000008c6561f0) 
thrown [s\open\src\hotspot\share\prims\jni.cpp, line 516]
Event: 0.191 Thread 0x00000255f26313f0 Exception <a 'sun/nio/fs/WindowsException'{0x000000008c656c40}> (0x000000008c656c40) 
thrown [s\open\src\hotspot\share\prims\jni.cpp, line 516]
Event: 0.242 Thread 0x00000255f26313f0 Exception <a 'java/lang/ClassNotFoundException'{0x000000008c6f2918}: sun/awt/resources/spi/awtProvider> (0x000000008c6f2918) 
thrown [s\open\src\hotspot\share\classfile\systemDictionary.cpp, line 255]
Event: 0.270 Thread 0x00000255f26313f0 Exception <a 'java/io/FileNotFoundException'{0x000000008c548428}> (0x000000008c548428) 
thrown [s\open\src\hotspot\share\prims\jni.cpp, line 516]
Event: 0.277 Thread 0x00000255f26313f0 Exception <a 'java/io/FileNotFoundException'{0x000000008c5753e8}> (0x000000008c5753e8) 
thrown [s\open\src\hotspot\share\prims\jni.cpp, line 516]

VM Operations (2 events):
Event: 0.193 Executing VM operation: HandshakeAllThreads
Event: 0.193 Executing VM operation: HandshakeAllThreads done

Events (18 events):
Event: 0.011 Loaded shared library C:\Program Files\Java\jdk-18.0.2\bin\java.dll
Event: 0.058 Loaded shared library C:\Program Files\Java\jdk-18.0.2\bin\jsvml.dll
Event: 0.059 Thread 0x00000255f26313f0 Thread added: 0x00000255f26313f0
Event: 0.066 Thread 0x00000255fed87010 Thread added: 0x00000255fed87010
Event: 0.066 Thread 0x00000255fed8add0 Thread added: 0x00000255fed8add0
Event: 0.089 Thread 0x00000255fedc1180 Thread added: 0x00000255fedc1180
Event: 0.089 Thread 0x00000255fedc1b20 Thread added: 0x00000255fedc1b20
Event: 0.089 Thread 0x00000255fedc24c0 Thread added: 0x00000255fedc24c0
Event: 0.089 Thread 0x00000255feda20a0 Thread added: 0x00000255feda20a0
Event: 0.089 Thread 0x00000255feda3290 Thread added: 0x00000255feda3290
Event: 0.089 Thread 0x00000255feda3c70 Thread added: 0x00000255feda3c70
Event: 0.089 Thread 0x0000025595142b10 Thread added: 0x0000025595142b10
Event: 0.156 Thread 0x000002559529a870 Thread added: 0x000002559529a870
Event: 0.182 Loaded shared library C:\Program Files\Java\jdk-18.0.2\bin\net.dll
Event: 0.183 Loaded shared library C:\Program Files\Java\jdk-18.0.2\bin\nio.dll
Event: 0.203 Thread 0x00000255953ea530 Thread added: 0x00000255953ea530
Event: 0.228 Loaded shared library C:\Program Files\Java\jdk-18.0.2\bin\jimage.dll
Event: 0.256 Loaded shared library C:\Program Files\Java\jdk-18.0.2\bin\awt.dll


Dynamic libraries:
0x00007ff6399f0000 - 0x00007ff639a00000 	C:\Program Files\Java\jdk-18.0.2\bin\java.exe
0x00007ffe48fb0000 - 0x00007ffe491c6000 	C:\WINDOWS\SYSTEM32\ntdll.dll
0x00007ffe485b0000 - 0x00007ffe48674000 	C:\WINDOWS\System32\KERNEL32.DLL
0x00007ffe466c0000 - 0x00007ffe46a66000 	C:\WINDOWS\System32\KERNELBASE.dll
0x00007ffe46390000 - 0x00007ffe464a1000 	C:\WINDOWS\System32\ucrtbase.dll
0x00007ffe3e9b0000 - 0x00007ffe3e9ca000 	C:\Program Files\Java\jdk-18.0.2\bin\VCRUNTIME140.dll
0x00007ffe1a2f0000 - 0x00007ffe1a308000 	C:\Program Files\Java\jdk-18.0.2\bin\jli.dll
0x00007ffe47a60000 - 0x00007ffe47b12000 	C:\WINDOWS\System32\ADVAPI32.dll
0x00007ffe46d00000 - 0x00007ffe46da7000 	C:\WINDOWS\System32\msvcrt.dll
0x00007ffe46db0000 - 0x00007ffe46e58000 	C:\WINDOWS\System32\sechost.dll
0x00007ffe46690000 - 0x00007ffe466b8000 	C:\WINDOWS\System32\bcrypt.dll
0x00007ffe46eb0000 - 0x00007ffe46fc5000 	C:\WINDOWS\System32\RPCRT4.dll
0x00007ffe48400000 - 0x00007ffe485ad000 	C:\WINDOWS\System32\USER32.dll
0x00007ffe46cd0000 - 0x00007ffe46cf6000 	C:\WINDOWS\System32\win32u.dll
0x00007ffe47a30000 - 0x00007ffe47a59000 	C:\WINDOWS\System32\GDI32.dll
0x00007ffe46b30000 - 0x00007ffe46c48000 	C:\WINDOWS\System32\gdi32full.dll
0x00007ffe462f0000 - 0x00007ffe4638a000 	C:\WINDOWS\System32\msvcp_win.dll
0x00007ffe304c0000 - 0x00007ffe30753000 	C:\WINDOWS\WinSxS\amd64_microsoft.windows.common-controls_6595b64144ccf1df_6.0.22621.3235_none_270f74e173860f98\COMCTL32.dll
0x00007ffe391e0000 - 0x00007ffe391ea000 	C:\WINDOWS\SYSTEM32\VERSION.dll
0x00007ffe46e60000 - 0x00007ffe46e91000 	C:\WINDOWS\System32\IMM32.DLL
0x00007ffe3e760000 - 0x00007ffe3e76c000 	C:\Program Files\Java\jdk-18.0.2\bin\vcruntime140_1.dll
0x00007ffe2e800000 - 0x00007ffe2e88d000 	C:\Program Files\Java\jdk-18.0.2\bin\msvcp140.dll
0x00007ffde2750000 - 0x00007ffde3361000 	C:\Program Files\Java\jdk-18.0.2\bin\server\jvm.dll
0x00007ffe47b30000 - 0x00007ffe47b38000 	C:\WINDOWS\System32\PSAPI.DLL
0x00007ffe3fd40000 - 0x00007ffe3fd49000 	C:\WINDOWS\SYSTEM32\WSOCK32.dll
0x00007ffe489d0000 - 0x00007ffe48a41000 	C:\WINDOWS\System32\WS2_32.dll
0x00007ffe39220000 - 0x00007ffe39254000 	C:\WINDOWS\SYSTEM32\WINMM.dll
0x00007ffe453f0000 - 0x00007ffe45408000 	C:\WINDOWS\SYSTEM32\kernel.appcore.dll
0x00007ffe3e6e0000 - 0x00007ffe3e6ea000 	C:\Program Files\Java\jdk-18.0.2\bin\jimage.dll
0x00007ffe43bd0000 - 0x00007ffe43e03000 	C:\WINDOWS\SYSTEM32\DBGHELP.DLL
0x00007ffe47030000 - 0x00007ffe473b8000 	C:\WINDOWS\System32\combase.dll
0x00007ffe47470000 - 0x00007ffe47547000 	C:\WINDOWS\System32\OLEAUT32.dll
0x00007ffe26d70000 - 0x00007ffe26da2000 	C:\WINDOWS\SYSTEM32\dbgcore.DLL
0x00007ffe46c50000 - 0x00007ffe46cca000 	C:\WINDOWS\System32\bcryptPrimitives.dll
0x00007ffe3e6f0000 - 0x00007ffe3e715000 	C:\Program Files\Java\jdk-18.0.2\bin\java.dll
0x00007ffe2d6d0000 - 0x00007ffe2d7a6000 	C:\Program Files\Java\jdk-18.0.2\bin\jsvml.dll
0x00007ffe47ba0000 - 0x00007ffe483fd000 	C:\WINDOWS\System32\SHELL32.dll
0x00007ffe44200000 - 0x00007ffe44af8000 	C:\WINDOWS\SYSTEM32\windows.storage.dll
0x00007ffe440c0000 - 0x00007ffe441fe000 	C:\WINDOWS\SYSTEM32\wintypes.dll
0x00007ffe48e70000 - 0x00007ffe48f63000 	C:\WINDOWS\System32\SHCORE.dll
0x00007ffe46fd0000 - 0x00007ffe4702e000 	C:\WINDOWS\System32\shlwapi.dll
0x00007ffe46220000 - 0x00007ffe46246000 	C:\WINDOWS\SYSTEM32\profapi.dll
0x00007ffe3e6c0000 - 0x00007ffe3e6d3000 	C:\Program Files\Java\jdk-18.0.2\bin\net.dll
0x00007ffe3bfe0000 - 0x00007ffe3c117000 	C:\WINDOWS\SYSTEM32\WINHTTP.dll
0x00007ffe45880000 - 0x00007ffe458e9000 	C:\WINDOWS\system32\mswsock.dll
0x00007ffe3e6a0000 - 0x00007ffe3e6b6000 	C:\Program Files\Java\jdk-18.0.2\bin\nio.dll
0x00007ffe2d0a0000 - 0x00007ffe2d22f000 	C:\Program Files\Java\jdk-18.0.2\bin\awt.dll
0x00007ffe40770000 - 0x00007ffe40807000 	C:\WINDOWS\SYSTEM32\apphelp.dll

dbghelp: loaded successfully - version: 4.0.5 - missing functions: none
symbol engine: initialized successfully - sym options: 0x614 - pdb path: .;C:\Program Files\Java\jdk-18.0.2\bin;C:\WINDOWS\SYSTEM32;C:\WINDOWS\WinSxS\amd64_microsoft.windows.common-controls_6595b64144ccf1df_6.0.22621.3235_none_270f74e173860f98;C:\Program Files\Java\jdk-18.0.2\bin\server

VM Arguments:
jvm_args: -Dfile.encoding=UTF-8 --module-path=C:\Users\Suhai\Desktop\Electricity Billing System\build\classes 
java_command: electricity.billing.system.Window
java_class_path (initial): C:\Users\Suhai\Desktop\Electricity Billing System\build\classes
Launcher Type: SUN_STANDARD

[Global flags]
     intx CICompilerCount                          = 3                                         {product} {ergonomic}
     uint ConcGCThreads                            = 1                                         {product} {ergonomic}
     uint G1ConcRefinementThreads                  = 4                                         {product} {ergonomic}
   size_t G1HeapRegionSize                         = 1048576                                   {product} {ergonomic}
    uintx GCDrainStackTargetSize                   = 64                                        {product} {ergonomic}
   size_t InitialHeapSize                          = 130023424                                 {product} {ergonomic}
   size_t MarkStackSize                            = 4194304                                   {product} {ergonomic}
   size_t MaxHeapSize                              = 2067791872                                {product} {ergonomic}
   size_t MaxNewSize                               = 1240465408                                {product} {ergonomic}
   size_t MinHeapDeltaBytes                        = 1048576                                   {product} {ergonomic}
   size_t MinHeapSize                              = 8388608                                   {product} {ergonomic}
    uintx NonNMethodCodeHeapSize                   = 5832780                                {pd product} {ergonomic}
    uintx NonProfiledCodeHeapSize                  = 122912730                              {pd product} {ergonomic}
    uintx ProfiledCodeHeapSize                     = 122912730                              {pd product} {ergonomic}
    uintx ReservedCodeCacheSize                    = 251658240                              {pd product} {ergonomic}
     bool SegmentedCodeCache                       = true                                      {product} {ergonomic}
   size_t SoftMaxHeapSize                          = 2067791872                             {manageable} {ergonomic}
     bool UseCompressedClassPointers               = true                           {product lp64_product} {ergonomic}
     bool UseCompressedOops                        = true                           {product lp64_product} {ergonomic}
     bool UseG1GC                                  = true                                      {product} {ergonomic}
     bool UseLargePagesIndividualAllocation        = false                                  {pd product} {ergonomic}

Logging:
Log output configuration:
 #0: stdout all=warning uptime,level,tags foldmultilines=false
 #1: stderr all=off uptime,level,tags foldmultilines=false

Environment Variables:
JAVA_HOME=C:\Program Files\Java\jdk-18.0.2
PATH=C:\Program Files\Common Files\Oracle\Java\javapath;C:\WINDOWS\system32;C:\WINDOWS;C:\WINDOWS\System32\Wbem;C:\WINDOWS\System32\WindowsPowerShell\v1.0\;C:\WINDOWS\System32\OpenSSH\;C:\Program Files (x86)\Common Files\Acronis\SnapAPI\;%JAVA_HOME%\bin\;C:\Program Files\dotnet\;C:\Program Files\Git\cmd;C:\Program Files\MySQL\MySQL Shell 8.0\bin\;C:\Users\Suhai\AppData\Local\Microsoft\WindowsApps;C:\Program Files\JetBrains\IntelliJ IDEA Community Edition 2022.1.4\bin;C:\Users\Suhai\.dotnet\tools;C:\Users\Suhai\AppData\Local\Programs\Microsoft VS Code\bin;C:\Users\Suhai\AppData\Local\Programs\Hyper\resources\bin
USERNAME=Suhai
OS=Windows_NT
PROCESSOR_IDENTIFIER=Intel64 Family 6 Model 140 Stepping 1, GenuineIntel



---------------  S Y S T E M  ---------------

OS:
 Windows 11 , 64 bit Build 22621 (10.0.22621.3235)
OS uptime: 0 days 2:23 hours
Hyper-V role detected

CPU: total 4 (initial active 4) (2 cores per cpu, 2 threads per core) family 6 model 140 stepping 1 microcode 0xa6, cx8, cmov, fxsr, ht, mmx, 3dnowpref, sse, sse2, sse3, ssse3, sse4.1, sse4.2, popcnt, lzcnt, tsc, tscinvbit, avx, avx2, aes, erms, clmul, bmi1, bmi2, adx, avx512f, avx512dq, avx512cd, avx512bw, avx512vl, sha, fma, vzeroupper, avx512_vpopcntdq, avx512_vpclmulqdq, avx512_vaes, avx512_vnni, clflush, clflushopt, clwb, avx512_vbmi2, avx512_vbmi, hv

Memory: 4k page, system-wide physical 7886M (373M free)
TotalPageFile size 26227M (AvailPageFile size 48M)
current process WorkingSet (physical memory assigned to process): 36M, peak: 36M
current process commit charge ("private bytes"): 196M, peak: 196M

vm_info: Java HotSpot(TM) 64-Bit Server VM (18.0.2+9-61) for windows-amd64 JRE (18.0.2+9-61), built on Jun  7 2022 13:09:01 by "mach5one" with MS VC++ 16.8 / 16.9 (VS2019)

END.
