#
# There is insufficient memory for the Java Runtime Environment to continue.
# Native memory allocation (mmap) failed to map 34603008 bytes for G1 virtual space
# Possible reasons:
#   The system is out of physical RAM or swap space
#   The process is running with CompressedOops enabled, and the Java Heap may be blocking the growth of the native heap
# Possible solutions:
#   Reduce memory load on the system
#   Increase physical memory or swap space
#   Check if swap backing store is full
#   Decrease Java heap size (-Xmx/-Xms)
#   Decrease number of Java threads
#   Decrease Java thread stack sizes (-Xss)
#   Set larger code cache with -XX:ReservedCodeCacheSize=
#   JVM is running with Unscaled Compressed Oops mode in which the Java heap is
#     placed in the first 4GB address space. The Java Heap base address is the
#     maximum limit for the native heap growth. Please use -XX:HeapBaseMinAddress
#     to set the Java Heap base and to place the Java Heap above 4GB virtual address.
# This output file may be truncated or incomplete.
#
#  Out of Memory Error (os_windows.cpp:3530), pid=10216, tid=19564
#
# JRE version: Java(TM) SE Runtime Environment (18.0.2+9) (build 18.0.2+9-61)
# Java VM: Java HotSpot(TM) 64-Bit Server VM (18.0.2+9-61, mixed mode, sharing, tiered, compressed oops, compressed class ptrs, g1 gc, windows-amd64)
# No core dump will be written. Minidumps are not enabled by default on client versions of Windows
#

---------------  S U M M A R Y ------------

Command Line: -Dfile.encoding=UTF-8 --module-path=C:\Users\Suhai\Desktop\Electricity Billing System\build\classes electricity.billing.system.Window

Host: 11th Gen Intel(R) Core(TM) i3-1115G4 @ 3.00GHz, 4 cores, 7G,  Windows 11 , 64 bit Build 22621 (10.0.22621.3235)
Time: Fri Apr  5 23:10:24 2024 India Standard Time elapsed time: 0.613589 seconds (0d 0h 0m 0s)

---------------  T H R E A D  ---------------

Current thread (0x0000027a3be7c580):  VMThread "VM Thread" [stack: 0x0000007f5f400000,0x0000007f5f500000] [id=19564]

Stack: [0x0000007f5f400000,0x0000007f5f500000]
Native frames: (J=compiled Java code, j=interpreted, Vv=VM code, C=native code)
V  [jvm.dll+0x6993ca]
V  [jvm.dll+0x7f481d]
V  [jvm.dll+0x7f612e]
V  [jvm.dll+0x7f67e3]
V  [jvm.dll+0x25cdaf]
V  [jvm.dll+0x696319]
V  [jvm.dll+0x68ae4a]
V  [jvm.dll+0x3223eb]
V  [jvm.dll+0x329dc6]
V  [jvm.dll+0x37eade]
V  [jvm.dll+0x37ed0f]
V  [jvm.dll+0x2fa16a]
V  [jvm.dll+0x2fa217]
V  [jvm.dll+0x33e752]
V  [jvm.dll+0x33ccf4]
V  [jvm.dll+0x2f9940]
V  [jvm.dll+0x33c5ed]
V  [jvm.dll+0x7fb5cb]
V  [jvm.dll+0x7fc364]
V  [jvm.dll+0x7fc89c]
V  [jvm.dll+0x7fccf4]
V  [jvm.dll+0x7fcdb7]
V  [jvm.dll+0x7a125a]
V  [jvm.dll+0x698275]
C  [ucrtbase.dll+0x29363]
C  [KERNEL32.DLL+0x1257d]
C  [ntdll.dll+0x5aa58]

VM_Operation (0x0000007f604fdd20): G1TryInitiateConcMark, mode: safepoint, requested by thread 0x0000027a5fb2e7e0


---------------  P R O C E S S  ---------------

Threads class SMR info:
_java_thread_list=0x0000027a5fb12c30, length=16, elements={
0x0000027a3bdbbfe0, 0x0000027a5b42c650, 0x0000027a5b42cff0, 0x0000027a5b448010,
0x0000027a5b4489b0, 0x0000027a5b44b570, 0x0000027a5b44bf10, 0x0000027a5b44cbe0,
0x0000027a5b45b3b0, 0x0000027a5b46f8a0, 0x0000027a5b418560, 0x0000027a5f9258e0,
0x0000027a5f979970, 0x0000027a5faa75c0, 0x0000027a5faae550, 0x0000027a5fb2e7e0
}

Java Threads: ( => current thread )
  0x0000027a3bdbbfe0 JavaThread "main" [_thread_blocked, id=14008, stack(0x0000007f5ee00000,0x0000007f5ef00000)]
  0x0000027a5b42c650 JavaThread "Reference Handler" daemon [_thread_blocked, id=2928, stack(0x0000007f5f500000,0x0000007f5f600000)]
  0x0000027a5b42cff0 JavaThread "Finalizer" daemon [_thread_blocked, id=19464, stack(0x0000007f5f600000,0x0000007f5f700000)]
  0x0000027a5b448010 JavaThread "Signal Dispatcher" daemon [_thread_blocked, id=16448, stack(0x0000007f5f700000,0x0000007f5f800000)]
  0x0000027a5b4489b0 JavaThread "Attach Listener" daemon [_thread_blocked, id=19940, stack(0x0000007f5f800000,0x0000007f5f900000)]
  0x0000027a5b44b570 JavaThread "Service Thread" daemon [_thread_blocked, id=16204, stack(0x0000007f5f900000,0x0000007f5fa00000)]
  0x0000027a5b44bf10 JavaThread "Monitor Deflation Thread" daemon [_thread_blocked, id=12460, stack(0x0000007f5fa00000,0x0000007f5fb00000)]
  0x0000027a5b44cbe0 JavaThread "C2 CompilerThread0" daemon [_thread_blocked, id=19316, stack(0x0000007f5fb00000,0x0000007f5fc00000)]
  0x0000027a5b45b3b0 JavaThread "C1 CompilerThread0" daemon [_thread_blocked, id=1352, stack(0x0000007f5fc00000,0x0000007f5fd00000)]
  0x0000027a5b46f8a0 JavaThread "Sweeper thread" daemon [_thread_blocked, id=11784, stack(0x0000007f5fd00000,0x0000007f5fe00000)]
  0x0000027a5b418560 JavaThread "Common-Cleaner" daemon [_thread_blocked, id=19036, stack(0x0000007f5fe00000,0x0000007f5ff00000)]
  0x0000027a5f9258e0 JavaThread "Notification Thread" daemon [_thread_blocked, id=8972, stack(0x0000007f5ff00000,0x0000007f60000000)]
  0x0000027a5f979970 JavaThread "Java2D Disposer" daemon [_thread_blocked, id=16464, stack(0x0000007f60100000,0x0000007f60200000)]
  0x0000027a5faa75c0 JavaThread "AWT-Shutdown" [_thread_blocked, id=15296, stack(0x0000007f60200000,0x0000007f60300000)]
  0x0000027a5faae550 JavaThread "AWT-Windows" daemon [_thread_in_native, id=9924, stack(0x0000007f60300000,0x0000007f60400000)]
  0x0000027a5fb2e7e0 JavaThread "Image Fetcher 0" daemon [_thread_blocked, id=20268, stack(0x0000007f60400000,0x0000007f60500000)]

Other Threads:
=>0x0000027a3be7c580 VMThread "VM Thread" [stack: 0x0000007f5f400000,0x0000007f5f500000] [id=19564]
  0x0000027a5f92eda0 WatcherThread "VM Periodic Task Thread" [stack: 0x0000007f60000000,0x0000007f60100000] [id=20064]
  0x0000027a3be5ffa0 WorkerThread "GC Thread#0" [stack: 0x0000007f5ef00000,0x0000007f5f000000] [id=11620]
  0x0000027a5fb56fa0 WorkerThread "GC Thread#1" [stack: 0x0000007f60500000,0x0000007f60600000] [id=16056]
  0x0000027a5fb57240 WorkerThread "GC Thread#2" [stack: 0x0000007f60600000,0x0000007f60700000] [id=18412]
  0x0000027a5fb574e0 WorkerThread "GC Thread#3" [stack: 0x0000007f60700000,0x0000007f60800000] [id=3452]
  0x0000027a3be70450 ConcurrentGCThread "G1 Main Marker" [stack: 0x0000007f5f000000,0x0000007f5f100000] [id=7660]
  0x0000027a3be70d40 WorkerThread "G1 Conc#0" [stack: 0x0000007f5f100000,0x0000007f5f200000] [id=20176]
  0x0000027a3beb4660 ConcurrentGCThread "G1 Refine#0" [stack: 0x0000007f5f200000,0x0000007f5f300000] [id=14792]
  0x0000027a3beb4f70 ConcurrentGCThread "G1 Service" [stack: 0x0000007f5f300000,0x0000007f5f400000] [id=8268]

Threads with active compile tasks:

VM state: at safepoint (normal execution)

VM Mutex/Monitor currently owned by a thread:  ([mutex/lock_event])
[0x0000027a3be00f00] Threads_lock - owner thread: 0x0000027a3be7c580
[0x0000027a3bdffbe0] Heap_lock - owner thread: 0x0000027a5fb2e7e0

Heap address: 0x0000000084c00000, size: 1972 MB, Compressed Oops mode: 32-bit

CDS archive(s) mapped at: [0x0000000800000000-0x0000000800ba0000-0x0000000800ba0000), size 12189696, SharedBaseAddress: 0x0000000800000000, ArchiveRelocationMode: 0.
Compressed class space mapped at: 0x0000000800c00000-0x0000000840c00000, reserved size: 1073741824
Narrow klass base: 0x0000000800000000, Narrow klass shift: 0, Narrow klass range: 0x100000000

GC Precious Log:
 CardTable entry size: 512
 Card Set container configuration: InlinePtr #cards 5 size 8 Array Of Cards #cards 12 size 40 Howl #buckets 4 coarsen threshold 1843 Howl Bitmap #cards 512 size 80 coarsen threshold 460 Card regions per heap region 1 cards per card region 2048
 CPUs: 4 total, 4 available
 Memory: 7886M
 Large Page Support: Disabled
 NUMA Support: Disabled
 Compressed Oops: Enabled (32-bit)
 Heap Region Size: 1M
 Heap Min Capacity: 8M
 Heap Initial Capacity: 124M
 Heap Max Capacity: 1972M
 Pre-touch: Disabled
 Parallel Workers: 4
 Concurrent Workers: 1
 Concurrent Refinement Workers: 4
 Periodic GC: Disabled

Heap:
 garbage-first heap   total 167936K, used 97559K [0x0000000084c00000, 0x0000000100000000)
  region size 1024K, 1 young (1024K), 1 survivors (1024K)
 Metaspace       used 4685K, committed 4864K, reserved 1114112K
  class space    used 486K, committed 576K, reserved 1048576K

Heap Regions: E=young(eden), S=young(survivor), O=old, HS=humongous(starts), HC=humongous(continues), CS=collection set, F=free, OA=open archive, CA=closed archive, TAMS=top-at-mark-start (previous, next)
|   0|0x0000000084c00000, 0x0000000084d00000, 0x0000000084d00000|100%| O|  |TAMS 0x0000000084d00000, 0x0000000084d00000| Untracked 
|   1|0x0000000084d00000, 0x0000000084e00000, 0x0000000084e00000|100%|HS|  |TAMS 0x0000000084e00000, 0x0000000084e00000| Complete 
|   2|0x0000000084e00000, 0x0000000084f00000, 0x0000000084f00000|100%|HC|  |TAMS 0x0000000084f00000, 0x0000000084f00000| Complete 
|   3|0x0000000084f00000, 0x0000000085000000, 0x0000000085000000|100%|HC|  |TAMS 0x0000000085000000, 0x0000000085000000| Complete 
|   4|0x0000000085000000, 0x0000000085100000, 0x0000000085100000|100%|HC|  |TAMS 0x0000000085100000, 0x0000000085100000| Complete 
|   5|0x0000000085100000, 0x0000000085200000, 0x0000000085200000|100%|HC|  |TAMS 0x0000000085200000, 0x0000000085200000| Complete 
|   6|0x0000000085200000, 0x0000000085300000, 0x0000000085300000|100%|HC|  |TAMS 0x0000000085300000, 0x0000000085300000| Complete 
|   7|0x0000000085300000, 0x0000000085400000, 0x0000000085400000|100%|HC|  |TAMS 0x0000000085400000, 0x0000000085400000| Complete 
|   8|0x0000000085400000, 0x0000000085500000, 0x0000000085500000|100%|HC|  |TAMS 0x0000000085500000, 0x0000000085500000| Complete 
|   9|0x0000000085500000, 0x0000000085600000, 0x0000000085600000|100%|HC|  |TAMS 0x0000000085600000, 0x0000000085600000| Complete 
|  10|0x0000000085600000, 0x0000000085700000, 0x0000000085700000|100%|HC|  |TAMS 0x0000000085700000, 0x0000000085700000| Complete 
|  11|0x0000000085700000, 0x0000000085800000, 0x0000000085800000|100%|HC|  |TAMS 0x0000000085800000, 0x0000000085800000| Complete 
|  12|0x0000000085800000, 0x0000000085900000, 0x0000000085900000|100%|HC|  |TAMS 0x0000000085900000, 0x0000000085900000| Complete 
|  13|0x0000000085900000, 0x0000000085a00000, 0x0000000085a00000|100%|HC|  |TAMS 0x0000000085a00000, 0x0000000085a00000| Complete 
|  14|0x0000000085a00000, 0x0000000085b00000, 0x0000000085b00000|100%|HC|  |TAMS 0x0000000085b00000, 0x0000000085b00000| Complete 
|  15|0x0000000085b00000, 0x0000000085c00000, 0x0000000085c00000|100%|HC|  |TAMS 0x0000000085c00000, 0x0000000085c00000| Complete 
|  16|0x0000000085c00000, 0x0000000085d00000, 0x0000000085d00000|100%|HC|  |TAMS 0x0000000085d00000, 0x0000000085d00000| Complete 
|  17|0x0000000085d00000, 0x0000000085e00000, 0x0000000085e00000|100%|HC|  |TAMS 0x0000000085e00000, 0x0000000085e00000| Complete 
|  18|0x0000000085e00000, 0x0000000085f00000, 0x0000000085f00000|100%|HC|  |TAMS 0x0000000085f00000, 0x0000000085f00000| Complete 
|  19|0x0000000085f00000, 0x0000000086000000, 0x0000000086000000|100%|HC|  |TAMS 0x0000000086000000, 0x0000000086000000| Complete 
|  20|0x0000000086000000, 0x0000000086100000, 0x0000000086100000|100%|HC|  |TAMS 0x0000000086100000, 0x0000000086100000| Complete 
|  21|0x0000000086100000, 0x0000000086200000, 0x0000000086200000|100%|HC|  |TAMS 0x0000000086200000, 0x0000000086200000| Complete 
|  22|0x0000000086200000, 0x0000000086300000, 0x0000000086300000|100%|HC|  |TAMS 0x0000000086300000, 0x0000000086300000| Complete 
|  23|0x0000000086300000, 0x0000000086400000, 0x0000000086400000|100%|HC|  |TAMS 0x0000000086400000, 0x0000000086400000| Complete 
|  24|0x0000000086400000, 0x0000000086500000, 0x0000000086500000|100%|HC|  |TAMS 0x0000000086500000, 0x0000000086500000| Complete 
|  25|0x0000000086500000, 0x0000000086600000, 0x0000000086600000|100%|HC|  |TAMS 0x0000000086600000, 0x0000000086600000| Complete 
|  26|0x0000000086600000, 0x0000000086700000, 0x0000000086700000|100%|HC|  |TAMS 0x0000000086700000, 0x0000000086700000| Complete 
|  27|0x0000000086700000, 0x0000000086800000, 0x0000000086800000|100%|HC|  |TAMS 0x0000000086800000, 0x0000000086800000| Complete 
|  28|0x0000000086800000, 0x0000000086900000, 0x0000000086900000|100%|HC|  |TAMS 0x0000000086900000, 0x0000000086900000| Complete 
|  29|0x0000000086900000, 0x0000000086a00000, 0x0000000086a00000|100%|HC|  |TAMS 0x0000000086a00000, 0x0000000086a00000| Complete 
|  30|0x0000000086a00000, 0x0000000086b00000, 0x0000000086b00000|100%|HC|  |TAMS 0x0000000086b00000, 0x0000000086b00000| Complete 
|  31|0x0000000086b00000, 0x0000000086c00000, 0x0000000086c00000|100%|HC|  |TAMS 0x0000000086c00000, 0x0000000086c00000| Complete 
|  32|0x0000000086c00000, 0x0000000086d00000, 0x0000000086d00000|100%|HC|  |TAMS 0x0000000086d00000, 0x0000000086d00000| Complete 
|  33|0x0000000086d00000, 0x0000000086e00000, 0x0000000086e00000|100%|HC|  |TAMS 0x0000000086e00000, 0x0000000086e00000| Complete 
|  34|0x0000000086e00000, 0x0000000086f00000, 0x0000000086f00000|100%|HC|  |TAMS 0x0000000086f00000, 0x0000000086f00000| Complete 
|  35|0x0000000086f00000, 0x0000000087000000, 0x0000000087000000|100%|HC|  |TAMS 0x0000000087000000, 0x0000000087000000| Complete 
|  36|0x0000000087000000, 0x0000000087100000, 0x0000000087100000|100%|HC|  |TAMS 0x0000000087100000, 0x0000000087100000| Complete 
|  37|0x0000000087100000, 0x0000000087200000, 0x0000000087200000|100%|HC|  |TAMS 0x0000000087200000, 0x0000000087200000| Complete 
|  38|0x0000000087200000, 0x0000000087300000, 0x0000000087300000|100%|HC|  |TAMS 0x0000000087300000, 0x0000000087300000| Complete 
|  39|0x0000000087300000, 0x0000000087400000, 0x0000000087400000|100%|HC|  |TAMS 0x0000000087400000, 0x0000000087400000| Complete 
|  40|0x0000000087400000, 0x0000000087500000, 0x0000000087500000|100%|HC|  |TAMS 0x0000000087500000, 0x0000000087500000| Complete 
|  41|0x0000000087500000, 0x0000000087600000, 0x0000000087600000|100%|HC|  |TAMS 0x0000000087600000, 0x0000000087600000| Complete 
|  42|0x0000000087600000, 0x0000000087700000, 0x0000000087700000|100%|HC|  |TAMS 0x0000000087700000, 0x0000000087700000| Complete 
|  43|0x0000000087700000, 0x0000000087800000, 0x0000000087800000|100%|HC|  |TAMS 0x0000000087800000, 0x0000000087800000| Complete 
|  44|0x0000000087800000, 0x0000000087900000, 0x0000000087900000|100%|HC|  |TAMS 0x0000000087900000, 0x0000000087900000| Complete 
|  45|0x0000000087900000, 0x0000000087a00000, 0x0000000087a00000|100%|HC|  |TAMS 0x0000000087a00000, 0x0000000087a00000| Complete 
|  46|0x0000000087a00000, 0x0000000087b00000, 0x0000000087b00000|100%|HC|  |TAMS 0x0000000087b00000, 0x0000000087b00000| Complete 
|  47|0x0000000087b00000, 0x0000000087c00000, 0x0000000087c00000|100%|HC|  |TAMS 0x0000000087c00000, 0x0000000087c00000| Complete 
|  48|0x0000000087c00000, 0x0000000087d00000, 0x0000000087d00000|100%|HC|  |TAMS 0x0000000087d00000, 0x0000000087d00000| Complete 
|  49|0x0000000087d00000, 0x0000000087e00000, 0x0000000087e00000|100%|HC|  |TAMS 0x0000000087e00000, 0x0000000087e00000| Complete 
|  50|0x0000000087e00000, 0x0000000087f00000, 0x0000000087f00000|100%|HC|  |TAMS 0x0000000087f00000, 0x0000000087f00000| Complete 
|  51|0x0000000087f00000, 0x0000000088000000, 0x0000000088000000|100%|HC|  |TAMS 0x0000000088000000, 0x0000000088000000| Complete 
|  52|0x0000000088000000, 0x0000000088100000, 0x0000000088100000|100%|HC|  |TAMS 0x0000000088100000, 0x0000000088100000| Complete 
|  53|0x0000000088100000, 0x0000000088200000, 0x0000000088200000|100%|HC|  |TAMS 0x0000000088200000, 0x0000000088200000| Complete 
|  54|0x0000000088200000, 0x0000000088300000, 0x0000000088300000|100%|HC|  |TAMS 0x0000000088300000, 0x0000000088300000| Complete 
|  55|0x0000000088300000, 0x0000000088400000, 0x0000000088400000|100%|HC|  |TAMS 0x0000000088400000, 0x0000000088400000| Complete 
|  56|0x0000000088400000, 0x0000000088500000, 0x0000000088500000|100%|HC|  |TAMS 0x0000000088500000, 0x0000000088500000| Complete 
|  57|0x0000000088500000, 0x0000000088600000, 0x0000000088600000|100%|HC|  |TAMS 0x0000000088600000, 0x0000000088600000| Complete 
|  58|0x0000000088600000, 0x0000000088700000, 0x0000000088700000|100%|HC|  |TAMS 0x0000000088700000, 0x0000000088700000| Complete 
|  59|0x0000000088700000, 0x0000000088800000, 0x0000000088800000|100%|HC|  |TAMS 0x0000000088800000, 0x0000000088800000| Complete 
|  60|0x0000000088800000, 0x0000000088900000, 0x0000000088900000|100%|HC|  |TAMS 0x0000000088900000, 0x0000000088900000| Complete 
|  61|0x0000000088900000, 0x0000000088a00000, 0x0000000088a00000|100%|HC|  |TAMS 0x0000000088a00000, 0x0000000088a00000| Complete 
|  62|0x0000000088a00000, 0x0000000088b00000, 0x0000000088b00000|100%|HC|  |TAMS 0x0000000088b00000, 0x0000000088b00000| Complete 
|  63|0x0000000088b00000, 0x0000000088c00000, 0x0000000088c00000|100%|HC|  |TAMS 0x0000000088c00000, 0x0000000088c00000| Complete 
|  64|0x0000000088c00000, 0x0000000088d00000, 0x0000000088d00000|100%|HC|  |TAMS 0x0000000088d00000, 0x0000000088d00000| Complete 
|  65|0x0000000088d00000, 0x0000000088e00000, 0x0000000088e00000|100%|HC|  |TAMS 0x0000000088e00000, 0x0000000088e00000| Complete 
|  66|0x0000000088e00000, 0x0000000088f00000, 0x0000000088f00000|100%|HC|  |TAMS 0x0000000088f00000, 0x0000000088f00000| Complete 
|  67|0x0000000088f00000, 0x0000000089000000, 0x0000000089000000|100%|HC|  |TAMS 0x0000000089000000, 0x0000000089000000| Complete 
|  68|0x0000000089000000, 0x0000000089100000, 0x0000000089100000|100%|HC|  |TAMS 0x0000000089100000, 0x0000000089100000| Complete 
|  69|0x0000000089100000, 0x0000000089200000, 0x0000000089200000|100%|HC|  |TAMS 0x0000000089200000, 0x0000000089200000| Complete 
|  70|0x0000000089200000, 0x0000000089300000, 0x0000000089300000|100%|HC|  |TAMS 0x0000000089300000, 0x0000000089300000| Complete 
|  71|0x0000000089300000, 0x0000000089400000, 0x0000000089400000|100%|HC|  |TAMS 0x0000000089400000, 0x0000000089400000| Complete 
|  72|0x0000000089400000, 0x0000000089500000, 0x0000000089500000|100%|HC|  |TAMS 0x0000000089500000, 0x0000000089500000| Complete 
|  73|0x0000000089500000, 0x0000000089600000, 0x0000000089600000|100%|HC|  |TAMS 0x0000000089600000, 0x0000000089600000| Complete 
|  74|0x0000000089600000, 0x0000000089700000, 0x0000000089700000|100%|HC|  |TAMS 0x0000000089700000, 0x0000000089700000| Complete 
|  75|0x0000000089700000, 0x0000000089800000, 0x0000000089800000|100%|HC|  |TAMS 0x0000000089800000, 0x0000000089800000| Complete 
|  76|0x0000000089800000, 0x0000000089900000, 0x0000000089900000|100%|HC|  |TAMS 0x0000000089900000, 0x0000000089900000| Complete 
|  77|0x0000000089900000, 0x0000000089a00000, 0x0000000089a00000|100%|HC|  |TAMS 0x0000000089a00000, 0x0000000089a00000| Complete 
|  78|0x0000000089a00000, 0x0000000089b00000, 0x0000000089b00000|100%|HC|  |TAMS 0x0000000089b00000, 0x0000000089b00000| Complete 
|  79|0x0000000089b00000, 0x0000000089c00000, 0x0000000089c00000|100%|HC|  |TAMS 0x0000000089c00000, 0x0000000089c00000| Complete 
|  80|0x0000000089c00000, 0x0000000089d00000, 0x0000000089d00000|100%|HC|  |TAMS 0x0000000089d00000, 0x0000000089d00000| Complete 
|  81|0x0000000089d00000, 0x0000000089e00000, 0x0000000089e00000|100%|HC|  |TAMS 0x0000000089e00000, 0x0000000089e00000| Complete 
|  82|0x0000000089e00000, 0x0000000089f00000, 0x0000000089f00000|100%|HC|  |TAMS 0x0000000089f00000, 0x0000000089f00000| Complete 
|  83|0x0000000089f00000, 0x000000008a000000, 0x000000008a000000|100%|HC|  |TAMS 0x000000008a000000, 0x000000008a000000| Complete 
|  84|0x000000008a000000, 0x000000008a100000, 0x000000008a100000|100%|HC|  |TAMS 0x000000008a100000, 0x000000008a100000| Complete 
|  85|0x000000008a100000, 0x000000008a200000, 0x000000008a200000|100%|HC|  |TAMS 0x000000008a200000, 0x000000008a200000| Complete 
|  86|0x000000008a200000, 0x000000008a300000, 0x000000008a300000|100%|HC|  |TAMS 0x000000008a300000, 0x000000008a300000| Complete 
|  87|0x000000008a300000, 0x000000008a400000, 0x000000008a400000|100%|HC|  |TAMS 0x000000008a400000, 0x000000008a400000| Complete 
|  88|0x000000008a400000, 0x000000008a500000, 0x000000008a500000|100%|HC|  |TAMS 0x000000008a500000, 0x000000008a500000| Complete 
|  89|0x000000008a500000, 0x000000008a600000, 0x000000008a600000|100%|HC|  |TAMS 0x000000008a600000, 0x000000008a600000| Complete 
|  90|0x000000008a600000, 0x000000008a700000, 0x000000008a700000|100%|HC|  |TAMS 0x000000008a700000, 0x000000008a700000| Complete 
|  91|0x000000008a700000, 0x000000008a800000, 0x000000008a800000|100%|HC|  |TAMS 0x000000008a800000, 0x000000008a800000| Complete 
|  92|0x000000008a800000, 0x000000008a900000, 0x000000008a900000|100%|HC|  |TAMS 0x000000008a900000, 0x000000008a900000| Complete 
|  93|0x000000008a900000, 0x000000008aa00000, 0x000000008aa00000|100%|HC|  |TAMS 0x000000008aa00000, 0x000000008aa00000| Complete 
|  94|0x000000008aa00000, 0x000000008ab00000, 0x000000008ab00000|100%| O|  |TAMS 0x000000008ab00000, 0x000000008ab00000| Untracked 
|  95|0x000000008ab00000, 0x000000008ab39800, 0x000000008ac00000| 22%| O|  |TAMS 0x000000008ab39800, 0x000000008ab39800| Untracked 
|  96|0x000000008ac00000, 0x000000008ac00000, 0x000000008ad00000|  0%| F|  |TAMS 0x000000008ac00000, 0x000000008ac00000| Untracked 
|  97|0x000000008ad00000, 0x000000008ad00000, 0x000000008ae00000|  0%| F|  |TAMS 0x000000008ad00000, 0x000000008ad00000| Untracked 
|  98|0x000000008ae00000, 0x000000008ae00000, 0x000000008af00000|  0%| F|  |TAMS 0x000000008ae00000, 0x000000008ae00000| Untracked 
|  99|0x000000008af00000, 0x000000008af00000, 0x000000008b000000|  0%| F|  |TAMS 0x000000008af00000, 0x000000008af00000| Untracked 
| 100|0x000000008b000000, 0x000000008b000000, 0x000000008b100000|  0%| F|  |TAMS 0x000000008b000000, 0x000000008b000000| Untracked 
| 101|0x000000008b100000, 0x000000008b100000, 0x000000008b200000|  0%| F|  |TAMS 0x000000008b100000, 0x000000008b100000| Untracked 
| 102|0x000000008b200000, 0x000000008b200000, 0x000000008b300000|  0%| F|  |TAMS 0x000000008b200000, 0x000000008b200000| Untracked 
| 103|0x000000008b300000, 0x000000008b300000, 0x000000008b400000|  0%| F|  |TAMS 0x000000008b300000, 0x000000008b300000| Untracked 
| 104|0x000000008b400000, 0x000000008b400000, 0x000000008b500000|  0%| F|  |TAMS 0x000000008b400000, 0x000000008b400000| Untracked 
| 105|0x000000008b500000, 0x000000008b500000, 0x000000008b600000|  0%| F|  |TAMS 0x000000008b500000, 0x000000008b500000| Untracked 
| 106|0x000000008b600000, 0x000000008b600000, 0x000000008b700000|  0%| F|  |TAMS 0x000000008b600000, 0x000000008b600000| Untracked 
| 107|0x000000008b700000, 0x000000008b700000, 0x000000008b800000|  0%| F|  |TAMS 0x000000008b700000, 0x000000008b700000| Untracked 
| 108|0x000000008b800000, 0x000000008b800000, 0x000000008b900000|  0%| F|  |TAMS 0x000000008b800000, 0x000000008b800000| Untracked 
| 109|0x000000008b900000, 0x000000008b900000, 0x000000008ba00000|  0%| F|  |TAMS 0x000000008b900000, 0x000000008b900000| Untracked 
| 110|0x000000008ba00000, 0x000000008ba00000, 0x000000008bb00000|  0%| F|  |TAMS 0x000000008ba00000, 0x000000008ba00000| Untracked 
| 111|0x000000008bb00000, 0x000000008bb00000, 0x000000008bc00000|  0%| F|  |TAMS 0x000000008bb00000, 0x000000008bb00000| Untracked 
| 112|0x000000008bc00000, 0x000000008bc00000, 0x000000008bd00000|  0%| F|  |TAMS 0x000000008bc00000, 0x000000008bc00000| Untracked 
| 113|0x000000008bd00000, 0x000000008bd00000, 0x000000008be00000|  0%| F|  |TAMS 0x000000008bd00000, 0x000000008bd00000| Untracked 
| 114|0x000000008be00000, 0x000000008be00000, 0x000000008bf00000|  0%| F|  |TAMS 0x000000008be00000, 0x000000008be00000| Untracked 
| 115|0x000000008bf00000, 0x000000008bf00000, 0x000000008c000000|  0%| F|  |TAMS 0x000000008bf00000, 0x000000008bf00000| Untracked 
| 116|0x000000008c000000, 0x000000008c000000, 0x000000008c100000|  0%| F|  |TAMS 0x000000008c000000, 0x000000008c000000| Untracked 
| 117|0x000000008c100000, 0x000000008c100000, 0x000000008c200000|  0%| F|  |TAMS 0x000000008c100000, 0x000000008c100000| Untracked 
| 118|0x000000008c200000, 0x000000008c200000, 0x000000008c300000|  0%| F|  |TAMS 0x000000008c200000, 0x000000008c200000| Untracked 
| 119|0x000000008c300000, 0x000000008c300000, 0x000000008c400000|  0%| F|  |TAMS 0x000000008c300000, 0x000000008c300000| Untracked 
| 120|0x000000008c400000, 0x000000008c400000, 0x000000008c500000|  0%| F|  |TAMS 0x000000008c400000, 0x000000008c400000| Untracked 
| 121|0x000000008c500000, 0x000000008c500000, 0x000000008c600000|  0%| F|  |TAMS 0x000000008c500000, 0x000000008c500000| Untracked 
| 122|0x000000008c600000, 0x000000008c600000, 0x000000008c700000|  0%| F|  |TAMS 0x000000008c600000, 0x000000008c600000| Untracked 
| 123|0x000000008c700000, 0x000000008c700000, 0x000000008c800000|  0%| F|  |TAMS 0x000000008c700000, 0x000000008c700000| Untracked 
| 124|0x000000008c800000, 0x000000008c800000, 0x000000008c900000|  0%| F|  |TAMS 0x000000008c800000, 0x000000008c800000| Untracked 
| 125|0x000000008c900000, 0x000000008c900000, 0x000000008ca00000|  0%| F|  |TAMS 0x000000008c900000, 0x000000008c900000| Untracked 
| 126|0x000000008ca00000, 0x000000008ca00000, 0x000000008cb00000|  0%| F|  |TAMS 0x000000008ca00000, 0x000000008ca00000| Untracked 
| 127|0x000000008cb00000, 0x000000008cb00000, 0x000000008cc00000|  0%| F|  |TAMS 0x000000008cb00000, 0x000000008cb00000| Untracked 
| 128|0x000000008cc00000, 0x000000008cc00000, 0x000000008cd00000|  0%| F|  |TAMS 0x000000008cc00000, 0x000000008cc00000| Untracked 
| 129|0x000000008cd00000, 0x000000008cd00000, 0x000000008ce00000|  0%| F|  |TAMS 0x000000008cd00000, 0x000000008cd00000| Untracked 
| 130|0x000000008ce00000, 0x000000008ce00000, 0x000000008cf00000|  0%| F|  |TAMS 0x000000008ce00000, 0x000000008ce00000| Untracked 
| 131|0x000000008cf00000, 0x000000008cf00000, 0x000000008d000000|  0%| F|  |TAMS 0x000000008cf00000, 0x000000008cf00000| Untracked 
| 132|0x000000008d000000, 0x000000008d000000, 0x000000008d100000|  0%| F|  |TAMS 0x000000008d000000, 0x000000008d000000| Untracked 
| 133|0x000000008d100000, 0x000000008d100000, 0x000000008d200000|  0%| F|  |TAMS 0x000000008d100000, 0x000000008d100000| Untracked 
| 134|0x000000008d200000, 0x000000008d200000, 0x000000008d300000|  0%| F|  |TAMS 0x000000008d200000, 0x000000008d200000| Untracked 
| 135|0x000000008d300000, 0x000000008d300000, 0x000000008d400000|  0%| F|  |TAMS 0x000000008d300000, 0x000000008d300000| Untracked 
| 136|0x000000008d400000, 0x000000008d400000, 0x000000008d500000|  0%| F|  |TAMS 0x000000008d400000, 0x000000008d400000| Untracked 
| 137|0x000000008d500000, 0x000000008d500000, 0x000000008d600000|  0%| F|  |TAMS 0x000000008d500000, 0x000000008d500000| Untracked 
| 138|0x000000008d600000, 0x000000008d600000, 0x000000008d700000|  0%| F|  |TAMS 0x000000008d600000, 0x000000008d600000| Untracked 
| 139|0x000000008d700000, 0x000000008d700000, 0x000000008d800000|  0%| F|  |TAMS 0x000000008d700000, 0x000000008d700000| Untracked 
| 140|0x000000008d800000, 0x000000008d800000, 0x000000008d900000|  0%| F|  |TAMS 0x000000008d800000, 0x000000008d800000| Untracked 
| 141|0x000000008d900000, 0x000000008d90c6b8, 0x000000008da00000|  4%| S|CS|TAMS 0x000000008d900000, 0x000000008d900000| Complete 
| 142|0x000000008da00000, 0x000000008da00000, 0x000000008db00000|  0%| F|  |TAMS 0x000000008da00000, 0x000000008da00000| Untracked 
| 143|0x000000008db00000, 0x000000008db00000, 0x000000008dc00000|  0%| F|  |TAMS 0x000000008db00000, 0x000000008db00000| Untracked 
| 144|0x000000008dc00000, 0x000000008dc00000, 0x000000008dd00000|  0%| F|  |TAMS 0x000000008dc00000, 0x000000008dc00000| Untracked 
| 145|0x000000008dd00000, 0x000000008dd00000, 0x000000008de00000|  0%| F|  |TAMS 0x000000008dd00000, 0x000000008dd00000| Untracked 
| 146|0x000000008de00000, 0x000000008de00000, 0x000000008df00000|  0%| F|  |TAMS 0x000000008de00000, 0x000000008de00000| Untracked 
| 147|0x000000008df00000, 0x000000008df00000, 0x000000008e000000|  0%| F|  |TAMS 0x000000008df00000, 0x000000008df00000| Untracked 
| 148|0x000000008e000000, 0x000000008e000000, 0x000000008e100000|  0%| F|  |TAMS 0x000000008e000000, 0x000000008e000000| Untracked 
| 149|0x000000008e100000, 0x000000008e100000, 0x000000008e200000|  0%| F|  |TAMS 0x000000008e100000, 0x000000008e100000| Untracked 
| 150|0x000000008e200000, 0x000000008e200000, 0x000000008e300000|  0%| F|  |TAMS 0x000000008e200000, 0x000000008e200000| Untracked 
| 151|0x000000008e300000, 0x000000008e300000, 0x000000008e400000|  0%| F|  |TAMS 0x000000008e300000, 0x000000008e300000| Untracked 
| 152|0x000000008e400000, 0x000000008e400000, 0x000000008e500000|  0%| F|  |TAMS 0x000000008e400000, 0x000000008e400000| Untracked 
| 153|0x000000008e500000, 0x000000008e500000, 0x000000008e600000|  0%| F|  |TAMS 0x000000008e500000, 0x000000008e500000| Untracked 
| 154|0x000000008e600000, 0x000000008e600000, 0x000000008e700000|  0%| F|  |TAMS 0x000000008e600000, 0x000000008e600000| Untracked 
| 155|0x000000008e700000, 0x000000008e700000, 0x000000008e800000|  0%| F|  |TAMS 0x000000008e700000, 0x000000008e700000| Untracked 
| 156|0x000000008e800000, 0x000000008e800000, 0x000000008e900000|  0%| F|  |TAMS 0x000000008e800000, 0x000000008e800000| Untracked 
| 157|0x000000008e900000, 0x000000008e900000, 0x000000008ea00000|  0%| F|  |TAMS 0x000000008e900000, 0x000000008e900000| Untracked 
| 158|0x000000008ea00000, 0x000000008ea00000, 0x000000008eb00000|  0%| F|  |TAMS 0x000000008ea00000, 0x000000008ea00000| Untracked 
| 159|0x000000008eb00000, 0x000000008eb00000, 0x000000008ec00000|  0%| F|  |TAMS 0x000000008eb00000, 0x000000008eb00000| Untracked 
| 160|0x000000008ec00000, 0x000000008ec00000, 0x000000008ed00000|  0%| F|  |TAMS 0x000000008ec00000, 0x000000008ec00000| Untracked 
| 161|0x000000008ed00000, 0x000000008ed00000, 0x000000008ee00000|  0%| F|  |TAMS 0x000000008ed00000, 0x000000008ed00000| Untracked 
| 162|0x000000008ee00000, 0x000000008ee00000, 0x000000008ef00000|  0%| F|  |TAMS 0x000000008ee00000, 0x000000008ee00000| Untracked 
| 163|0x000000008ef00000, 0x000000008ef00000, 0x000000008f000000|  0%| F|  |TAMS 0x000000008ef00000, 0x000000008ef00000| Untracked 

Card table byte_map: [0x0000027a54900000,0x0000027a54ce0000] _byte_map_base: 0x0000027a544da000

Marking Bits (Prev, Next): (CMBitMap*) 0x0000027a3be604a0, (CMBitMap*) 0x0000027a3be604e0
 Prev Bits: [0x0000027a550c0000, 0x0000027a56f90000)
 Next Bits: [0x0000027a56f90000, 0x0000027a58e60000)

Polling page: 0x0000027a3bc80000

Metaspace:

Usage:
  Non-class:      4.10 MB used.
      Class:    486.85 KB used.
       Both:      4.58 MB used.

Virtual space:
  Non-class space:       64.00 MB reserved,       4.19 MB (  7%) committed,  1 nodes.
      Class space:        1.00 GB reserved,     576.00 KB ( <1%) committed,  1 nodes.
             Both:        1.06 GB reserved,       4.75 MB ( <1%) committed. 

Chunk freelists:
   Non-Class:  2.89 MB
       Class:  3.25 MB
        Both:  6.14 MB

MaxMetaspaceSize: unlimited
CompressedClassSpaceSize: 1.00 GB
Initial GC threshold: 21.00 MB
Current GC threshold: 21.00 MB
CDS: on
MetaspaceReclaimPolicy: balanced
 - commit_granule_bytes: 65536.
 - commit_granule_words: 8192.
 - virtual_space_node_default_size: 8388608.
 - enlarge_chunks_in_place: 1.
 - new_chunks_are_fully_committed: 0.
 - uncommit_free_chunks: 1.
 - use_allocation_guard: 0.


Internal statistics:

num_allocs_failed_limit: 0.
num_arena_births: 106.
num_arena_deaths: 0.
num_vsnodes_births: 2.
num_vsnodes_deaths: 0.
num_space_committed: 76.
num_space_uncommitted: 0.
num_chunks_returned_to_freelist: 0.
num_chunks_taken_from_freelist: 143.
num_chunk_merges: 0.
num_chunk_splits: 79.
num_chunks_enlarged: 21.
num_inconsistent_stats: 0.

CodeHeap 'non-profiled nmethods': size=120000Kb used=189Kb max_used=189Kb free=119810Kb
 bounds [0x0000027a4c9c0000, 0x0000027a4cc30000, 0x0000027a53ef0000]
CodeHeap 'profiled nmethods': size=120000Kb used=1073Kb max_used=1073Kb free=118927Kb
 bounds [0x0000027a45490000, 0x0000027a45700000, 0x0000027a4c9c0000]
CodeHeap 'non-nmethods': size=5760Kb used=1228Kb max_used=1242Kb free=4531Kb
 bounds [0x0000027a44ef0000, 0x0000027a45160000, 0x0000027a45490000]
 total_blobs=1200 nmethods=685 adapters=428
 compilation: enabled
              stopped_count=0, restarted_count=0
 full_count=0

Compilation events (20 events):
Event: 0.355 Thread 0x0000027a5b44cbe0  675       4       java.io.BufferedInputStream::getBufIfOpen (21 bytes)
Event: 0.356 Thread 0x0000027a5b44cbe0 nmethod 675 0x0000027a4c9ee590 code [0x0000027a4c9ee700, 0x0000027a4c9ee798]
Event: 0.375 Thread 0x0000027a5b45b3b0  676       3       java.io.FileInputStream::read (8 bytes)
Event: 0.375 Thread 0x0000027a5b45b3b0 nmethod 676 0x0000027a45596c90 code [0x0000027a45596e20, 0x0000027a45596f68]
Event: 0.381 Thread 0x0000027a5b45b3b0  678       3       java.io.BufferedInputStream::fill (203 bytes)
Event: 0.382 Thread 0x0000027a5b45b3b0 nmethod 678 0x0000027a45597010 code [0x0000027a45597280, 0x0000027a45597ee8]
Event: 0.501 Thread 0x0000027a5b44cbe0  679   !   4       sun.awt.image.ImageDecoder::nextConsumer (69 bytes)
Event: 0.503 Thread 0x0000027a5b44cbe0 nmethod 679 0x0000027a4c9eec90 code [0x0000027a4c9eee00, 0x0000027a4c9ef138]
Event: 0.599 Thread 0x0000027a5b45b3b0  680   !   3       sun.awt.AppContext::get (123 bytes)
Event: 0.599 Thread 0x0000027a5b45b3b0 nmethod 680 0x0000027a45598290 code [0x0000027a455984a0, 0x0000027a45598ee8]
Event: 0.599 Thread 0x0000027a5b45b3b0  681       3       java.io.WinNTFileSystem::isSlash (18 bytes)
Event: 0.599 Thread 0x0000027a5b45b3b0 nmethod 681 0x0000027a45599290 code [0x0000027a45599420, 0x0000027a455995b8]
Event: 0.600 Thread 0x0000027a5b45b3b0  682       3       java.lang.invoke.DirectMethodHandle::make (275 bytes)
Event: 0.600 Thread 0x0000027a5b44cbe0  685       4       java.util.concurrent.ConcurrentHashMap::spread (10 bytes)
Event: 0.600 Thread 0x0000027a5b44cbe0 nmethod 685 0x0000027a4c9ef290 code [0x0000027a4c9ef400, 0x0000027a4c9ef478]
Event: 0.601 Thread 0x0000027a5b45b3b0 nmethod 682 0x0000027a45599690 code [0x0000027a45599a20, 0x0000027a4559aeb8]
Event: 0.601 Thread 0x0000027a5b45b3b0  684       3       java.lang.ref.ReferenceQueue::reallyPoll (65 bytes)
Event: 0.601 Thread 0x0000027a5b45b3b0 nmethod 684 0x0000027a4559b710 code [0x0000027a4559b8e0, 0x0000027a4559be18]
Event: 0.601 Thread 0x0000027a5b45b3b0  683       3       java.lang.invoke.MemberName::isField (8 bytes)
Event: 0.601 Thread 0x0000027a5b45b3b0 nmethod 683 0x0000027a4559bf10 code [0x0000027a4559c0c0, 0x0000027a4559c2f8]

GC Heap History (11 events):
Event: 0.227 GC heap before
{Heap before GC invocations=0 (full 0):
 garbage-first heap   total 126976K, used 6144K [0x0000000084c00000, 0x0000000100000000)
  region size 1024K, 7 young (7168K), 0 survivors (0K)
 Metaspace       used 4559K, committed 4672K, reserved 1114112K
  class space    used 478K, committed 512K, reserved 1048576K
}
Event: 0.230 GC heap after
{Heap after GC invocations=1 (full 0):
 garbage-first heap   total 126976K, used 2298K [0x0000000084c00000, 0x0000000100000000)
  region size 1024K, 2 young (2048K), 2 survivors (2048K)
 Metaspace       used 4559K, committed 4672K, reserved 1114112K
  class space    used 478K, committed 512K, reserved 1048576K
}
Event: 0.303 GC heap before
{Heap before GC invocations=1 (full 0):
 garbage-first heap   total 126976K, used 106746K [0x0000000084c00000, 0x0000000100000000)
  region size 1024K, 12 young (12288K), 2 survivors (2048K)
 Metaspace       used 4665K, committed 4864K, reserved 1114112K
  class space    used 484K, committed 576K, reserved 1048576K
}
Event: 0.305 GC heap after
{Heap after GC invocations=2 (full 0):
 garbage-first heap   total 126976K, used 97705K [0x0000000084c00000, 0x0000000100000000)
  region size 1024K, 1 young (1024K), 1 survivors (1024K)
 Metaspace       used 4665K, committed 4864K, reserved 1114112K
  class space    used 484K, committed 576K, reserved 1048576K
}
Event: 0.330 GC heap before
{Heap before GC invocations=2 (full 0):
 garbage-first heap   total 126976K, used 103849K [0x0000000084c00000, 0x0000000100000000)
  region size 1024K, 8 young (8192K), 1 survivors (1024K)
 Metaspace       used 4674K, committed 4864K, reserved 1114112K
  class space    used 484K, committed 576K, reserved 1048576K
}
Event: 0.330 GC heap after
{Heap after GC invocations=3 (full 0):
 garbage-first heap   total 126976K, used 97608K [0x0000000084c00000, 0x0000000100000000)
  region size 1024K, 1 young (1024K), 1 survivors (1024K)
 Metaspace       used 4674K, committed 4864K, reserved 1114112K
  class space    used 484K, committed 576K, reserved 1048576K
}
Event: 0.367 GC heap before
{Heap before GC invocations=4 (full 0):
 garbage-first heap   total 167936K, used 105800K [0x0000000084c00000, 0x0000000100000000)
  region size 1024K, 10 young (10240K), 1 survivors (1024K)
 Metaspace       used 4674K, committed 4864K, reserved 1114112K
  class space    used 484K, committed 576K, reserved 1048576K
}
Event: 0.368 GC heap after
{Heap after GC invocations=5 (full 0):
 garbage-first heap   total 167936K, used 97534K [0x0000000084c00000, 0x0000000100000000)
  region size 1024K, 1 young (1024K), 1 survivors (1024K)
 Metaspace       used 4674K, committed 4864K, reserved 1114112K
  class space    used 484K, committed 576K, reserved 1048576K
}
Event: 0.530 GC heap before
{Heap before GC invocations=5 (full 0):
 garbage-first heap   total 167936K, used 143614K [0x0000000084c00000, 0x0000000100000000)
  region size 1024K, 47 young (48128K), 1 survivors (1024K)
 Metaspace       used 4674K, committed 4864K, reserved 1114112K
  class space    used 484K, committed 576K, reserved 1048576K
}
Event: 0.531 GC heap after
{Heap after GC invocations=6 (full 0):
 garbage-first heap   total 167936K, used 97518K [0x0000000084c00000, 0x0000000100000000)
  region size 1024K, 1 young (1024K), 1 survivors (1024K)
 Metaspace       used 4674K, committed 4864K, reserved 1114112K
  class space    used 484K, committed 576K, reserved 1048576K
}
Event: 0.601 GC heap before
{Heap before GC invocations=7 (full 0):
 garbage-first heap   total 167936K, used 117998K [0x0000000084c00000, 0x0000000100000000)
  region size 1024K, 23 young (23552K), 1 survivors (1024K)
 Metaspace       used 4685K, committed 4864K, reserved 1114112K
  class space    used 486K, committed 576K, reserved 1048576K
}

Deoptimization events (8 events):
Event: 0.151 Thread 0x0000027a3bdbbfe0 Uncommon trap: trap_request=0xffffff45 fr.pc=0x0000027a4c9cf1d4 relative=0x00000000000008d4
Event: 0.151 Thread 0x0000027a3bdbbfe0 Uncommon trap: reason=unstable_if action=reinterpret pc=0x0000027a4c9cf1d4 method=java.util.HashMap.putVal(ILjava/lang/Object;Ljava/lang/Object;ZZ)Ljava/lang/Object; @ 236 c2
Event: 0.151 Thread 0x0000027a3bdbbfe0 DEOPT PACKING pc=0x0000027a4c9cf1d4 sp=0x0000007f5eefe020
Event: 0.151 Thread 0x0000027a3bdbbfe0 DEOPT UNPACKING pc=0x0000027a44f45c23 sp=0x0000007f5eefdfc8 mode 2
Event: 0.222 Thread 0x0000027a5fb2e7e0 Uncommon trap: trap_request=0xffffff45 fr.pc=0x0000027a4c9e92b8 relative=0x0000000000000418
Event: 0.222 Thread 0x0000027a5fb2e7e0 Uncommon trap: reason=unstable_if action=reinterpret pc=0x0000027a4c9e92b8 method=java.lang.StringLatin1.newString([BII)Ljava/lang/String; @ 1 c2
Event: 0.222 Thread 0x0000027a5fb2e7e0 DEOPT PACKING pc=0x0000027a4c9e92b8 sp=0x0000007f604fed10
Event: 0.222 Thread 0x0000027a5fb2e7e0 DEOPT UNPACKING pc=0x0000027a44f45c23 sp=0x0000007f604fecd8 mode 2

Classes loaded (20 events):
Event: 0.262 Loading class java/awt/image/SampleModel done
Event: 0.262 Loading class java/awt/image/SinglePixelPackedSampleModel done
Event: 0.262 Loading class sun/awt/image/IntegerInterleavedRaster
Event: 0.262 Loading class sun/awt/image/IntegerComponentRaster
Event: 0.262 Loading class sun/awt/image/IntegerComponentRaster done
Event: 0.262 Loading class sun/awt/image/IntegerInterleavedRaster done
Event: 0.262 Loading class java/awt/image/BufferedImage
Event: 0.263 Loading class java/awt/image/WritableRenderedImage
Event: 0.263 Loading class java/awt/image/RenderedImage
Event: 0.263 Loading class java/awt/image/RenderedImage done
Event: 0.263 Loading class java/awt/image/WritableRenderedImage done
Event: 0.263 Loading class java/awt/image/BufferedImage done
Event: 0.263 Loading class java/awt/image/BufferedImage$1
Event: 0.263 Loading class java/awt/image/BufferedImage$1 done
Event: 0.598 Loading class java/awt/image/ReplicateScaleFilter
Event: 0.598 Loading class java/awt/image/ImageFilter
Event: 0.598 Loading class java/awt/image/ImageFilter done
Event: 0.599 Loading class java/awt/image/ReplicateScaleFilter done
Event: 0.599 Loading class java/awt/image/FilteredImageSource
Event: 0.599 Loading class java/awt/image/FilteredImageSource done

Classes unloaded (0 events):
No events

Classes redefined (0 events):
No events

Internal exceptions (15 events):
Event: 0.064 Thread 0x0000027a3bdbbfe0 Exception <a 'sun/nio/fs/WindowsException'{0x000000008c639a68}> (0x000000008c639a68) 
thrown [s\open\src\hotspot\share\prims\jni.cpp, line 516]
Event: 0.064 Thread 0x0000027a3bdbbfe0 Exception <a 'sun/nio/fs/WindowsException'{0x000000008c639f88}> (0x000000008c639f88) 
thrown [s\open\src\hotspot\share\prims\jni.cpp, line 516]
Event: 0.065 Thread 0x0000027a3bdbbfe0 Exception <a 'sun/nio/fs/WindowsException'{0x000000008c63c230}> (0x000000008c63c230) 
thrown [s\open\src\hotspot\share\prims\jni.cpp, line 516]
Event: 0.065 Thread 0x0000027a3bdbbfe0 Exception <a 'sun/nio/fs/WindowsException'{0x000000008c63cc80}> (0x000000008c63cc80) 
thrown [s\open\src\hotspot\share\prims\jni.cpp, line 516]
Event: 0.086 Thread 0x0000027a3bdbbfe0 Exception <a 'java/lang/ClassNotFoundException'{0x000000008c6da810}: sun/awt/resources/spi/awtProvider> (0x000000008c6da810) 
thrown [s\open\src\hotspot\share\classfile\systemDictionary.cpp, line 255]
Event: 0.100 Thread 0x0000027a3bdbbfe0 Exception <a 'java/io/FileNotFoundException'{0x000000008c52e398}> (0x000000008c52e398) 
thrown [s\open\src\hotspot\share\prims\jni.cpp, line 516]
Event: 0.104 Thread 0x0000027a3bdbbfe0 Exception <a 'java/io/FileNotFoundException'{0x000000008c55b5c0}> (0x000000008c55b5c0) 
thrown [s\open\src\hotspot\share\prims\jni.cpp, line 516]
Event: 0.128 Thread 0x0000027a3bdbbfe0 Exception <a 'java/lang/NoSuchMethodError'{0x000000008c59fd90}: 'java.lang.Object java.lang.invoke.DirectMethodHandle$Holder.invokeStaticInit(java.lang.Object)'> (0x000000008c59fd90) 
thrown [s\open\src\hotspot\share\interpreter\linkResolver.cpp, line 759]
Event: 0.153 Thread 0x0000027a3bdbbfe0 Exception <a 'java/lang/NoSuchMethodError'{0x000000008c421360}: 'void java.lang.invoke.DirectMethodHandle$Holder.invokeSpecial(java.lang.Object, java.lang.Object, java.lang.Object)'> (0x000000008c421360) 
thrown [s\open\src\hotspot\share\interpreter\linkResolver.cpp, line 759]
Event: 0.160 Thread 0x0000027a3bdbbfe0 Exception <a 'java/lang/NoSuchMethodError'{0x000000008c44c680}: 'java.lang.Object java.lang.invoke.DirectMethodHandle$Holder.newInvokeSpecial(java.lang.Object, java.lang.Object, java.lang.Object, java.lang.Object, java.lang.Object)'> (0x000000008c44c680) 
thrown [s\open\src\hotspot\share\interpreter\linkResolver.cpp, line 759]
Event: 0.164 Thread 0x0000027a3bdbbfe0 Exception <a 'java/lang/NoSuchMethodError'{0x000000008c47e190}: 'java.lang.Object java.lang.invoke.DirectMethodHandle$Holder.invokeStatic(java.lang.Object, int, java.lang.Object)'> (0x000000008c47e190) 
thrown [s\open\src\hotspot\share\interpreter\linkResolver.cpp, line 759]
Event: 0.181 Thread 0x0000027a3bdbbfe0 Exception <a 'java/lang/ClassNotFoundException'{0x000000008c33b460}: com/sun/swing/internal/plaf/metal/resources/spi/metalProvider> (0x000000008c33b460) 
thrown [s\open\src\hotspot\share\classfile\systemDictionary.cpp, line 255]
Event: 0.181 Thread 0x0000027a3bdbbfe0 Exception <a 'java/lang/ClassNotFoundException'{0x000000008c33f448}: com/sun/swing/internal/plaf/basic/resources/spi/basicProvider> (0x000000008c33f448) 
thrown [s\open\src\hotspot\share\classfile\systemDictionary.cpp, line 255]
Event: 0.186 Thread 0x0000027a3bdbbfe0 Exception <a 'java/lang/NoSuchMethodError'{0x000000008c35fa50}: 'int java.lang.invoke.Invokers$Holder.invokeExact_MT(java.lang.Object, java.lang.Object)'> (0x000000008c35fa50) 
thrown [s\open\src\hotspot\share\interpreter\linkResolver.cpp, line 759]
Event: 0.224 Thread 0x0000027a5fb2e7e0 Exception <a 'java/lang/NoSuchMethodError'{0x000000008c101fb8}: 'java.lang.Object java.lang.invoke.DirectMethodHandle$Holder.newInvokeSpecial(java.lang.Object, java.lang.Object, java.lang.Object, int, int, int, int, int)'> (0x000000008c101fb8) 
thrown [s\open\src\hotspot\share\interpreter\linkResolver.cpp, line 759]

VM Operations (20 events):
Event: 0.230 Executing VM operation: G1TryInitiateConcMark done
Event: 0.303 Executing VM operation: G1CollectForAllocation
Event: 0.305 Executing VM operation: G1CollectForAllocation done
Event: 0.330 Executing VM operation: G1CollectForAllocation
Event: 0.330 Executing VM operation: G1CollectForAllocation done
Event: 0.333 Executing VM operation: G1Concurrent
Event: 0.334 Executing VM operation: G1Concurrent done
Event: 0.336 Executing VM operation: G1Concurrent
Event: 0.336 Executing VM operation: G1Concurrent done
Event: 0.367 Executing VM operation: G1CollectForAllocation
Event: 0.368 Executing VM operation: G1CollectForAllocation done
Event: 0.530 Executing VM operation: G1CollectForAllocation
Event: 0.531 Executing VM operation: G1CollectForAllocation done
Event: 0.536 Executing VM operation: G1Concurrent
Event: 0.536 Executing VM operation: G1Concurrent done
Event: 0.538 Executing VM operation: G1Concurrent
Event: 0.538 Executing VM operation: G1Concurrent done
Event: 0.599 Executing VM operation: HandshakeAllThreads
Event: 0.599 Executing VM operation: HandshakeAllThreads done
Event: 0.601 Executing VM operation: G1TryInitiateConcMark

Events (20 events):
Event: 0.017 Thread 0x0000027a5b42cff0 Thread added: 0x0000027a5b42cff0
Event: 0.028 Thread 0x0000027a5b448010 Thread added: 0x0000027a5b448010
Event: 0.028 Thread 0x0000027a5b4489b0 Thread added: 0x0000027a5b4489b0
Event: 0.028 Thread 0x0000027a5b44b570 Thread added: 0x0000027a5b44b570
Event: 0.028 Thread 0x0000027a5b44bf10 Thread added: 0x0000027a5b44bf10
Event: 0.028 Thread 0x0000027a5b44cbe0 Thread added: 0x0000027a5b44cbe0
Event: 0.029 Thread 0x0000027a5b45b3b0 Thread added: 0x0000027a5b45b3b0
Event: 0.029 Thread 0x0000027a5b46f8a0 Thread added: 0x0000027a5b46f8a0
Event: 0.051 Thread 0x0000027a5b418560 Thread added: 0x0000027a5b418560
Event: 0.061 Loaded shared library C:\Program Files\Java\jdk-18.0.2\bin\net.dll
Event: 0.063 Loaded shared library C:\Program Files\Java\jdk-18.0.2\bin\nio.dll
Event: 0.074 Thread 0x0000027a5f9258e0 Thread added: 0x0000027a5f9258e0
Event: 0.083 Loaded shared library C:\Program Files\Java\jdk-18.0.2\bin\jimage.dll
Event: 0.092 Loaded shared library C:\Program Files\Java\jdk-18.0.2\bin\awt.dll
Event: 0.129 Thread 0x0000027a5f979970 Thread added: 0x0000027a5f979970
Event: 0.129 Thread 0x0000027a5faa75c0 Thread added: 0x0000027a5faa75c0
Event: 0.130 Thread 0x0000027a5faae550 Thread added: 0x0000027a5faae550
Event: 0.190 Thread 0x0000027a5fb2e7e0 Thread added: 0x0000027a5fb2e7e0
Event: 0.199 Loaded shared library C:\Program Files\Java\jdk-18.0.2\bin\zip.dll
Event: 0.223 Loaded shared library C:\Program Files\Java\jdk-18.0.2\bin\javajpeg.dll


Dynamic libraries:
0x00007ff6399f0000 - 0x00007ff639a00000 	C:\Program Files\Java\jdk-18.0.2\bin\java.exe
0x00007ffe48fb0000 - 0x00007ffe491c6000 	C:\WINDOWS\SYSTEM32\ntdll.dll
0x00007ffe485b0000 - 0x00007ffe48674000 	C:\WINDOWS\System32\KERNEL32.DLL
0x00007ffe466c0000 - 0x00007ffe46a66000 	C:\WINDOWS\System32\KERNELBASE.dll
0x00007ffe46390000 - 0x00007ffe464a1000 	C:\WINDOWS\System32\ucrtbase.dll
0x00007ffe0fd60000 - 0x00007ffe0fd78000 	C:\Program Files\Java\jdk-18.0.2\bin\jli.dll
0x00007ffe3e9b0000 - 0x00007ffe3e9ca000 	C:\Program Files\Java\jdk-18.0.2\bin\VCRUNTIME140.dll
0x00007ffe47a60000 - 0x00007ffe47b12000 	C:\WINDOWS\System32\ADVAPI32.dll
0x00007ffe46d00000 - 0x00007ffe46da7000 	C:\WINDOWS\System32\msvcrt.dll
0x00007ffe46db0000 - 0x00007ffe46e58000 	C:\WINDOWS\System32\sechost.dll
0x00007ffe46690000 - 0x00007ffe466b8000 	C:\WINDOWS\System32\bcrypt.dll
0x00007ffe46eb0000 - 0x00007ffe46fc5000 	C:\WINDOWS\System32\RPCRT4.dll
0x00007ffe48400000 - 0x00007ffe485ad000 	C:\WINDOWS\System32\USER32.dll
0x00007ffe46cd0000 - 0x00007ffe46cf6000 	C:\WINDOWS\System32\win32u.dll
0x00007ffe47a30000 - 0x00007ffe47a59000 	C:\WINDOWS\System32\GDI32.dll
0x00007ffe46b30000 - 0x00007ffe46c48000 	C:\WINDOWS\System32\gdi32full.dll
0x00007ffe462f0000 - 0x00007ffe4638a000 	C:\WINDOWS\System32\msvcp_win.dll
0x00007ffe304c0000 - 0x00007ffe30753000 	C:\WINDOWS\WinSxS\amd64_microsoft.windows.common-controls_6595b64144ccf1df_6.0.22621.3235_none_270f74e173860f98\COMCTL32.dll
0x00007ffe391e0000 - 0x00007ffe391ea000 	C:\WINDOWS\SYSTEM32\VERSION.dll
0x00007ffe46e60000 - 0x00007ffe46e91000 	C:\WINDOWS\System32\IMM32.DLL
0x00007ffe3e760000 - 0x00007ffe3e76c000 	C:\Program Files\Java\jdk-18.0.2\bin\vcruntime140_1.dll
0x00007ffe2e800000 - 0x00007ffe2e88d000 	C:\Program Files\Java\jdk-18.0.2\bin\msvcp140.dll
0x00007ffde7b40000 - 0x00007ffde8751000 	C:\Program Files\Java\jdk-18.0.2\bin\server\jvm.dll
0x00007ffe47b30000 - 0x00007ffe47b38000 	C:\WINDOWS\System32\PSAPI.DLL
0x00007ffe39220000 - 0x00007ffe39254000 	C:\WINDOWS\SYSTEM32\WINMM.dll
0x00007ffe3fd40000 - 0x00007ffe3fd49000 	C:\WINDOWS\SYSTEM32\WSOCK32.dll
0x00007ffe489d0000 - 0x00007ffe48a41000 	C:\WINDOWS\System32\WS2_32.dll
0x00007ffe453f0000 - 0x00007ffe45408000 	C:\WINDOWS\SYSTEM32\kernel.appcore.dll
0x00007ffe3e6e0000 - 0x00007ffe3e6ea000 	C:\Program Files\Java\jdk-18.0.2\bin\jimage.dll
0x00007ffe43bd0000 - 0x00007ffe43e03000 	C:\WINDOWS\SYSTEM32\DBGHELP.DLL
0x00007ffe47030000 - 0x00007ffe473b8000 	C:\WINDOWS\System32\combase.dll
0x00007ffe47470000 - 0x00007ffe47547000 	C:\WINDOWS\System32\OLEAUT32.dll
0x00007ffe26d70000 - 0x00007ffe26da2000 	C:\WINDOWS\SYSTEM32\dbgcore.DLL
0x00007ffe46c50000 - 0x00007ffe46cca000 	C:\WINDOWS\System32\bcryptPrimitives.dll
0x00007ffe3e6f0000 - 0x00007ffe3e715000 	C:\Program Files\Java\jdk-18.0.2\bin\java.dll
0x00007ffe2d6d0000 - 0x00007ffe2d7a6000 	C:\Program Files\Java\jdk-18.0.2\bin\jsvml.dll
0x00007ffe47ba0000 - 0x00007ffe483fd000 	C:\WINDOWS\System32\SHELL32.dll
0x00007ffe44200000 - 0x00007ffe44af8000 	C:\WINDOWS\SYSTEM32\windows.storage.dll
0x00007ffe440c0000 - 0x00007ffe441fe000 	C:\WINDOWS\SYSTEM32\wintypes.dll
0x00007ffe48e70000 - 0x00007ffe48f63000 	C:\WINDOWS\System32\SHCORE.dll
0x00007ffe46fd0000 - 0x00007ffe4702e000 	C:\WINDOWS\System32\shlwapi.dll
0x00007ffe46220000 - 0x00007ffe46246000 	C:\WINDOWS\SYSTEM32\profapi.dll
0x00007ffe3e6c0000 - 0x00007ffe3e6d3000 	C:\Program Files\Java\jdk-18.0.2\bin\net.dll
0x00007ffe3bfe0000 - 0x00007ffe3c117000 	C:\WINDOWS\SYSTEM32\WINHTTP.dll
0x00007ffe45880000 - 0x00007ffe458e9000 	C:\WINDOWS\system32\mswsock.dll
0x00007ffe3e6a0000 - 0x00007ffe3e6b6000 	C:\Program Files\Java\jdk-18.0.2\bin\nio.dll
0x00007ffe2d0a0000 - 0x00007ffe2d22f000 	C:\Program Files\Java\jdk-18.0.2\bin\awt.dll
0x00007ffe40770000 - 0x00007ffe40807000 	C:\WINDOWS\SYSTEM32\apphelp.dll
0x00007ffe40ae0000 - 0x00007ffe40b0b000 	C:\WINDOWS\system32\DWMAPI.DLL
0x00007ffe40870000 - 0x00007ffe4091b000 	C:\WINDOWS\system32\uxtheme.dll
0x00007ffdfff20000 - 0x00007ffe00020000 	C:\WINDOWS\system32\opengl32.dll
0x00007ffe01090000 - 0x00007ffe010bd000 	C:\WINDOWS\SYSTEM32\GLU32.dll
0x00007ffe40c40000 - 0x00007ffe40c79000 	C:\WINDOWS\SYSTEM32\dxcore.dll
0x00007ffe48b00000 - 0x00007ffe48c54000 	C:\WINDOWS\System32\MSCTF.dll
0x00007ffe48cd0000 - 0x00007ffe48e6f000 	C:\WINDOWS\System32\ole32.dll
0x00007ffe3e680000 - 0x00007ffe3e698000 	C:\Program Files\Java\jdk-18.0.2\bin\zip.dll
0x00007ffe0fd30000 - 0x00007ffe0fd5d000 	C:\Program Files\Java\jdk-18.0.2\bin\javajpeg.dll

dbghelp: loaded successfully - version: 4.0.5 - missing functions: none
symbol engine: initialized successfully - sym options: 0x614 - pdb path: .;C:\Program Files\Java\jdk-18.0.2\bin;C:\WINDOWS\SYSTEM32;C:\WINDOWS\WinSxS\amd64_microsoft.windows.common-controls_6595b64144ccf1df_6.0.22621.3235_none_270f74e173860f98;C:\Program Files\Java\jdk-18.0.2\bin\server

VM Arguments:
jvm_args: -Dfile.encoding=UTF-8 --module-path=C:\Users\Suhai\Desktop\Electricity Billing System\build\classes 
java_command: electricity.billing.system.Window
java_class_path (initial): C:\Users\Suhai\Desktop\Electricity Billing System\build\classes
Launcher Type: SUN_STANDARD

[Global flags]
     intx CICompilerCount                          = 3                                         {product} {ergonomic}
     uint ConcGCThreads                            = 1                                         {product} {ergonomic}
     uint G1ConcRefinementThreads                  = 4                                         {product} {ergonomic}
   size_t G1HeapRegionSize                         = 1048576                                   {product} {ergonomic}
    uintx GCDrainStackTargetSize                   = 64                                        {product} {ergonomic}
   size_t InitialHeapSize                          = 130023424                                 {product} {ergonomic}
   size_t MarkStackSize                            = 4194304                                   {product} {ergonomic}
   size_t MaxHeapSize                              = 2067791872                                {product} {ergonomic}
   size_t MaxNewSize                               = 1240465408                                {product} {ergonomic}
   size_t MinHeapDeltaBytes                        = 1048576                                   {product} {ergonomic}
   size_t MinHeapSize                              = 8388608                                   {product} {ergonomic}
    uintx NonNMethodCodeHeapSize                   = 5832780                                {pd product} {ergonomic}
    uintx NonProfiledCodeHeapSize                  = 122912730                              {pd product} {ergonomic}
    uintx ProfiledCodeHeapSize                     = 122912730                              {pd product} {ergonomic}
    uintx ReservedCodeCacheSize                    = 251658240                              {pd product} {ergonomic}
     bool SegmentedCodeCache                       = true                                      {product} {ergonomic}
   size_t SoftMaxHeapSize                          = 2067791872                             {manageable} {ergonomic}
     bool UseCompressedClassPointers               = true                           {product lp64_product} {ergonomic}
     bool UseCompressedOops                        = true                           {product lp64_product} {ergonomic}
     bool UseG1GC                                  = true                                      {product} {ergonomic}
     bool UseLargePagesIndividualAllocation        = false                                  {pd product} {ergonomic}

Logging:
Log output configuration:
 #0: stdout all=warning uptime,level,tags foldmultilines=false
 #1: stderr all=off uptime,level,tags foldmultilines=false

Environment Variables:
JAVA_HOME=C:\Program Files\Java\jdk-18.0.2
PATH=C:\Program Files\Common Files\Oracle\Java\javapath;C:\WINDOWS\system32;C:\WINDOWS;C:\WINDOWS\System32\Wbem;C:\WINDOWS\System32\WindowsPowerShell\v1.0\;C:\WINDOWS\System32\OpenSSH\;C:\Program Files (x86)\Common Files\Acronis\SnapAPI\;%JAVA_HOME%\bin\;C:\Program Files\dotnet\;C:\Program Files\Git\cmd;C:\Program Files\MySQL\MySQL Shell 8.0\bin\;C:\Users\Suhai\AppData\Local\Microsoft\WindowsApps;C:\Program Files\JetBrains\IntelliJ IDEA Community Edition 2022.1.4\bin;C:\Users\Suhai\.dotnet\tools;C:\Users\Suhai\AppData\Local\Programs\Microsoft VS Code\bin;C:\Users\Suhai\AppData\Local\Programs\Hyper\resources\bin
USERNAME=Suhai
OS=Windows_NT
PROCESSOR_IDENTIFIER=Intel64 Family 6 Model 140 Stepping 1, GenuineIntel



---------------  S Y S T E M  ---------------

OS:
 Windows 11 , 64 bit Build 22621 (10.0.22621.3235)
OS uptime: 0 days 2:58 hours
Hyper-V role detected

CPU: total 4 (initial active 4) (2 cores per cpu, 2 threads per core) family 6 model 140 stepping 1 microcode 0xa6, cx8, cmov, fxsr, ht, mmx, 3dnowpref, sse, sse2, sse3, ssse3, sse4.1, sse4.2, popcnt, lzcnt, tsc, tscinvbit, avx, avx2, aes, erms, clmul, bmi1, bmi2, adx, avx512f, avx512dq, avx512cd, avx512bw, avx512vl, sha, fma, vzeroupper, avx512_vpopcntdq, avx512_vpclmulqdq, avx512_vaes, avx512_vnni, clflush, clflushopt, clwb, avx512_vbmi2, avx512_vbmi, hv

Memory: 4k page, system-wide physical 7886M (445M free)
TotalPageFile size 26227M (AvailPageFile size 5M)
current process WorkingSet (physical memory assigned to process): 196M, peak: 196M
current process commit charge ("private bytes"): 247M, peak: 280M

vm_info: Java HotSpot(TM) 64-Bit Server VM (18.0.2+9-61) for windows-amd64 JRE (18.0.2+9-61), built on Jun  7 2022 13:09:01 by "mach5one" with MS VC++ 16.8 / 16.9 (VS2019)

END.
