#
# There is insufficient memory for the Java Runtime Environment to continue.
# Native memory allocation (mmap) failed to map 65536 bytes for Failed to commit metaspace.
# Possible reasons:
#   The system is out of physical RAM or swap space
#   The process is running with CompressedOops enabled, and the Java Heap may be blocking the growth of the native heap
# Possible solutions:
#   Reduce memory load on the system
#   Increase physical memory or swap space
#   Check if swap backing store is full
#   Decrease Java heap size (-Xmx/-Xms)
#   Decrease number of Java threads
#   Decrease Java thread stack sizes (-Xss)
#   Set larger code cache with -XX:ReservedCodeCacheSize=
#   JVM is running with Unscaled Compressed Oops mode in which the Java heap is
#     placed in the first 4GB address space. The Java Heap base address is the
#     maximum limit for the native heap growth. Please use -XX:HeapBaseMinAddress
#     to set the Java Heap base and to place the Java Heap above 4GB virtual address.
# This output file may be truncated or incomplete.
#
#  Out of Memory Error (virtualSpaceNode.cpp:110), pid=21992, tid=22048
#
# JRE version: Java(TM) SE Runtime Environment (18.0.2+9) (build 18.0.2+9-61)
# Java VM: Java HotSpot(TM) 64-Bit Server VM (18.0.2+9-61, mixed mode, sharing, tiered, compressed oops, compressed class ptrs, g1 gc, windows-amd64)
# No core dump will be written. Minidumps are not enabled by default on client versions of Windows
#

---------------  S U M M A R Y ------------

Command Line: -Dapplication.home=C:\Program Files\Java\jdk-18.0.2 --add-modules=ALL-DEFAULT -Xms8m -Djdk.module.main=jdk.compiler jdk.compiler/com.sun.tools.javac.Main -d C:\Users\Suhai\Desktop\EBS\build\classes -classpath C:\Users\Suhai\Desktop\EBS\build\classes;C:\Users\Suhai\Downloads\mysql-connector-j-8.3.0.jar -sourcepath C:\Users\Suhai\Desktop\EBS\src -target 18 -encoding UTF-8 -g -processorpath C:\Users\Suhai\Desktop\EBS\src\mysql-connector-j-8.3.0.jar;C:\Users\Suhai\Downloads\mysql-connector-j-8.3.0.jar;C:\Users\Suhai\Desktop\EBS\build\empty -s C:\Users\Suhai\Desktop\EBS\build\generated-sources\ap-source-output -source 18 C:\Users\Suhai\Desktop\EBS\src\electricity\billing\system\NewCustomer.java

Host: 11th Gen Intel(R) Core(TM) i3-1115G4 @ 3.00GHz, 4 cores, 7G,  Windows 11 , 64 bit Build 22621 (10.0.22621.3235)
Time: Fri Apr 19 18:13:59 2024 India Standard Time elapsed time: 0.170895 seconds (0d 0h 0m 0s)

---------------  T H R E A D  ---------------

Current thread (0x00000297315f23f0):  JavaThread "main" [_thread_in_vm, id=22048, stack(0x000000f247b00000,0x000000f247c00000)]

Stack: [0x000000f247b00000,0x000000f247c00000]
Native frames: (J=compiled Java code, j=interpreted, Vv=VM code, C=native code)
V  [jvm.dll+0x6993ca]
V  [jvm.dll+0x7f481d]
V  [jvm.dll+0x7f612e]
V  [jvm.dll+0x7f67e3]
V  [jvm.dll+0x25cdaf]
V  [jvm.dll+0x7f052b]
V  [jvm.dll+0x63f546]
V  [jvm.dll+0x1d741e]
V  [jvm.dll+0x641eeb]
V  [jvm.dll+0x641cee]
V  [jvm.dll+0x63ff0e]
V  [jvm.dll+0x252940]
V  [jvm.dll+0x20318d]
V  [jvm.dll+0x1f8bb1]
V  [jvm.dll+0x55dc05]
V  [jvm.dll+0x76e993]
V  [jvm.dll+0x76ea74]
V  [jvm.dll+0x42d7b4]
V  [jvm.dll+0x4334bf]
C  [java.dll+0x1971]

Java frames: (J=compiled Java code, j=interpreted, Vv=VM code)
j  java.lang.ClassLoader.defineClass2(Ljava/lang/ClassLoader;Ljava/lang/String;Ljava/nio/ByteBuffer;IILjava/security/ProtectionDomain;Ljava/lang/String;)Ljava/lang/Class;+0 java.base@18.0.2
j  java.lang.ClassLoader.defineClass(Ljava/lang/String;Ljava/nio/ByteBuffer;Ljava/security/ProtectionDomain;)Ljava/lang/Class;+93 java.base@18.0.2
j  java.security.SecureClassLoader.defineClass(Ljava/lang/String;Ljava/nio/ByteBuffer;Ljava/security/CodeSource;)Ljava/lang/Class;+8 java.base@18.0.2
J 465 c1 jdk.internal.loader.BuiltinClassLoader.defineClass(Ljava/lang/String;Ljdk/internal/loader/BuiltinClassLoader$LoadedModule;)Ljava/lang/Class; java.base@18.0.2 (162 bytes) @ 0x000002973955b93c [0x0000029739559d80+0x0000000000001bbc]
J 450 c1 jdk.internal.loader.BuiltinClassLoader.loadClassOrNull(Ljava/lang/String;Z)Ljava/lang/Class; java.base@18.0.2 (143 bytes) @ 0x0000029739550afc [0x00000297395505c0+0x000000000000053c]
J 317 c1 jdk.internal.loader.ClassLoaders$AppClassLoader.loadClass(Ljava/lang/String;Z)Ljava/lang/Class; java.base@18.0.2 (40 bytes) @ 0x000002973951adc4 [0x000002973951abe0+0x00000000000001e4]
J 304 c1 java.lang.ClassLoader.loadClass(Ljava/lang/String;)Ljava/lang/Class; java.base@18.0.2 (7 bytes) @ 0x00000297395155cc [0x00000297395154c0+0x000000000000010c]
v  ~StubRoutines::call_stub
j  com.sun.tools.javac.code.Source$Feature.<clinit>()V+10 jdk.compiler@18.0.2
v  ~StubRoutines::call_stub
j  com.sun.tools.javac.code.Lint.<init>(Lcom/sun/tools/javac/util/Context;)V+102 jdk.compiler@18.0.2
j  com.sun.tools.javac.code.Lint.instance(Lcom/sun/tools/javac/util/Context;)Lcom/sun/tools/javac/code/Lint;+20 jdk.compiler@18.0.2
j  com.sun.tools.javac.processing.JavacProcessingEnvironment.<init>(Lcom/sun/tools/javac/util/Context;)V+111 jdk.compiler@18.0.2
j  com.sun.tools.javac.processing.JavacProcessingEnvironment.instance(Lcom/sun/tools/javac/util/Context;)Lcom/sun/tools/javac/processing/JavacProcessingEnvironment;+19 jdk.compiler@18.0.2
j  com.sun.tools.javac.api.BasicJavacTask.initPlugins(Ljava/util/Set;)V+148 jdk.compiler@18.0.2
j  com.sun.tools.javac.main.Main.compile([Ljava/lang/String;Lcom/sun/tools/javac/util/Context;)Lcom/sun/tools/javac/main/Main$Result;+475 jdk.compiler@18.0.2
j  com.sun.tools.javac.main.Main.compile([Ljava/lang/String;)Lcom/sun/tools/javac/main/Main$Result;+15 jdk.compiler@18.0.2
j  com.sun.tools.javac.Main.compile([Ljava/lang/String;)I+12 jdk.compiler@18.0.2
j  com.sun.tools.javac.Main.main([Ljava/lang/String;)V+1 jdk.compiler@18.0.2
v  ~StubRoutines::call_stub

---------------  P R O C E S S  ---------------

Threads class SMR info:
_java_thread_list=0x0000029753084ef0, length=12, elements={
0x00000297315f23f0, 0x00000297316a6a20, 0x000002974ecb0330, 0x00000297316ad260,
0x000002974ece5ee0, 0x00000297316adb10, 0x00000297316ae3c0, 0x000002974ececf60,
0x000002974ecedff0, 0x000002974ecf2580, 0x0000029731692c10, 0x00000297530d49b0
}

Java Threads: ( => current thread )
=>0x00000297315f23f0 JavaThread "main" [_thread_in_vm, id=22048, stack(0x000000f247b00000,0x000000f247c00000)]
  0x00000297316a6a20 JavaThread "Reference Handler" daemon [_thread_blocked, id=22076, stack(0x000000f248200000,0x000000f248300000)]
  0x000002974ecb0330 JavaThread "Finalizer" daemon [_thread_blocked, id=22080, stack(0x000000f248300000,0x000000f248400000)]
  0x00000297316ad260 JavaThread "Signal Dispatcher" daemon [_thread_blocked, id=22084, stack(0x000000f248400000,0x000000f248500000)]
  0x000002974ece5ee0 JavaThread "Attach Listener" daemon [_thread_blocked, id=22088, stack(0x000000f248500000,0x000000f248600000)]
  0x00000297316adb10 JavaThread "Service Thread" daemon [_thread_blocked, id=22092, stack(0x000000f248600000,0x000000f248700000)]
  0x00000297316ae3c0 JavaThread "Monitor Deflation Thread" daemon [_thread_blocked, id=22096, stack(0x000000f248700000,0x000000f248800000)]
  0x000002974ececf60 JavaThread "C2 CompilerThread0" daemon [_thread_blocked, id=22100, stack(0x000000f248800000,0x000000f248900000)]
  0x000002974ecedff0 JavaThread "C1 CompilerThread0" daemon [_thread_blocked, id=22104, stack(0x000000f248900000,0x000000f248a00000)]
  0x000002974ecf2580 JavaThread "Sweeper thread" daemon [_thread_blocked, id=22108, stack(0x000000f248a00000,0x000000f248b00000)]
  0x0000029731692c10 JavaThread "Common-Cleaner" daemon [_thread_blocked, id=22112, stack(0x000000f248b00000,0x000000f248c00000)]
  0x00000297530d49b0 JavaThread "Notification Thread" daemon [_thread_blocked, id=22116, stack(0x000000f248c00000,0x000000f248d00000)]

Other Threads:
  0x000002973166a040 VMThread "VM Thread" [stack: 0x000000f248100000,0x000000f248200000] [id=22072]
  0x00000297530fcd20 WatcherThread "VM Periodic Task Thread" [stack: 0x000000f248d00000,0x000000f248e00000] [id=22120]
  0x00000297316528f0 WorkerThread "GC Thread#0" [stack: 0x000000f247c00000,0x000000f247d00000] [id=22052]
  0x000002975337b3a0 WorkerThread "GC Thread#1" [stack: 0x000000f248e00000,0x000000f248f00000] [id=22124]
  0x0000029753375b00 WorkerThread "GC Thread#2" [stack: 0x000000f248f00000,0x000000f249000000] [id=22128]
  0x0000029731662db0 ConcurrentGCThread "G1 Main Marker" [stack: 0x000000f247d00000,0x000000f247e00000] [id=22056]
  0x00000297316636b0 WorkerThread "G1 Conc#0" [stack: 0x000000f247e00000,0x000000f247f00000] [id=22060]
  0x000002973167cf00 ConcurrentGCThread "G1 Refine#0" [stack: 0x000000f247f00000,0x000000f248000000] [id=22064]
  0x000002973167d720 ConcurrentGCThread "G1 Service" [stack: 0x000000f248000000,0x000000f248100000] [id=22068]

Threads with active compile tasks:

VM state: not at safepoint (normal execution)

VM Mutex/Monitor currently owned by a thread:  ([mutex/lock_event])
[0x00000297315ecd60] Metaspace_lock - owner thread: 0x00000297315f23f0

Heap address: 0x0000000084c00000, size: 1972 MB, Compressed Oops mode: 32-bit

CDS archive(s) mapped at: [0x0000000800000000-0x0000000800ba0000-0x0000000800ba0000), size 12189696, SharedBaseAddress: 0x0000000800000000, ArchiveRelocationMode: 0.
Compressed class space mapped at: 0x0000000800c00000-0x0000000840c00000, reserved size: 1073741824
Narrow klass base: 0x0000000800000000, Narrow klass shift: 0, Narrow klass range: 0x100000000

GC Precious Log:
 CardTable entry size: 512
 Card Set container configuration: InlinePtr #cards 5 size 8 Array Of Cards #cards 12 size 40 Howl #buckets 4 coarsen threshold 1843 Howl Bitmap #cards 512 size 80 coarsen threshold 460 Card regions per heap region 1 cards per card region 2048
 CPUs: 4 total, 4 available
 Memory: 7886M
 Large Page Support: Disabled
 NUMA Support: Disabled
 Compressed Oops: Enabled (32-bit)
 Heap Region Size: 1M
 Heap Min Capacity: 8M
 Heap Initial Capacity: 8M
 Heap Max Capacity: 1972M
 Pre-touch: Disabled
 Parallel Workers: 4
 Concurrent Workers: 1
 Concurrent Refinement Workers: 4
 Periodic GC: Disabled

Heap:
 garbage-first heap   total 8192K, used 1173K [0x0000000084c00000, 0x0000000100000000)
  region size 1024K, 2 young (2048K), 1 survivors (1024K)
 Metaspace       used 2853K, committed 3008K, reserved 1114112K
  class space    used 360K, committed 448K, reserved 1048576K

Heap Regions: E=young(eden), S=young(survivor), O=old, HS=humongous(starts), HC=humongous(continues), CS=collection set, F=free, OA=open archive, CA=closed archive, TAMS=top-at-mark-start (previous, next)
|   0|0x0000000084c00000, 0x0000000084c25400, 0x0000000084d00000| 14%| O|  |TAMS 0x0000000084c00000, 0x0000000084c00000| Untracked 
|   1|0x0000000084d00000, 0x0000000084d00000, 0x0000000084e00000|  0%| F|  |TAMS 0x0000000084d00000, 0x0000000084d00000| Untracked 
|   2|0x0000000084e00000, 0x0000000084e00000, 0x0000000084f00000|  0%| F|  |TAMS 0x0000000084e00000, 0x0000000084e00000| Untracked 
|   3|0x0000000084f00000, 0x0000000084f00000, 0x0000000085000000|  0%| F|  |TAMS 0x0000000084f00000, 0x0000000084f00000| Untracked 
|   4|0x0000000085000000, 0x0000000085100000, 0x0000000085100000|100%| S|CS|TAMS 0x0000000085000000, 0x0000000085000000| Complete 
|   5|0x0000000085100000, 0x0000000085100000, 0x0000000085200000|  0%| F|  |TAMS 0x0000000085100000, 0x0000000085100000| Untracked 
|   6|0x0000000085200000, 0x0000000085200000, 0x0000000085300000|  0%| F|  |TAMS 0x0000000085200000, 0x0000000085200000| Untracked 
|   7|0x0000000085300000, 0x00000000853147c0, 0x0000000085400000|  8%| E|  |TAMS 0x0000000085300000, 0x0000000085300000| Complete 

Card table byte_map: [0x0000029748300000,0x00000297486e0000] _byte_map_base: 0x0000029747eda000

Marking Bits (Prev, Next): (CMBitMap*) 0x0000029731652e00, (CMBitMap*) 0x0000029731652e40
 Prev Bits: [0x0000029748ac0000, 0x000002974a990000)
 Next Bits: [0x000002974a990000, 0x000002974c860000)

Polling page: 0x0000029730db0000

Metaspace:

Usage:
  Non-class:      2.43 MB used.
      Class:    360.88 KB used.
       Both:      2.79 MB used.

Virtual space:
  Non-class space:       64.00 MB reserved,       2.50 MB (  4%) committed,  1 nodes.
      Class space:        1.00 GB reserved,     448.00 KB ( <1%) committed,  1 nodes.
             Both:        1.06 GB reserved,       2.94 MB ( <1%) committed. 

Chunk freelists:
   Non-Class:  2.42 MB
       Class:  3.45 MB
        Both:  5.88 MB

MaxMetaspaceSize: unlimited
CompressedClassSpaceSize: 1.00 GB
Initial GC threshold: 21.00 MB
Current GC threshold: 21.00 MB
CDS: on
MetaspaceReclaimPolicy: balanced
 - commit_granule_bytes: 65536.
 - commit_granule_words: 8192.
 - virtual_space_node_default_size: 8388608.
 - enlarge_chunks_in_place: 1.
 - new_chunks_are_fully_committed: 0.
 - uncommit_free_chunks: 1.
 - use_allocation_guard: 0.


Internal statistics:

num_allocs_failed_limit: 0.
num_arena_births: 42.
num_arena_deaths: 0.
num_vsnodes_births: 2.
num_vsnodes_deaths: 0.
num_space_committed: 47.
num_space_uncommitted: 0.
num_chunks_returned_to_freelist: 0.
num_chunks_taken_from_freelist: 134.
num_chunk_merges: 0.
num_chunk_splits: 89.
num_chunks_enlarged: 67.
num_inconsistent_stats: 0.

CodeHeap 'non-profiled nmethods': size=120000Kb used=156Kb max_used=156Kb free=119843Kb
 bounds [0x00000297409f0000, 0x0000029740c60000, 0x0000029747f20000]
CodeHeap 'profiled nmethods': size=120000Kb used=634Kb max_used=634Kb free=119366Kb
 bounds [0x00000297394c0000, 0x0000029739730000, 0x00000297409f0000]
CodeHeap 'non-nmethods': size=5760Kb used=1138Kb max_used=1152Kb free=4622Kb
 bounds [0x0000029738f20000, 0x0000029739190000, 0x00000297394c0000]
 total_blobs=865 nmethods=468 adapters=310
 compilation: enabled
              stopped_count=0, restarted_count=0
 full_count=0

Compilation events (20 events):
Event: 0.151 Thread 0x000002974ececf60 nmethod 453 0x0000029740a15590 code [0x0000029740a15700, 0x0000029740a15898]
Event: 0.151 Thread 0x000002974ececf60  458       4       jdk.internal.misc.Unsafe::putReferenceRelease (9 bytes)
Event: 0.152 Thread 0x000002974ecedff0  460       3       java.lang.StringConcatHelper::newString (67 bytes)
Event: 0.152 Thread 0x000002974ecedff0 nmethod 460 0x0000029739557610 code [0x0000029739557880, 0x0000029739558308]
Event: 0.152 Thread 0x000002974ececf60 nmethod 458 0x0000029740a15990 code [0x0000029740a15b00, 0x0000029740a15c38]
Event: 0.152 Thread 0x000002974ececf60  461       4       java.lang.AbstractStringBuilder::ensureCapacityInternal (39 bytes)
Event: 0.156 Thread 0x000002974ececf60 nmethod 461 0x0000029740a15c90 code [0x0000029740a15e20, 0x0000029740a16288]
Event: 0.156 Thread 0x000002974ececf60  462       4       jdk.internal.jimage.ImageStringsReader::stringFromByteBufferMatches (133 bytes)
Event: 0.156 Thread 0x000002974ecedff0  463       3       jdk.internal.jimage.ImageLocation::decompress (116 bytes)
Event: 0.157 Thread 0x000002974ecedff0 nmethod 463 0x0000029739558690 code [0x0000029739558920, 0x0000029739559448]
Event: 0.157 Thread 0x000002974ecedff0  465   !   3       jdk.internal.loader.BuiltinClassLoader::defineClass (162 bytes)
Event: 0.159 Thread 0x000002974ececf60 nmethod 462 0x0000029740a16410 code [0x0000029740a165c0, 0x0000029740a16948]
Event: 0.159 Thread 0x000002974ececf60  464       4       java.lang.StringLatin1::indexOfChar (33 bytes)
Event: 0.159 Thread 0x000002974ecedff0 nmethod 465 0x0000029739559890 code [0x0000029739559d80, 0x000002973955c668]
Event: 0.160 Thread 0x000002974ecedff0  466       3       java.nio.ByteBuffer::<init> (14 bytes)
Event: 0.160 Thread 0x000002974ecedff0 nmethod 466 0x000002973955da10 code [0x000002973955dbc0, 0x000002973955dd08]
Event: 0.160 Thread 0x000002974ecedff0  467       3       java.nio.MappedByteBuffer::limit (6 bytes)
Event: 0.160 Thread 0x000002974ecedff0 nmethod 467 0x000002973955de10 code [0x000002973955dfc0, 0x000002973955e1c8]
Event: 0.160 Thread 0x000002974ecedff0  468       3       java.nio.MappedByteBuffer::position (6 bytes)
Event: 0.160 Thread 0x000002974ecedff0 nmethod 468 0x000002973955e310 code [0x000002973955e4c0, 0x000002973955e6c8]

GC Heap History (2 events):
Event: 0.153 GC heap before
{Heap before GC invocations=0 (full 0):
 garbage-first heap   total 8192K, used 3072K [0x0000000084c00000, 0x0000000100000000)
  region size 1024K, 3 young (3072K), 0 survivors (0K)
 Metaspace       used 2716K, committed 2944K, reserved 1114112K
  class space    used 334K, committed 448K, reserved 1048576K
}
Event: 0.156 GC heap after
{Heap after GC invocations=1 (full 0):
 garbage-first heap   total 8192K, used 1173K [0x0000000084c00000, 0x0000000100000000)
  region size 1024K, 1 young (1024K), 1 survivors (1024K)
 Metaspace       used 2716K, committed 2944K, reserved 1114112K
  class space    used 334K, committed 448K, reserved 1048576K
}

Deoptimization events (20 events):
Event: 0.098 Thread 0x00000297315f23f0 Uncommon trap: trap_request=0xffffffc6 fr.pc=0x0000029740a01a14 relative=0x0000000000000af4
Event: 0.098 Thread 0x00000297315f23f0 Uncommon trap: reason=bimorphic_or_optimized_type_check action=maybe_recompile pc=0x0000029740a01a14 method=java.util.HashMap.putVal(ILjava/lang/Object;Ljava/lang/Object;ZZ)Ljava/lang/Object; @ 56 c2
Event: 0.098 Thread 0x00000297315f23f0 DEOPT PACKING pc=0x0000029740a01a14 sp=0x000000f247bfdfc0
Event: 0.098 Thread 0x00000297315f23f0 DEOPT UNPACKING pc=0x0000029738f75c23 sp=0x000000f247bfdf48 mode 2
Event: 0.098 Thread 0x00000297315f23f0 Uncommon trap: trap_request=0xffffffc6 fr.pc=0x0000029740a01a14 relative=0x0000000000000af4
Event: 0.098 Thread 0x00000297315f23f0 Uncommon trap: reason=bimorphic_or_optimized_type_check action=maybe_recompile pc=0x0000029740a01a14 method=java.util.HashMap.putVal(ILjava/lang/Object;Ljava/lang/Object;ZZ)Ljava/lang/Object; @ 56 c2
Event: 0.098 Thread 0x00000297315f23f0 DEOPT PACKING pc=0x0000029740a01a14 sp=0x000000f247bfdfc0
Event: 0.098 Thread 0x00000297315f23f0 DEOPT UNPACKING pc=0x0000029738f75c23 sp=0x000000f247bfdf48 mode 2
Event: 0.098 Thread 0x00000297315f23f0 Uncommon trap: trap_request=0xffffffc6 fr.pc=0x0000029740a01a14 relative=0x0000000000000af4
Event: 0.098 Thread 0x00000297315f23f0 Uncommon trap: reason=bimorphic_or_optimized_type_check action=maybe_recompile pc=0x0000029740a01a14 method=java.util.HashMap.putVal(ILjava/lang/Object;Ljava/lang/Object;ZZ)Ljava/lang/Object; @ 56 c2
Event: 0.098 Thread 0x00000297315f23f0 DEOPT PACKING pc=0x0000029740a01a14 sp=0x000000f247bfdfc0
Event: 0.098 Thread 0x00000297315f23f0 DEOPT UNPACKING pc=0x0000029738f75c23 sp=0x000000f247bfdf48 mode 2
Event: 0.098 Thread 0x00000297315f23f0 Uncommon trap: trap_request=0xffffffc6 fr.pc=0x0000029740a01a14 relative=0x0000000000000af4
Event: 0.098 Thread 0x00000297315f23f0 Uncommon trap: reason=bimorphic_or_optimized_type_check action=maybe_recompile pc=0x0000029740a01a14 method=java.util.HashMap.putVal(ILjava/lang/Object;Ljava/lang/Object;ZZ)Ljava/lang/Object; @ 56 c2
Event: 0.098 Thread 0x00000297315f23f0 DEOPT PACKING pc=0x0000029740a01a14 sp=0x000000f247bfdfc0
Event: 0.098 Thread 0x00000297315f23f0 DEOPT UNPACKING pc=0x0000029738f75c23 sp=0x000000f247bfdf48 mode 2
Event: 0.147 Thread 0x00000297315f23f0 DEOPT PACKING pc=0x00000297394e97e7 sp=0x000000f247bfa870
Event: 0.148 Thread 0x00000297315f23f0 DEOPT UNPACKING pc=0x0000029738f76763 sp=0x000000f247bf9c90 mode 0
Event: 0.157 Thread 0x00000297315f23f0 DEOPT PACKING pc=0x00000297394e8b51 sp=0x000000f247bfa870
Event: 0.157 Thread 0x00000297315f23f0 DEOPT UNPACKING pc=0x0000029738f76763 sp=0x000000f247bf9ce8 mode 0

Classes loaded (20 events):
Event: 0.128 Loading class jdk/internal/jimage/ImageBufferCache$2
Event: 0.128 Loading class jdk/internal/jimage/ImageBufferCache$2 done
Event: 0.128 Loading class java/util/AbstractMap$SimpleEntry
Event: 0.128 Loading class java/util/AbstractMap$SimpleEntry done
Event: 0.128 Loading class java/io/InputStreamReader
Event: 0.128 Loading class java/io/InputStreamReader done
Event: 0.128 Loading class sun/nio/cs/StreamDecoder
Event: 0.128 Loading class sun/nio/cs/StreamDecoder done
Event: 0.128 Loading class sun/nio/cs/UTF_8$Decoder
Event: 0.128 Loading class sun/nio/cs/UTF_8$Decoder done
Event: 0.129 Loading class java/util/LinkedHashMap$LinkedKeySet
Event: 0.129 Loading class java/util/LinkedHashMap$LinkedKeySet done
Event: 0.129 Loading class java/util/LinkedHashMap$LinkedKeyIterator
Event: 0.129 Loading class java/util/LinkedHashMap$LinkedKeyIterator done
Event: 0.134 Loading class sun/nio/fs/WindowsException
Event: 0.134 Loading class sun/nio/fs/WindowsException done
Event: 0.135 Loading class sun/nio/fs/WindowsDirectoryStream
Event: 0.135 Loading class sun/nio/fs/WindowsDirectoryStream done
Event: 0.145 Loading class java/io/StringWriter
Event: 0.145 Loading class java/io/StringWriter done

Classes unloaded (0 events):
No events

Classes redefined (0 events):
No events

Internal exceptions (11 events):
Event: 0.096 Thread 0x00000297315f23f0 Exception <a 'java/lang/NoSuchMethodError'{0x00000000852e88b0}: 'void java.lang.invoke.DirectMethodHandle$Holder.invokeSpecial(java.lang.Object, java.lang.Object, java.lang.Object)'> (0x00000000852e88b0) 
thrown [s\open\src\hotspot\share\interpreter\linkResolver.cpp, line 759]
Event: 0.121 Thread 0x00000297315f23f0 Exception <a 'java/lang/NoSuchMethodError'{0x0000000085140ab8}: 'java.lang.Object java.lang.invoke.DirectMethodHandle$Holder.invokeVirtual(java.lang.Object, java.lang.Object, java.lang.Object)'> (0x0000000085140ab8) 
thrown [s\open\src\hotspot\share\interpreter\linkResolver.cpp, line 759]
Event: 0.122 Thread 0x00000297315f23f0 Exception <a 'java/lang/NoSuchMethodError'{0x000000008514b488}: 'int java.lang.invoke.DirectMethodHandle$Holder.invokeInterface(java.lang.Object, java.lang.Object)'> (0x000000008514b488) 
thrown [s\open\src\hotspot\share\interpreter\linkResolver.cpp, line 759]
Event: 0.134 Thread 0x00000297315f23f0 Exception <a 'sun/nio/fs/WindowsException'{0x0000000085191e90}> (0x0000000085191e90) 
thrown [s\open\src\hotspot\share\prims\jni.cpp, line 516]
Event: 0.135 Thread 0x00000297315f23f0 Exception <a 'sun/nio/fs/WindowsException'{0x0000000085193668}> (0x0000000085193668) 
thrown [s\open\src\hotspot\share\prims\jni.cpp, line 516]
Event: 0.135 Thread 0x00000297315f23f0 Exception <a 'sun/nio/fs/WindowsException'{0x0000000085193cb8}> (0x0000000085193cb8) 
thrown [s\open\src\hotspot\share\prims\jni.cpp, line 516]
Event: 0.135 Thread 0x00000297315f23f0 Exception <a 'sun/nio/fs/WindowsException'{0x0000000085194708}> (0x0000000085194708) 
thrown [s\open\src\hotspot\share\prims\jni.cpp, line 516]
Event: 0.135 Thread 0x00000297315f23f0 Exception <a 'sun/nio/fs/WindowsException'{0x0000000085194968}> (0x0000000085194968) 
thrown [s\open\src\hotspot\share\prims\jni.cpp, line 516]
Event: 0.136 Thread 0x00000297315f23f0 Exception <a 'java/lang/NoSuchMethodError'{0x0000000085199ad8}: 'int java.lang.invoke.DirectMethodHandle$Holder.invokeVirtual(java.lang.Object, java.lang.Object, java.lang.Object)'> (0x0000000085199ad8) 
thrown [s\open\src\hotspot\share\interpreter\linkResolver.cpp, line 759]
Event: 0.137 Thread 0x00000297315f23f0 Exception <a 'java/lang/NoSuchMethodError'{0x00000000851a00f8}: 'void java.lang.invoke.DirectMethodHandle$Holder.invokeInterface(java.lang.Object, java.lang.Object, java.lang.Object)'> (0x00000000851a00f8) 
thrown [s\open\src\hotspot\share\interpreter\linkResolver.cpp, line 759]
Event: 0.142 Thread 0x00000297315f23f0 Exception <a 'java/lang/NoSuchMethodError'{0x00000000851ceb58}: 'java.lang.Object java.lang.invoke.DirectMethodHandle$Holder.invokeStaticInit(java.lang.Object)'> (0x00000000851ceb58) 
thrown [s\open\src\hotspot\share\interpreter\linkResolver.cpp, line 759]

VM Operations (10 events):
Event: 0.041 Executing VM operation: HandshakeAllThreads
Event: 0.041 Executing VM operation: HandshakeAllThreads done
Event: 0.098 Executing VM operation: HandshakeAllThreads
Event: 0.098 Executing VM operation: HandshakeAllThreads done
Event: 0.120 Executing VM operation: HandshakeAllThreads
Event: 0.120 Executing VM operation: HandshakeAllThreads done
Event: 0.125 Executing VM operation: HandshakeAllThreads
Event: 0.125 Executing VM operation: HandshakeAllThreads done
Event: 0.153 Executing VM operation: G1CollectForAllocation
Event: 0.156 Executing VM operation: G1CollectForAllocation done

Events (18 events):
Event: 0.005 Loaded shared library C:\Program Files\Java\jdk-18.0.2\bin\java.dll
Event: 0.013 Loaded shared library C:\Program Files\Java\jdk-18.0.2\bin\jsvml.dll
Event: 0.013 Thread 0x00000297315f23f0 Thread added: 0x00000297315f23f0
Event: 0.015 Thread 0x00000297316a6a20 Thread added: 0x00000297316a6a20
Event: 0.015 Thread 0x000002974ecb0330 Thread added: 0x000002974ecb0330
Event: 0.021 Thread 0x00000297316ad260 Thread added: 0x00000297316ad260
Event: 0.021 Thread 0x000002974ece5ee0 Thread added: 0x000002974ece5ee0
Event: 0.022 Thread 0x00000297316adb10 Thread added: 0x00000297316adb10
Event: 0.022 Thread 0x00000297316ae3c0 Thread added: 0x00000297316ae3c0
Event: 0.022 Thread 0x000002974ececf60 Thread added: 0x000002974ececf60
Event: 0.022 Thread 0x000002974ecedff0 Thread added: 0x000002974ecedff0
Event: 0.022 Thread 0x000002974ecf2580 Thread added: 0x000002974ecf2580
Event: 0.037 Thread 0x0000029731692c10 Thread added: 0x0000029731692c10
Event: 0.050 Thread 0x00000297530d49b0 Thread added: 0x00000297530d49b0
Event: 0.053 Loaded shared library C:\Program Files\Java\jdk-18.0.2\bin\jimage.dll
Event: 0.106 Loaded shared library C:\Program Files\Java\jdk-18.0.2\bin\net.dll
Event: 0.107 Loaded shared library C:\Program Files\Java\jdk-18.0.2\bin\nio.dll
Event: 0.132 Loaded shared library C:\Program Files\Java\jdk-18.0.2\bin\zip.dll


Dynamic libraries:
0x00007ff7b3650000 - 0x00007ff7b3658000 	C:\Program Files\Java\jdk-18.0.2\bin\javac.exe
0x00007fff183f0000 - 0x00007fff18606000 	C:\WINDOWS\SYSTEM32\ntdll.dll
0x00007fff163a0000 - 0x00007fff16464000 	C:\WINDOWS\System32\KERNEL32.DLL
0x00007fff157f0000 - 0x00007fff15b96000 	C:\WINDOWS\System32\KERNELBASE.dll
0x00007fff16020000 - 0x00007fff16131000 	C:\WINDOWS\System32\ucrtbase.dll
0x00007fff00240000 - 0x00007fff0025a000 	C:\Program Files\Java\jdk-18.0.2\bin\VCRUNTIME140.dll
0x00007ffeff310000 - 0x00007ffeff328000 	C:\Program Files\Java\jdk-18.0.2\bin\jli.dll
0x00007fff170d0000 - 0x00007fff17182000 	C:\WINDOWS\System32\ADVAPI32.dll
0x00007fff17780000 - 0x00007fff17827000 	C:\WINDOWS\System32\msvcrt.dll
0x00007fff16df0000 - 0x00007fff16e98000 	C:\WINDOWS\System32\sechost.dll
0x00007fff15c40000 - 0x00007fff15c68000 	C:\WINDOWS\System32\bcrypt.dll
0x00007fff16470000 - 0x00007fff16585000 	C:\WINDOWS\System32\RPCRT4.dll
0x00007fff16ea0000 - 0x00007fff1704d000 	C:\WINDOWS\System32\USER32.dll
0x00007fff15ff0000 - 0x00007fff16016000 	C:\WINDOWS\System32\win32u.dll
0x00007ffeff890000 - 0x00007ffeffb23000 	C:\WINDOWS\WinSxS\amd64_microsoft.windows.common-controls_6595b64144ccf1df_6.0.22621.3235_none_270f74e173860f98\COMCTL32.dll
0x00007fff16720000 - 0x00007fff16749000 	C:\WINDOWS\System32\GDI32.dll
0x00007fff15de0000 - 0x00007fff15ef8000 	C:\WINDOWS\System32\gdi32full.dll
0x00007fff15ba0000 - 0x00007fff15c3a000 	C:\WINDOWS\System32\msvcp_win.dll
0x00007fff087b0000 - 0x00007fff087ba000 	C:\WINDOWS\SYSTEM32\VERSION.dll
0x00007fff16db0000 - 0x00007fff16de1000 	C:\WINDOWS\System32\IMM32.DLL
0x00007ffeffbc0000 - 0x00007ffeffbcc000 	C:\Program Files\Java\jdk-18.0.2\bin\vcruntime140_1.dll
0x00007ffedc3b0000 - 0x00007ffedc43d000 	C:\Program Files\Java\jdk-18.0.2\bin\msvcp140.dll
0x00007ffed1190000 - 0x00007ffed1da1000 	C:\Program Files\Java\jdk-18.0.2\bin\server\jvm.dll
0x00007fff172f0000 - 0x00007fff172f8000 	C:\WINDOWS\System32\PSAPI.DLL
0x00007fff09150000 - 0x00007fff09184000 	C:\WINDOWS\SYSTEM32\WINMM.dll
0x00007fff07fe0000 - 0x00007fff07fe9000 	C:\WINDOWS\SYSTEM32\WSOCK32.dll
0x00007fff17050000 - 0x00007fff170c1000 	C:\WINDOWS\System32\WS2_32.dll
0x00007fff14830000 - 0x00007fff14848000 	C:\WINDOWS\SYSTEM32\kernel.appcore.dll
0x00007ffeffbb0000 - 0x00007ffeffbba000 	C:\Program Files\Java\jdk-18.0.2\bin\jimage.dll
0x00007fff13010000 - 0x00007fff13243000 	C:\WINDOWS\SYSTEM32\DBGHELP.DLL
0x00007fff16960000 - 0x00007fff16ce8000 	C:\WINDOWS\System32\combase.dll
0x00007fff162c0000 - 0x00007fff16397000 	C:\WINDOWS\System32\OLEAUT32.dll
0x00007ffef5de0000 - 0x00007ffef5e12000 	C:\WINDOWS\SYSTEM32\dbgcore.DLL
0x00007fff15f70000 - 0x00007fff15fea000 	C:\WINDOWS\System32\bcryptPrimitives.dll
0x00007ffef3c20000 - 0x00007ffef3c45000 	C:\Program Files\Java\jdk-18.0.2\bin\java.dll
0x00007ffeddc00000 - 0x00007ffeddcd6000 	C:\Program Files\Java\jdk-18.0.2\bin\jsvml.dll
0x00007fff178a0000 - 0x00007fff180fd000 	C:\WINDOWS\System32\SHELL32.dll
0x00007fff13640000 - 0x00007fff13f38000 	C:\WINDOWS\SYSTEM32\windows.storage.dll
0x00007fff13500000 - 0x00007fff1363e000 	C:\WINDOWS\SYSTEM32\wintypes.dll
0x00007fff16620000 - 0x00007fff16713000 	C:\WINDOWS\System32\SHCORE.dll
0x00007fff18100000 - 0x00007fff1815e000 	C:\WINDOWS\System32\shlwapi.dll
0x00007fff15660000 - 0x00007fff15686000 	C:\WINDOWS\SYSTEM32\profapi.dll
0x00007ffeffb50000 - 0x00007ffeffb63000 	C:\Program Files\Java\jdk-18.0.2\bin\net.dll
0x00007fff0b460000 - 0x00007fff0b597000 	C:\WINDOWS\SYSTEM32\WINHTTP.dll
0x00007fff14ce0000 - 0x00007fff14d49000 	C:\WINDOWS\system32\mswsock.dll
0x00007ffefcc80000 - 0x00007ffefcc96000 	C:\Program Files\Java\jdk-18.0.2\bin\nio.dll
0x00007ffefc880000 - 0x00007ffefc898000 	C:\Program Files\Java\jdk-18.0.2\bin\zip.dll

dbghelp: loaded successfully - version: 4.0.5 - missing functions: none
symbol engine: initialized successfully - sym options: 0x614 - pdb path: .;C:\Program Files\Java\jdk-18.0.2\bin;C:\WINDOWS\SYSTEM32;C:\WINDOWS\WinSxS\amd64_microsoft.windows.common-controls_6595b64144ccf1df_6.0.22621.3235_none_270f74e173860f98;C:\Program Files\Java\jdk-18.0.2\bin\server

VM Arguments:
jvm_args: -Dapplication.home=C:\Program Files\Java\jdk-18.0.2 --add-modules=ALL-DEFAULT -Xms8m -Djdk.module.main=jdk.compiler 
java_command: jdk.compiler/com.sun.tools.javac.Main -d C:\Users\Suhai\Desktop\EBS\build\classes -classpath C:\Users\Suhai\Desktop\EBS\build\classes;C:\Users\Suhai\Downloads\mysql-connector-j-8.3.0.jar -sourcepath C:\Users\Suhai\Desktop\EBS\src -target 18 -encoding UTF-8 -g -processorpath C:\Users\Suhai\Desktop\EBS\src\mysql-connector-j-8.3.0.jar;C:\Users\Suhai\Downloads\mysql-connector-j-8.3.0.jar;C:\Users\Suhai\Desktop\EBS\build\empty -s C:\Users\Suhai\Desktop\EBS\build\generated-sources\ap-source-output -source 18 C:\Users\Suhai\Desktop\EBS\src\electricity\billing\system\NewCustomer.java
java_class_path (initial): <not set>
Launcher Type: SUN_STANDARD

[Global flags]
     intx CICompilerCount                          = 3                                         {product} {ergonomic}
     uint ConcGCThreads                            = 1                                         {product} {ergonomic}
     uint G1ConcRefinementThreads                  = 4                                         {product} {ergonomic}
   size_t G1HeapRegionSize                         = 1048576                                   {product} {ergonomic}
    uintx GCDrainStackTargetSize                   = 64                                        {product} {ergonomic}
   size_t InitialHeapSize                          = 8388608                                   {product} {command line}
   size_t MarkStackSize                            = 4194304                                   {product} {ergonomic}
   size_t MaxHeapSize                              = 2067791872                                {product} {ergonomic}
   size_t MaxNewSize                               = 1240465408                                {product} {ergonomic}
   size_t MinHeapDeltaBytes                        = 1048576                                   {product} {ergonomic}
   size_t MinHeapSize                              = 8388608                                   {product} {command line}
    uintx NonNMethodCodeHeapSize                   = 5832780                                {pd product} {ergonomic}
    uintx NonProfiledCodeHeapSize                  = 122912730                              {pd product} {ergonomic}
    uintx ProfiledCodeHeapSize                     = 122912730                              {pd product} {ergonomic}
    uintx ReservedCodeCacheSize                    = 251658240                              {pd product} {ergonomic}
     bool SegmentedCodeCache                       = true                                      {product} {ergonomic}
   size_t SoftMaxHeapSize                          = 2067791872                             {manageable} {ergonomic}
     bool UseCompressedClassPointers               = true                           {product lp64_product} {ergonomic}
     bool UseCompressedOops                        = true                           {product lp64_product} {ergonomic}
     bool UseG1GC                                  = true                                      {product} {ergonomic}
     bool UseLargePagesIndividualAllocation        = false                                  {pd product} {ergonomic}

Logging:
Log output configuration:
 #0: stdout all=warning uptime,level,tags foldmultilines=false
 #1: stderr all=off uptime,level,tags foldmultilines=false

Environment Variables:
JAVA_HOME=C:\Program Files\Java\jdk-18.0.2
PATH=C:\Program Files\Common Files\Oracle\Java\javapath;C:\WINDOWS\system32;C:\WINDOWS;C:\WINDOWS\System32\Wbem;C:\WINDOWS\System32\WindowsPowerShell\v1.0\;C:\WINDOWS\System32\OpenSSH\;C:\Program Files (x86)\Common Files\Acronis\SnapAPI\;%JAVA_HOME%\bin\;C:\Program Files\dotnet\;C:\Program Files\Git\cmd;C:\Program Files\MySQL\MySQL Shell 8.0\bin\;C:\Users\Suhai\AppData\Local\Microsoft\WindowsApps;C:\Program Files\JetBrains\IntelliJ IDEA Community Edition 2022.1.4\bin;C:\Users\Suhai\.dotnet\tools;C:\Users\Suhai\AppData\Local\Programs\Microsoft VS Code\bin;C:\Users\Suhai\AppData\Local\Programs\Hyper\resources\bin
USERNAME=Suhai
OS=Windows_NT
PROCESSOR_IDENTIFIER=Intel64 Family 6 Model 140 Stepping 1, GenuineIntel



---------------  S Y S T E M  ---------------

OS:
 Windows 11 , 64 bit Build 22621 (10.0.22621.3235)
OS uptime: 0 days 3:26 hours
Hyper-V role detected

CPU: total 4 (initial active 4) (2 cores per cpu, 2 threads per core) family 6 model 140 stepping 1 microcode 0xa6, cx8, cmov, fxsr, ht, mmx, 3dnowpref, sse, sse2, sse3, ssse3, sse4.1, sse4.2, popcnt, lzcnt, tsc, tscinvbit, avx, avx2, aes, erms, clmul, bmi1, bmi2, adx, avx512f, avx512dq, avx512cd, avx512bw, avx512vl, sha, fma, vzeroupper, avx512_vpopcntdq, avx512_vpclmulqdq, avx512_vaes, avx512_vnni, clflush, clflushopt, clwb, avx512_vbmi2, avx512_vbmi, hv

Memory: 4k page, system-wide physical 7886M (635M free)
TotalPageFile size 26227M (AvailPageFile size 5M)
current process WorkingSet (physical memory assigned to process): 43M, peak: 43M
current process commit charge ("private bytes"): 82M, peak: 82M

vm_info: Java HotSpot(TM) 64-Bit Server VM (18.0.2+9-61) for windows-amd64 JRE (18.0.2+9-61), built on Jun  7 2022 13:09:01 by "mach5one" with MS VC++ 16.8 / 16.9 (VS2019)

END.
