#
# There is insufficient memory for the Java Runtime Environment to continue.
# Native memory allocation (mmap) failed to map 65536 bytes for Failed to commit metaspace.
# Possible reasons:
#   The system is out of physical RAM or swap space
#   The process is running with CompressedOops enabled, and the Java Heap may be blocking the growth of the native heap
# Possible solutions:
#   Reduce memory load on the system
#   Increase physical memory or swap space
#   Check if swap backing store is full
#   Decrease Java heap size (-Xmx/-Xms)
#   Decrease number of Java threads
#   Decrease Java thread stack sizes (-Xss)
#   Set larger code cache with -XX:ReservedCodeCacheSize=
#   JVM is running with Unscaled Compressed Oops mode in which the Java heap is
#     placed in the first 4GB address space. The Java Heap base address is the
#     maximum limit for the native heap growth. Please use -XX:HeapBaseMinAddress
#     to set the Java Heap base and to place the Java Heap above 4GB virtual address.
# This output file may be truncated or incomplete.
#
#  Out of Memory Error (virtualSpaceNode.cpp:110), pid=21740, tid=21792
#
# JRE version: Java(TM) SE Runtime Environment (18.0.2+9) (build 18.0.2+9-61)
# Java VM: Java HotSpot(TM) 64-Bit Server VM (18.0.2+9-61, mixed mode, sharing, tiered, compressed oops, compressed class ptrs, g1 gc, windows-amd64)
# No core dump will be written. Minidumps are not enabled by default on client versions of Windows
#

---------------  S U M M A R Y ------------

Command Line: -Dapplication.home=C:\Program Files\Java\jdk-18.0.2 --add-modules=ALL-DEFAULT -Xms8m -Djdk.module.main=jdk.compiler jdk.compiler/com.sun.tools.javac.Main -d C:\Users\Suhai\Desktop\EBS\build\classes -classpath C:\Users\Suhai\Desktop\EBS\build\classes;C:\Users\Suhai\Downloads\mysql-connector-j-8.3.0.jar -sourcepath C:\Users\Suhai\Desktop\EBS\src -target 18 -encoding UTF-8 -g -processorpath C:\Users\Suhai\Desktop\EBS\src\mysql-connector-j-8.3.0.jar;C:\Users\Suhai\Downloads\mysql-connector-j-8.3.0.jar;C:\Users\Suhai\Desktop\EBS\build\empty -s C:\Users\Suhai\Desktop\EBS\build\generated-sources\ap-source-output -source 18 C:\Users\Suhai\Desktop\EBS\src\electricity\billing\system\NewCustomer.java

Host: 11th Gen Intel(R) Core(TM) i3-1115G4 @ 3.00GHz, 4 cores, 7G,  Windows 11 , 64 bit Build 22621 (10.0.22621.3235)
Time: Fri Apr 19 18:13:51 2024 India Standard Time elapsed time: 0.379156 seconds (0d 0h 0m 0s)

---------------  T H R E A D  ---------------

Current thread (0x000001e04d5729f0):  JavaThread "main" [_thread_in_vm, id=21792, stack(0x0000000e39f00000,0x0000000e3a000000)]

Stack: [0x0000000e39f00000,0x0000000e3a000000]
Native frames: (J=compiled Java code, j=interpreted, Vv=VM code, C=native code)
V  [jvm.dll+0x6993ca]
V  [jvm.dll+0x7f481d]
V  [jvm.dll+0x7f612e]
V  [jvm.dll+0x7f67e3]
V  [jvm.dll+0x25cdaf]
V  [jvm.dll+0x7f052b]
V  [jvm.dll+0x63f546]
V  [jvm.dll+0x1d741e]
V  [jvm.dll+0x641eeb]
V  [jvm.dll+0x641cee]
V  [jvm.dll+0x63ff0e]
V  [jvm.dll+0x25152f]
V  [jvm.dll+0x64a545]
V  [jvm.dll+0x2027b1]
V  [jvm.dll+0x202ce5]
V  [jvm.dll+0x20371f]
V  [jvm.dll+0x1f8bb1]
V  [jvm.dll+0x55dc05]
V  [jvm.dll+0x76e993]
V  [jvm.dll+0x76ea74]
V  [jvm.dll+0x42d7b4]
V  [jvm.dll+0x4334bf]
C  [java.dll+0x1971]

Java frames: (J=compiled Java code, j=interpreted, Vv=VM code)
J 523  java.lang.ClassLoader.defineClass2(Ljava/lang/ClassLoader;Ljava/lang/String;Ljava/nio/ByteBuffer;IILjava/security/ProtectionDomain;Ljava/lang/String;)Ljava/lang/Class; java.base@18.0.2 (0 bytes) @ 0x000001e05c99b4e3 [0x000001e05c99b420+0x00000000000000c3]
J 517 c1 java.lang.ClassLoader.defineClass(Ljava/lang/String;Ljava/nio/ByteBuffer;Ljava/security/ProtectionDomain;)Ljava/lang/Class; java.base@18.0.2 (108 bytes) @ 0x000001e0554f3fa4 [0x000001e0554f3800+0x00000000000007a4]
J 494 c1 java.security.SecureClassLoader.defineClass(Ljava/lang/String;Ljava/nio/ByteBuffer;Ljava/security/CodeSource;)Ljava/lang/Class; java.base@18.0.2 (12 bytes) @ 0x000001e0554e36fc [0x000001e0554e3640+0x00000000000000bc]
J 472 c1 jdk.internal.loader.BuiltinClassLoader.defineClass(Ljava/lang/String;Ljdk/internal/loader/BuiltinClassLoader$LoadedModule;)Ljava/lang/Class; java.base@18.0.2 (162 bytes) @ 0x000001e0554daf3c [0x000001e0554d9380+0x0000000000001bbc]
J 297 c1 jdk.internal.loader.BuiltinClassLoader.loadClassOrNull(Ljava/lang/String;Z)Ljava/lang/Class; java.base@18.0.2 (143 bytes) @ 0x000001e05549358c [0x000001e055493040+0x000000000000054c]
J 322 c1 jdk.internal.loader.ClassLoaders$AppClassLoader.loadClass(Ljava/lang/String;Z)Ljava/lang/Class; java.base@18.0.2 (40 bytes) @ 0x000001e05549c0c4 [0x000001e05549bee0+0x00000000000001e4]
J 309 c1 java.lang.ClassLoader.loadClass(Ljava/lang/String;)Ljava/lang/Class; java.base@18.0.2 (7 bytes) @ 0x000001e05549824c [0x000001e055498140+0x000000000000010c]
v  ~StubRoutines::call_stub
j  com.sun.tools.javac.parser.JavacParser.accept(Lcom/sun/tools/javac/parser/Tokens$TokenKind;)V+2 jdk.compiler@18.0.2
j  com.sun.tools.javac.parser.JavacParser.parseCompilationUnit()Lcom/sun/tools/javac/tree/JCTree$JCCompilationUnit;+111 jdk.compiler@18.0.2
j  com.sun.tools.javac.main.JavaCompiler.parse(Ljavax/tools/JavaFileObject;Ljava/lang/CharSequence;)Lcom/sun/tools/javac/tree/JCTree$JCCompilationUnit;+123 jdk.compiler@18.0.2
j  com.sun.tools.javac.main.JavaCompiler.parse(Ljavax/tools/JavaFileObject;)Lcom/sun/tools/javac/tree/JCTree$JCCompilationUnit;+16 jdk.compiler@18.0.2
j  com.sun.tools.javac.main.JavaCompiler.parseFiles(Ljava/lang/Iterable;Z)Lcom/sun/tools/javac/util/List;+91 jdk.compiler@18.0.2
j  com.sun.tools.javac.main.JavaCompiler.parseFiles(Ljava/lang/Iterable;)Lcom/sun/tools/javac/util/List;+3 jdk.compiler@18.0.2
j  com.sun.tools.javac.main.JavaCompiler.compile(Ljava/util/Collection;Ljava/util/Collection;Ljava/lang/Iterable;Ljava/util/Collection;)V+292 jdk.compiler@18.0.2
j  com.sun.tools.javac.main.Main.compile([Ljava/lang/String;Lcom/sun/tools/javac/util/Context;)Lcom/sun/tools/javac/main/Main$Result;+622 jdk.compiler@18.0.2
j  com.sun.tools.javac.main.Main.compile([Ljava/lang/String;)Lcom/sun/tools/javac/main/Main$Result;+15 jdk.compiler@18.0.2
j  com.sun.tools.javac.Main.compile([Ljava/lang/String;)I+12 jdk.compiler@18.0.2
j  com.sun.tools.javac.Main.main([Ljava/lang/String;)V+1 jdk.compiler@18.0.2
v  ~StubRoutines::call_stub

---------------  P R O C E S S  ---------------

Threads class SMR info:
_java_thread_list=0x000001e06f099200, length=12, elements={
0x000001e04d5729f0, 0x000001e04d6296e0, 0x000001e04d62a730, 0x000001e06ac44f80,
0x000001e06ac48940, 0x000001e06ac45450, 0x000001e06ac45920, 0x000001e06ac4c240,
0x000001e06ac608f0, 0x000001e06accf630, 0x000001e06ac48470, 0x000001e06ac45df0
}

Java Threads: ( => current thread )
=>0x000001e04d5729f0 JavaThread "main" [_thread_in_vm, id=21792, stack(0x0000000e39f00000,0x0000000e3a000000)]
  0x000001e04d6296e0 JavaThread "Reference Handler" daemon [_thread_blocked, id=21820, stack(0x0000000e3a600000,0x0000000e3a700000)]
  0x000001e04d62a730 JavaThread "Finalizer" daemon [_thread_blocked, id=21824, stack(0x0000000e3a700000,0x0000000e3a800000)]
  0x000001e06ac44f80 JavaThread "Signal Dispatcher" daemon [_thread_blocked, id=21828, stack(0x0000000e3a800000,0x0000000e3a900000)]
  0x000001e06ac48940 JavaThread "Attach Listener" daemon [_thread_blocked, id=21832, stack(0x0000000e3a900000,0x0000000e3aa00000)]
  0x000001e06ac45450 JavaThread "Service Thread" daemon [_thread_blocked, id=21836, stack(0x0000000e3aa00000,0x0000000e3ab00000)]
  0x000001e06ac45920 JavaThread "Monitor Deflation Thread" daemon [_thread_blocked, id=21840, stack(0x0000000e3ab00000,0x0000000e3ac00000)]
  0x000001e06ac4c240 JavaThread "C2 CompilerThread0" daemon [_thread_blocked, id=21844, stack(0x0000000e3ac00000,0x0000000e3ad00000)]
  0x000001e06ac608f0 JavaThread "C1 CompilerThread0" daemon [_thread_blocked, id=21848, stack(0x0000000e3ad00000,0x0000000e3ae00000)]
  0x000001e06accf630 JavaThread "Sweeper thread" daemon [_thread_blocked, id=21852, stack(0x0000000e3ae00000,0x0000000e3af00000)]
  0x000001e06ac48470 JavaThread "Common-Cleaner" daemon [_thread_blocked, id=21856, stack(0x0000000e3af00000,0x0000000e3b000000)]
  0x000001e06ac45df0 JavaThread "Notification Thread" daemon [_thread_blocked, id=21860, stack(0x0000000e3b000000,0x0000000e3b100000)]

Other Threads:
  0x000001e04d625400 VMThread "VM Thread" [stack: 0x0000000e3a500000,0x0000000e3a600000] [id=21816]
  0x000001e06f0ca330 WatcherThread "VM Periodic Task Thread" [stack: 0x0000000e3b100000,0x0000000e3b200000] [id=21864]
  0x000001e04d5d21f0 WorkerThread "GC Thread#0" [stack: 0x0000000e3a000000,0x0000000e3a100000] [id=21796]
  0x000001e06f127610 WorkerThread "GC Thread#1" [stack: 0x0000000e3b200000,0x0000000e3b300000] [id=21868]
  0x000001e06f315320 WorkerThread "GC Thread#2" [stack: 0x0000000e3b300000,0x0000000e3b400000] [id=21872]
  0x000001e06f31a860 WorkerThread "GC Thread#3" [stack: 0x0000000e3b400000,0x0000000e3b500000] [id=21876]
  0x000001e04d5e26b0 ConcurrentGCThread "G1 Main Marker" [stack: 0x0000000e3a100000,0x0000000e3a200000] [id=21800]
  0x000001e04d5e2fb0 WorkerThread "G1 Conc#0" [stack: 0x0000000e3a200000,0x0000000e3a300000] [id=21804]
  0x000001e04d5fb850 ConcurrentGCThread "G1 Refine#0" [stack: 0x0000000e3a300000,0x0000000e3a400000] [id=21808]
  0x000001e04d5fc070 ConcurrentGCThread "G1 Service" [stack: 0x0000000e3a400000,0x0000000e3a500000] [id=21812]

Threads with active compile tasks:

VM state: not at safepoint (normal execution)

VM Mutex/Monitor currently owned by a thread:  ([mutex/lock_event])
[0x000001e04d56d9c0] Metaspace_lock - owner thread: 0x000001e04d5729f0

Heap address: 0x0000000084c00000, size: 1972 MB, Compressed Oops mode: 32-bit

CDS archive(s) mapped at: [0x0000000800000000-0x0000000800ba0000-0x0000000800ba0000), size 12189696, SharedBaseAddress: 0x0000000800000000, ArchiveRelocationMode: 0.
Compressed class space mapped at: 0x0000000800c00000-0x0000000840c00000, reserved size: 1073741824
Narrow klass base: 0x0000000800000000, Narrow klass shift: 0, Narrow klass range: 0x100000000

GC Precious Log:
 CardTable entry size: 512
 Card Set container configuration: InlinePtr #cards 5 size 8 Array Of Cards #cards 12 size 40 Howl #buckets 4 coarsen threshold 1843 Howl Bitmap #cards 512 size 80 coarsen threshold 460 Card regions per heap region 1 cards per card region 2048
 CPUs: 4 total, 4 available
 Memory: 7886M
 Large Page Support: Disabled
 NUMA Support: Disabled
 Compressed Oops: Enabled (32-bit)
 Heap Region Size: 1M
 Heap Min Capacity: 8M
 Heap Initial Capacity: 8M
 Heap Max Capacity: 1972M
 Pre-touch: Disabled
 Parallel Workers: 4
 Concurrent Workers: 1
 Concurrent Refinement Workers: 4
 Periodic GC: Disabled

Heap:
 garbage-first heap   total 8192K, used 2258K [0x0000000084c00000, 0x0000000100000000)
  region size 1024K, 2 young (2048K), 1 survivors (1024K)
 Metaspace       used 7228K, committed 7360K, reserved 1114112K
  class space    used 830K, committed 896K, reserved 1048576K

Heap Regions: E=young(eden), S=young(survivor), O=old, HS=humongous(starts), HC=humongous(continues), CS=collection set, F=free, OA=open archive, CA=closed archive, TAMS=top-at-mark-start (previous, next)
|   0|0x0000000084c00000, 0x0000000084d00000, 0x0000000084d00000|100%| O|  |TAMS 0x0000000084c00000, 0x0000000084c00000| Untracked 
|   1|0x0000000084d00000, 0x0000000084dbaa00, 0x0000000084e00000| 72%| O|  |TAMS 0x0000000084d00000, 0x0000000084d00000| Untracked 
|   2|0x0000000084e00000, 0x0000000084e00000, 0x0000000084f00000|  0%| F|  |TAMS 0x0000000084e00000, 0x0000000084e00000| Untracked 
|   3|0x0000000084f00000, 0x0000000084f00000, 0x0000000085000000|  0%| F|  |TAMS 0x0000000084f00000, 0x0000000084f00000| Untracked 
|   4|0x0000000085000000, 0x0000000085000000, 0x0000000085100000|  0%| F|  |TAMS 0x0000000085000000, 0x0000000085000000| Untracked 
|   5|0x0000000085100000, 0x000000008517a1f0, 0x0000000085200000| 47%| S|CS|TAMS 0x0000000085100000, 0x0000000085100000| Complete 
|   6|0x0000000085200000, 0x0000000085200000, 0x0000000085300000|  0%| F|  |TAMS 0x0000000085200000, 0x0000000085200000| Untracked 
|   7|0x0000000085300000, 0x0000000085359900, 0x0000000085400000| 34%| E|  |TAMS 0x0000000085300000, 0x0000000085300000| Complete 

Card table byte_map: [0x000001e064280000,0x000001e064660000] _byte_map_base: 0x000001e063e5a000

Marking Bits (Prev, Next): (CMBitMap*) 0x000001e04d5d2700, (CMBitMap*) 0x000001e04d5d2740
 Prev Bits: [0x000001e064a40000, 0x000001e066910000)
 Next Bits: [0x000001e066910000, 0x000001e0687e0000)

Polling page: 0x000001e04b500000

Metaspace:

Usage:
  Non-class:      6.25 MB used.
      Class:    830.82 KB used.
       Both:      7.06 MB used.

Virtual space:
  Non-class space:       64.00 MB reserved,       6.31 MB ( 10%) committed,  1 nodes.
      Class space:        1.00 GB reserved,     896.00 KB ( <1%) committed,  1 nodes.
             Both:        1.06 GB reserved,       7.19 MB ( <1%) committed. 

Chunk freelists:
   Non-Class:  2.86 MB
       Class:  3.02 MB
        Both:  5.88 MB

MaxMetaspaceSize: unlimited
CompressedClassSpaceSize: 1.00 GB
Initial GC threshold: 21.00 MB
Current GC threshold: 21.00 MB
CDS: on
MetaspaceReclaimPolicy: balanced
 - commit_granule_bytes: 65536.
 - commit_granule_words: 8192.
 - virtual_space_node_default_size: 8388608.
 - enlarge_chunks_in_place: 1.
 - new_chunks_are_fully_committed: 0.
 - uncommit_free_chunks: 1.
 - use_allocation_guard: 0.


Internal statistics:

num_allocs_failed_limit: 0.
num_arena_births: 50.
num_arena_deaths: 0.
num_vsnodes_births: 2.
num_vsnodes_deaths: 0.
num_space_committed: 115.
num_space_uncommitted: 0.
num_chunks_returned_to_freelist: 0.
num_chunks_taken_from_freelist: 287.
num_chunk_merges: 0.
num_chunk_splits: 209.
num_chunks_enlarged: 175.
num_inconsistent_stats: 0.

CodeHeap 'non-profiled nmethods': size=120000Kb used=194Kb max_used=194Kb free=119805Kb
 bounds [0x000001e05c970000, 0x000001e05cbe0000, 0x000001e063ea0000]
CodeHeap 'profiled nmethods': size=120000Kb used=885Kb max_used=885Kb free=119114Kb
 bounds [0x000001e055440000, 0x000001e0556b0000, 0x000001e05c970000]
CodeHeap 'non-nmethods': size=5760Kb used=1152Kb max_used=1162Kb free=4607Kb
 bounds [0x000001e054ea0000, 0x000001e055110000, 0x000001e055440000]
 total_blobs=1026 nmethods=612 adapters=327
 compilation: enabled
              stopped_count=0, restarted_count=0
 full_count=0

Compilation events (20 events):
Event: 0.355 Thread 0x000001e06ac608f0  603       3       java.net.URI::match (56 bytes)
Event: 0.355 Thread 0x000001e06ac608f0 nmethod 603 0x000001e055518a90 code [0x000001e055518c40, 0x000001e055518f58]
Event: 0.356 Thread 0x000001e06ac608f0  604       3       java.util.Objects::requireNonNull (15 bytes)
Event: 0.357 Thread 0x000001e06ac608f0 nmethod 604 0x000001e055519010 code [0x000001e0555191c0, 0x000001e0555193a8]
Event: 0.357 Thread 0x000001e06ac608f0  605       3       java.util.JumboEnumSet$EnumSetIterator::next (5 bytes)
Event: 0.357 Thread 0x000001e06ac608f0 nmethod 605 0x000001e055519490 code [0x000001e055519640, 0x000001e055519788]
Event: 0.357 Thread 0x000001e06ac608f0  606       3       java.util.JumboEnumSet$EnumSetIterator::next (74 bytes)
Event: 0.357 Thread 0x000001e06ac608f0 nmethod 606 0x000001e055519810 code [0x000001e0555199e0, 0x000001e055519ce8]
Event: 0.358 Thread 0x000001e06ac608f0  607       3       com.sun.tools.javac.main.Option::matches (43 bytes)
Event: 0.358 Thread 0x000001e06ac608f0 nmethod 607 0x000001e055519e90 code [0x000001e05551a040, 0x000001e05551a2e8]
Event: 0.359 Thread 0x000001e06ac608f0  608       3       java.lang.StringLatin1::replace (198 bytes)
Event: 0.360 Thread 0x000001e06ac608f0 nmethod 608 0x000001e05551a410 code [0x000001e05551a6a0, 0x000001e05551b428]
Event: 0.361 Thread 0x000001e06ac608f0  609       3       java.util.Optional::empty (6 bytes)
Event: 0.361 Thread 0x000001e06ac608f0 nmethod 609 0x000001e05551b910 code [0x000001e05551baa0, 0x000001e05551bb98]
Event: 0.366 Thread 0x000001e06ac608f0  610       3       jdk.internal.org.objectweb.asm.MethodVisitor::<init> (88 bytes)
Event: 0.367 Thread 0x000001e06ac608f0 nmethod 610 0x000001e05551bc10 code [0x000001e05551be60, 0x000001e05551c748]
Event: 0.367 Thread 0x000001e06ac608f0  611       3       jdk.internal.org.objectweb.asm.Attribute::computeAttributesSize (62 bytes)
Event: 0.367 Thread 0x000001e06ac608f0 nmethod 611 0x000001e05551ca10 code [0x000001e05551cbe0, 0x000001e05551cf08]
Event: 0.367 Thread 0x000001e06ac608f0  612       3       jdk.internal.org.objectweb.asm.AnnotationWriter::computeAnnotationsSize (66 bytes)
Event: 0.367 Thread 0x000001e06ac608f0 nmethod 612 0x000001e05551d090 code [0x000001e05551d260, 0x000001e05551d598]

GC Heap History (6 events):
Event: 0.202 GC heap before
{Heap before GC invocations=0 (full 0):
 garbage-first heap   total 8192K, used 3072K [0x0000000084c00000, 0x0000000100000000)
  region size 1024K, 3 young (3072K), 0 survivors (0K)
 Metaspace       used 2718K, committed 2944K, reserved 1114112K
  class space    used 334K, committed 448K, reserved 1048576K
}
Event: 0.205 GC heap after
{Heap after GC invocations=1 (full 0):
 garbage-first heap   total 8192K, used 1168K [0x0000000084c00000, 0x0000000100000000)
  region size 1024K, 1 young (1024K), 1 survivors (1024K)
 Metaspace       used 2718K, committed 2944K, reserved 1114112K
  class space    used 334K, committed 448K, reserved 1048576K
}
Event: 0.296 GC heap before
{Heap before GC invocations=1 (full 0):
 garbage-first heap   total 8192K, used 2192K [0x0000000084c00000, 0x0000000100000000)
  region size 1024K, 2 young (2048K), 1 survivors (1024K)
 Metaspace       used 5121K, committed 5312K, reserved 1114112K
  class space    used 614K, committed 704K, reserved 1048576K
}
Event: 0.298 GC heap after
{Heap after GC invocations=2 (full 0):
 garbage-first heap   total 8192K, used 1810K [0x0000000084c00000, 0x0000000100000000)
  region size 1024K, 1 young (1024K), 1 survivors (1024K)
 Metaspace       used 5121K, committed 5312K, reserved 1114112K
  class space    used 614K, committed 704K, reserved 1048576K
}
Event: 0.347 GC heap before
{Heap before GC invocations=2 (full 0):
 garbage-first heap   total 8192K, used 2834K [0x0000000084c00000, 0x0000000100000000)
  region size 1024K, 2 young (2048K), 1 survivors (1024K)
 Metaspace       used 6682K, committed 6912K, reserved 1114112K
  class space    used 784K, committed 896K, reserved 1048576K
}
Event: 0.349 GC heap after
{Heap after GC invocations=3 (full 0):
 garbage-first heap   total 8192K, used 2258K [0x0000000084c00000, 0x0000000100000000)
  region size 1024K, 1 young (1024K), 1 survivors (1024K)
 Metaspace       used 6682K, committed 6912K, reserved 1114112K
  class space    used 784K, committed 896K, reserved 1048576K
}

Deoptimization events (20 events):
Event: 0.133 Thread 0x000001e04d5729f0 Uncommon trap: trap_request=0xffffffc6 fr.pc=0x000001e05c982328 relative=0x0000000000000a88
Event: 0.133 Thread 0x000001e04d5729f0 Uncommon trap: reason=bimorphic_or_optimized_type_check action=maybe_recompile pc=0x000001e05c982328 method=java.util.HashMap.putVal(ILjava/lang/Object;Ljava/lang/Object;ZZ)Ljava/lang/Object; @ 56 c2
Event: 0.133 Thread 0x000001e04d5729f0 DEOPT PACKING pc=0x000001e05c982328 sp=0x0000000e39ffe6b0
Event: 0.133 Thread 0x000001e04d5729f0 DEOPT UNPACKING pc=0x000001e054ef5c23 sp=0x0000000e39ffe648 mode 2
Event: 0.133 Thread 0x000001e04d5729f0 Uncommon trap: trap_request=0xffffffc6 fr.pc=0x000001e05c982328 relative=0x0000000000000a88
Event: 0.133 Thread 0x000001e04d5729f0 Uncommon trap: reason=bimorphic_or_optimized_type_check action=maybe_recompile pc=0x000001e05c982328 method=java.util.HashMap.putVal(ILjava/lang/Object;Ljava/lang/Object;ZZ)Ljava/lang/Object; @ 56 c2
Event: 0.133 Thread 0x000001e04d5729f0 DEOPT PACKING pc=0x000001e05c982328 sp=0x0000000e39ffe6b0
Event: 0.133 Thread 0x000001e04d5729f0 DEOPT UNPACKING pc=0x000001e054ef5c23 sp=0x0000000e39ffe648 mode 2
Event: 0.133 Thread 0x000001e04d5729f0 Uncommon trap: trap_request=0xffffffc6 fr.pc=0x000001e05c982328 relative=0x0000000000000a88
Event: 0.133 Thread 0x000001e04d5729f0 Uncommon trap: reason=bimorphic_or_optimized_type_check action=maybe_recompile pc=0x000001e05c982328 method=java.util.HashMap.putVal(ILjava/lang/Object;Ljava/lang/Object;ZZ)Ljava/lang/Object; @ 56 c2
Event: 0.133 Thread 0x000001e04d5729f0 DEOPT PACKING pc=0x000001e05c982328 sp=0x0000000e39ffe6b0
Event: 0.133 Thread 0x000001e04d5729f0 DEOPT UNPACKING pc=0x000001e054ef5c23 sp=0x0000000e39ffe648 mode 2
Event: 0.196 Thread 0x000001e04d5729f0 DEOPT PACKING pc=0x000001e05546a1e7 sp=0x0000000e39ff7970
Event: 0.196 Thread 0x000001e04d5729f0 DEOPT UNPACKING pc=0x000001e054ef6763 sp=0x0000000e39ff6d90 mode 0
Event: 0.206 Thread 0x000001e04d5729f0 DEOPT PACKING pc=0x000001e055469551 sp=0x0000000e39ffaf70
Event: 0.206 Thread 0x000001e04d5729f0 DEOPT UNPACKING pc=0x000001e054ef6763 sp=0x0000000e39ffa3e8 mode 0
Event: 0.355 Thread 0x000001e04d5729f0 Uncommon trap: trap_request=0xffffff45 fr.pc=0x000001e05c99894c relative=0x000000000000048c
Event: 0.355 Thread 0x000001e04d5729f0 Uncommon trap: reason=unstable_if action=reinterpret pc=0x000001e05c99894c method=java.lang.StringLatin1.replace([BCC)Ljava/lang/String; @ 19 c2
Event: 0.355 Thread 0x000001e04d5729f0 DEOPT PACKING pc=0x000001e05c99894c sp=0x0000000e39ffefc0
Event: 0.355 Thread 0x000001e04d5729f0 DEOPT UNPACKING pc=0x000001e054ef5c23 sp=0x0000000e39ffef40 mode 2

Classes loaded (20 events):
Event: 0.361 Loading class sun/nio/fs/WindowsSecurityDescriptor
Event: 0.362 Loading class sun/nio/fs/WindowsSecurityDescriptor done
Event: 0.362 Loading class java/nio/channels/Channels
Event: 0.362 Loading class java/nio/channels/Channels done
Event: 0.362 Loading class sun/nio/ch/ChannelInputStream
Event: 0.362 Loading class sun/nio/ch/ChannelInputStream done
Event: 0.362 Loading class sun/nio/ch/NativeThread
Event: 0.362 Loading class sun/nio/ch/NativeThread done
Event: 0.362 Loading class sun/nio/ch/IOStatus
Event: 0.362 Loading class sun/nio/ch/IOStatus done
Event: 0.362 Loading class java/nio/channels/SelectableChannel
Event: 0.362 Loading class java/nio/channels/SelectableChannel done
Event: 0.362 Loading class sun/nio/ch/Util
Event: 0.362 Loading class sun/nio/ch/Util done
Event: 0.362 Loading class sun/nio/ch/Util$1
Event: 0.362 Loading class sun/nio/ch/Util$1 done
Event: 0.362 Loading class sun/nio/ch/Util$BufferCache
Event: 0.362 Loading class sun/nio/ch/Util$BufferCache done
Event: 0.362 Loading class java/nio/DirectByteBuffer$Deallocator
Event: 0.362 Loading class java/nio/DirectByteBuffer$Deallocator done

Classes unloaded (0 events):
No events

Classes redefined (0 events):
No events

Internal exceptions (17 events):
Event: 0.131 Thread 0x000001e04d5729f0 Exception <a 'java/lang/NoSuchMethodError'{0x00000000852e86c8}: 'void java.lang.invoke.DirectMethodHandle$Holder.invokeSpecial(java.lang.Object, java.lang.Object, java.lang.Object)'> (0x00000000852e86c8) 
thrown [s\open\src\hotspot\share\interpreter\linkResolver.cpp, line 759]
Event: 0.162 Thread 0x000001e04d5729f0 Exception <a 'java/lang/NoSuchMethodError'{0x00000000851409e0}: 'java.lang.Object java.lang.invoke.DirectMethodHandle$Holder.invokeVirtual(java.lang.Object, java.lang.Object, java.lang.Object)'> (0x00000000851409e0) 
thrown [s\open\src\hotspot\share\interpreter\linkResolver.cpp, line 759]
Event: 0.164 Thread 0x000001e04d5729f0 Exception <a 'java/lang/NoSuchMethodError'{0x000000008514b3b0}: 'int java.lang.invoke.DirectMethodHandle$Holder.invokeInterface(java.lang.Object, java.lang.Object)'> (0x000000008514b3b0) 
thrown [s\open\src\hotspot\share\interpreter\linkResolver.cpp, line 759]
Event: 0.180 Thread 0x000001e04d5729f0 Exception <a 'sun/nio/fs/WindowsException'{0x00000000851920d0}> (0x00000000851920d0) 
thrown [s\open\src\hotspot\share\prims\jni.cpp, line 516]
Event: 0.181 Thread 0x000001e04d5729f0 Exception <a 'sun/nio/fs/WindowsException'{0x00000000851938a8}> (0x00000000851938a8) 
thrown [s\open\src\hotspot\share\prims\jni.cpp, line 516]
Event: 0.181 Thread 0x000001e04d5729f0 Exception <a 'sun/nio/fs/WindowsException'{0x0000000085193ef8}> (0x0000000085193ef8) 
thrown [s\open\src\hotspot\share\prims\jni.cpp, line 516]
Event: 0.182 Thread 0x000001e04d5729f0 Exception <a 'sun/nio/fs/WindowsException'{0x0000000085194948}> (0x0000000085194948) 
thrown [s\open\src\hotspot\share\prims\jni.cpp, line 516]
Event: 0.182 Thread 0x000001e04d5729f0 Exception <a 'sun/nio/fs/WindowsException'{0x0000000085194ba8}> (0x0000000085194ba8) 
thrown [s\open\src\hotspot\share\prims\jni.cpp, line 516]
Event: 0.183 Thread 0x000001e04d5729f0 Exception <a 'java/lang/NoSuchMethodError'{0x0000000085199d18}: 'int java.lang.invoke.DirectMethodHandle$Holder.invokeVirtual(java.lang.Object, java.lang.Object, java.lang.Object)'> (0x0000000085199d18) 
thrown [s\open\src\hotspot\share\interpreter\linkResolver.cpp, line 759]
Event: 0.183 Thread 0x000001e04d5729f0 Exception <a 'java/lang/NoSuchMethodError'{0x00000000851a0338}: 'void java.lang.invoke.DirectMethodHandle$Holder.invokeInterface(java.lang.Object, java.lang.Object, java.lang.Object)'> (0x00000000851a0338) 
thrown [s\open\src\hotspot\share\interpreter\linkResolver.cpp, line 759]
Event: 0.190 Thread 0x000001e04d5729f0 Exception <a 'java/lang/NoSuchMethodError'{0x00000000851cec88}: 'java.lang.Object java.lang.invoke.DirectMethodHandle$Holder.invokeStaticInit(java.lang.Object)'> (0x00000000851cec88) 
thrown [s\open\src\hotspot\share\interpreter\linkResolver.cpp, line 759]
Event: 0.267 Thread 0x000001e04d5729f0 Exception <a 'java/lang/NoSuchMethodError'{0x00000000853b7918}: 'int java.lang.invoke.DirectMethodHandle$Holder.invokeStaticInit(java.lang.Object, java.lang.Object)'> (0x00000000853b7918) 
thrown [s\open\src\hotspot\share\interpreter\linkResolver.cpp, line 759]
Event: 0.317 Thread 0x000001e04d5729f0 Exception <a 'java/lang/NoSuchMethodError'{0x0000000085354a48}: 'int java.lang.invoke.DirectMethodHandle$Holder.invokeVirtual(java.lang.Object, java.lang.Object)'> (0x0000000085354a48) 
thrown [s\open\src\hotspot\share\interpreter\linkResolver.cpp, line 759]
Event: 0.320 Thread 0x000001e04d5729f0 Exception <a 'java/lang/NoSuchMethodError'{0x0000000085380350}: 'java.lang.Object java.lang.invoke.DirectMethodHandle$Holder.newInvokeSpecial(java.lang.Object, java.lang.Object, java.lang.Object, java.lang.Object, java.lang.Object)'> (0x0000000085380350) 
thrown [s\open\src\hotspot\share\interpreter\linkResolver.cpp, line 759]
Event: 0.322 Thread 0x000001e04d5729f0 Exception <a 'java/lang/NoSuchMethodError'{0x000000008538ec78}: 'java.lang.Object java.lang.invoke.DirectMethodHandle$Holder.newInvokeSpecial(java.lang.Object, java.lang.Object, java.lang.Object, java.lang.Object, java.lang.Object, java.lang.Object)'> (0x000000008538ec78) 
thrown [s\open\src\hotspot\share\interpreter\linkResolver.cpp, line 759]
Event: 0.336 Thread 0x000001e04d5729f0 Exception <a 'sun/nio/fs/WindowsException'{0x00000000853d9688}> (0x00000000853d9688) 
thrown [s\open\src\hotspot\share\prims\jni.cpp, line 516]
Event: 0.336 Thread 0x000001e04d5729f0 Exception <a 'sun/nio/fs/WindowsException'{0x00000000853d98c8}> (0x00000000853d98c8) 
thrown [s\open\src\hotspot\share\prims\jni.cpp, line 516]

VM Operations (14 events):
Event: 0.058 Executing VM operation: HandshakeAllThreads
Event: 0.058 Executing VM operation: HandshakeAllThreads done
Event: 0.133 Executing VM operation: HandshakeAllThreads
Event: 0.133 Executing VM operation: HandshakeAllThreads done
Event: 0.161 Executing VM operation: HandshakeAllThreads
Event: 0.161 Executing VM operation: HandshakeAllThreads done
Event: 0.167 Executing VM operation: HandshakeAllThreads
Event: 0.167 Executing VM operation: HandshakeAllThreads done
Event: 0.202 Executing VM operation: G1CollectForAllocation
Event: 0.205 Executing VM operation: G1CollectForAllocation done
Event: 0.296 Executing VM operation: G1CollectForAllocation
Event: 0.298 Executing VM operation: G1CollectForAllocation done
Event: 0.347 Executing VM operation: G1CollectForAllocation
Event: 0.349 Executing VM operation: G1CollectForAllocation done

Events (18 events):
Event: 0.007 Loaded shared library C:\Program Files\Java\jdk-18.0.2\bin\java.dll
Event: 0.016 Loaded shared library C:\Program Files\Java\jdk-18.0.2\bin\jsvml.dll
Event: 0.016 Thread 0x000001e04d5729f0 Thread added: 0x000001e04d5729f0
Event: 0.019 Thread 0x000001e04d6296e0 Thread added: 0x000001e04d6296e0
Event: 0.019 Thread 0x000001e04d62a730 Thread added: 0x000001e04d62a730
Event: 0.028 Thread 0x000001e06ac44f80 Thread added: 0x000001e06ac44f80
Event: 0.028 Thread 0x000001e06ac48940 Thread added: 0x000001e06ac48940
Event: 0.028 Thread 0x000001e06ac45450 Thread added: 0x000001e06ac45450
Event: 0.028 Thread 0x000001e06ac45920 Thread added: 0x000001e06ac45920
Event: 0.028 Thread 0x000001e06ac4c240 Thread added: 0x000001e06ac4c240
Event: 0.029 Thread 0x000001e06ac608f0 Thread added: 0x000001e06ac608f0
Event: 0.031 Thread 0x000001e06accf630 Thread added: 0x000001e06accf630
Event: 0.053 Thread 0x000001e06ac48470 Thread added: 0x000001e06ac48470
Event: 0.071 Thread 0x000001e06ac45df0 Thread added: 0x000001e06ac45df0
Event: 0.075 Loaded shared library C:\Program Files\Java\jdk-18.0.2\bin\jimage.dll
Event: 0.144 Loaded shared library C:\Program Files\Java\jdk-18.0.2\bin\net.dll
Event: 0.146 Loaded shared library C:\Program Files\Java\jdk-18.0.2\bin\nio.dll
Event: 0.178 Loaded shared library C:\Program Files\Java\jdk-18.0.2\bin\zip.dll


Dynamic libraries:
0x00007ff7b3650000 - 0x00007ff7b3658000 	C:\Program Files\Java\jdk-18.0.2\bin\javac.exe
0x00007fff183f0000 - 0x00007fff18606000 	C:\WINDOWS\SYSTEM32\ntdll.dll
0x00007fff163a0000 - 0x00007fff16464000 	C:\WINDOWS\System32\KERNEL32.DLL
0x00007fff157f0000 - 0x00007fff15b96000 	C:\WINDOWS\System32\KERNELBASE.dll
0x00007fff16020000 - 0x00007fff16131000 	C:\WINDOWS\System32\ucrtbase.dll
0x00007ffeff310000 - 0x00007ffeff328000 	C:\Program Files\Java\jdk-18.0.2\bin\jli.dll
0x00007fff170d0000 - 0x00007fff17182000 	C:\WINDOWS\System32\ADVAPI32.dll
0x00007fff17780000 - 0x00007fff17827000 	C:\WINDOWS\System32\msvcrt.dll
0x00007fff16df0000 - 0x00007fff16e98000 	C:\WINDOWS\System32\sechost.dll
0x00007fff15c40000 - 0x00007fff15c68000 	C:\WINDOWS\System32\bcrypt.dll
0x00007fff16470000 - 0x00007fff16585000 	C:\WINDOWS\System32\RPCRT4.dll
0x00007fff16ea0000 - 0x00007fff1704d000 	C:\WINDOWS\System32\USER32.dll
0x00007fff15ff0000 - 0x00007fff16016000 	C:\WINDOWS\System32\win32u.dll
0x00007fff16720000 - 0x00007fff16749000 	C:\WINDOWS\System32\GDI32.dll
0x00007fff15de0000 - 0x00007fff15ef8000 	C:\WINDOWS\System32\gdi32full.dll
0x00007fff15ba0000 - 0x00007fff15c3a000 	C:\WINDOWS\System32\msvcp_win.dll
0x00007ffeff890000 - 0x00007ffeffb23000 	C:\WINDOWS\WinSxS\amd64_microsoft.windows.common-controls_6595b64144ccf1df_6.0.22621.3235_none_270f74e173860f98\COMCTL32.dll
0x00007fff087b0000 - 0x00007fff087ba000 	C:\WINDOWS\SYSTEM32\VERSION.dll
0x00007fff00240000 - 0x00007fff0025a000 	C:\Program Files\Java\jdk-18.0.2\bin\VCRUNTIME140.dll
0x00007fff16db0000 - 0x00007fff16de1000 	C:\WINDOWS\System32\IMM32.DLL
0x00007ffeffbc0000 - 0x00007ffeffbcc000 	C:\Program Files\Java\jdk-18.0.2\bin\vcruntime140_1.dll
0x00007ffedc3b0000 - 0x00007ffedc43d000 	C:\Program Files\Java\jdk-18.0.2\bin\msvcp140.dll
0x00007ffed1190000 - 0x00007ffed1da1000 	C:\Program Files\Java\jdk-18.0.2\bin\server\jvm.dll
0x00007fff172f0000 - 0x00007fff172f8000 	C:\WINDOWS\System32\PSAPI.DLL
0x00007fff07fe0000 - 0x00007fff07fe9000 	C:\WINDOWS\SYSTEM32\WSOCK32.dll
0x00007fff17050000 - 0x00007fff170c1000 	C:\WINDOWS\System32\WS2_32.dll
0x00007fff09150000 - 0x00007fff09184000 	C:\WINDOWS\SYSTEM32\WINMM.dll
0x00007fff14830000 - 0x00007fff14848000 	C:\WINDOWS\SYSTEM32\kernel.appcore.dll
0x00007ffeffbb0000 - 0x00007ffeffbba000 	C:\Program Files\Java\jdk-18.0.2\bin\jimage.dll
0x00007fff13010000 - 0x00007fff13243000 	C:\WINDOWS\SYSTEM32\DBGHELP.DLL
0x00007fff16960000 - 0x00007fff16ce8000 	C:\WINDOWS\System32\combase.dll
0x00007fff162c0000 - 0x00007fff16397000 	C:\WINDOWS\System32\OLEAUT32.dll
0x00007ffef5de0000 - 0x00007ffef5e12000 	C:\WINDOWS\SYSTEM32\dbgcore.DLL
0x00007fff15f70000 - 0x00007fff15fea000 	C:\WINDOWS\System32\bcryptPrimitives.dll
0x00007ffef3c20000 - 0x00007ffef3c45000 	C:\Program Files\Java\jdk-18.0.2\bin\java.dll
0x00007ffeddc00000 - 0x00007ffeddcd6000 	C:\Program Files\Java\jdk-18.0.2\bin\jsvml.dll
0x00007fff178a0000 - 0x00007fff180fd000 	C:\WINDOWS\System32\SHELL32.dll
0x00007fff13640000 - 0x00007fff13f38000 	C:\WINDOWS\SYSTEM32\windows.storage.dll
0x00007fff13500000 - 0x00007fff1363e000 	C:\WINDOWS\SYSTEM32\wintypes.dll
0x00007fff16620000 - 0x00007fff16713000 	C:\WINDOWS\System32\SHCORE.dll
0x00007fff18100000 - 0x00007fff1815e000 	C:\WINDOWS\System32\shlwapi.dll
0x00007fff15660000 - 0x00007fff15686000 	C:\WINDOWS\SYSTEM32\profapi.dll
0x00007ffeffb50000 - 0x00007ffeffb63000 	C:\Program Files\Java\jdk-18.0.2\bin\net.dll
0x00007fff0b460000 - 0x00007fff0b597000 	C:\WINDOWS\SYSTEM32\WINHTTP.dll
0x00007fff14ce0000 - 0x00007fff14d49000 	C:\WINDOWS\system32\mswsock.dll
0x00007ffefcc80000 - 0x00007ffefcc96000 	C:\Program Files\Java\jdk-18.0.2\bin\nio.dll
0x00007ffefc880000 - 0x00007ffefc898000 	C:\Program Files\Java\jdk-18.0.2\bin\zip.dll

dbghelp: loaded successfully - version: 4.0.5 - missing functions: none
symbol engine: initialized successfully - sym options: 0x614 - pdb path: .;C:\Program Files\Java\jdk-18.0.2\bin;C:\WINDOWS\SYSTEM32;C:\WINDOWS\WinSxS\amd64_microsoft.windows.common-controls_6595b64144ccf1df_6.0.22621.3235_none_270f74e173860f98;C:\Program Files\Java\jdk-18.0.2\bin\server

VM Arguments:
jvm_args: -Dapplication.home=C:\Program Files\Java\jdk-18.0.2 --add-modules=ALL-DEFAULT -Xms8m -Djdk.module.main=jdk.compiler 
java_command: jdk.compiler/com.sun.tools.javac.Main -d C:\Users\Suhai\Desktop\EBS\build\classes -classpath C:\Users\Suhai\Desktop\EBS\build\classes;C:\Users\Suhai\Downloads\mysql-connector-j-8.3.0.jar -sourcepath C:\Users\Suhai\Desktop\EBS\src -target 18 -encoding UTF-8 -g -processorpath C:\Users\Suhai\Desktop\EBS\src\mysql-connector-j-8.3.0.jar;C:\Users\Suhai\Downloads\mysql-connector-j-8.3.0.jar;C:\Users\Suhai\Desktop\EBS\build\empty -s C:\Users\Suhai\Desktop\EBS\build\generated-sources\ap-source-output -source 18 C:\Users\Suhai\Desktop\EBS\src\electricity\billing\system\NewCustomer.java
java_class_path (initial): <not set>
Launcher Type: SUN_STANDARD

[Global flags]
     intx CICompilerCount                          = 3                                         {product} {ergonomic}
     uint ConcGCThreads                            = 1                                         {product} {ergonomic}
     uint G1ConcRefinementThreads                  = 4                                         {product} {ergonomic}
   size_t G1HeapRegionSize                         = 1048576                                   {product} {ergonomic}
    uintx GCDrainStackTargetSize                   = 64                                        {product} {ergonomic}
   size_t InitialHeapSize                          = 8388608                                   {product} {command line}
   size_t MarkStackSize                            = 4194304                                   {product} {ergonomic}
   size_t MaxHeapSize                              = 2067791872                                {product} {ergonomic}
   size_t MaxNewSize                               = 1240465408                                {product} {ergonomic}
   size_t MinHeapDeltaBytes                        = 1048576                                   {product} {ergonomic}
   size_t MinHeapSize                              = 8388608                                   {product} {command line}
    uintx NonNMethodCodeHeapSize                   = 5832780                                {pd product} {ergonomic}
    uintx NonProfiledCodeHeapSize                  = 122912730                              {pd product} {ergonomic}
    uintx ProfiledCodeHeapSize                     = 122912730                              {pd product} {ergonomic}
    uintx ReservedCodeCacheSize                    = 251658240                              {pd product} {ergonomic}
     bool SegmentedCodeCache                       = true                                      {product} {ergonomic}
   size_t SoftMaxHeapSize                          = 2067791872                             {manageable} {ergonomic}
     bool UseCompressedClassPointers               = true                           {product lp64_product} {ergonomic}
     bool UseCompressedOops                        = true                           {product lp64_product} {ergonomic}
     bool UseG1GC                                  = true                                      {product} {ergonomic}
     bool UseLargePagesIndividualAllocation        = false                                  {pd product} {ergonomic}

Logging:
Log output configuration:
 #0: stdout all=warning uptime,level,tags foldmultilines=false
 #1: stderr all=off uptime,level,tags foldmultilines=false

Environment Variables:
JAVA_HOME=C:\Program Files\Java\jdk-18.0.2
PATH=C:\Program Files\Common Files\Oracle\Java\javapath;C:\WINDOWS\system32;C:\WINDOWS;C:\WINDOWS\System32\Wbem;C:\WINDOWS\System32\WindowsPowerShell\v1.0\;C:\WINDOWS\System32\OpenSSH\;C:\Program Files (x86)\Common Files\Acronis\SnapAPI\;%JAVA_HOME%\bin\;C:\Program Files\dotnet\;C:\Program Files\Git\cmd;C:\Program Files\MySQL\MySQL Shell 8.0\bin\;C:\Users\Suhai\AppData\Local\Microsoft\WindowsApps;C:\Program Files\JetBrains\IntelliJ IDEA Community Edition 2022.1.4\bin;C:\Users\Suhai\.dotnet\tools;C:\Users\Suhai\AppData\Local\Programs\Microsoft VS Code\bin;C:\Users\Suhai\AppData\Local\Programs\Hyper\resources\bin
USERNAME=Suhai
OS=Windows_NT
PROCESSOR_IDENTIFIER=Intel64 Family 6 Model 140 Stepping 1, GenuineIntel



---------------  S Y S T E M  ---------------

OS:
 Windows 11 , 64 bit Build 22621 (10.0.22621.3235)
OS uptime: 0 days 3:26 hours
Hyper-V role detected

CPU: total 4 (initial active 4) (2 cores per cpu, 2 threads per core) family 6 model 140 stepping 1 microcode 0xa6, cx8, cmov, fxsr, ht, mmx, 3dnowpref, sse, sse2, sse3, ssse3, sse4.1, sse4.2, popcnt, lzcnt, tsc, tscinvbit, avx, avx2, aes, erms, clmul, bmi1, bmi2, adx, avx512f, avx512dq, avx512cd, avx512bw, avx512vl, sha, fma, vzeroupper, avx512_vpopcntdq, avx512_vpclmulqdq, avx512_vaes, avx512_vnni, clflush, clflushopt, clwb, avx512_vbmi2, avx512_vbmi, hv

Memory: 4k page, system-wide physical 7886M (633M free)
TotalPageFile size 26227M (AvailPageFile size 2M)
current process WorkingSet (physical memory assigned to process): 55M, peak: 55M
current process commit charge ("private bytes"): 88M, peak: 88M

vm_info: Java HotSpot(TM) 64-Bit Server VM (18.0.2+9-61) for windows-amd64 JRE (18.0.2+9-61), built on Jun  7 2022 13:09:01 by "mach5one" with MS VC++ 16.8 / 16.9 (VS2019)

END.
