#
# There is insufficient memory for the Java Runtime Environment to continue.
# Native memory allocation (mmap) failed to map 41943040 bytes for G1 virtual space
# Possible reasons:
#   The system is out of physical RAM or swap space
#   The process is running with CompressedOops enabled, and the Java Heap may be blocking the growth of the native heap
# Possible solutions:
#   Reduce memory load on the system
#   Increase physical memory or swap space
#   Check if swap backing store is full
#   Decrease Java heap size (-Xmx/-Xms)
#   Decrease number of Java threads
#   Decrease Java thread stack sizes (-Xss)
#   Set larger code cache with -XX:ReservedCodeCacheSize=
#   JVM is running with Unscaled Compressed Oops mode in which the Java heap is
#     placed in the first 4GB address space. The Java Heap base address is the
#     maximum limit for the native heap growth. Please use -XX:HeapBaseMinAddress
#     to set the Java Heap base and to place the Java Heap above 4GB virtual address.
# This output file may be truncated or incomplete.
#
#  Out of Memory Error (os_windows.cpp:3530), pid=18628, tid=19552
#
# JRE version: Java(TM) SE Runtime Environment (18.0.2+9) (build 18.0.2+9-61)
# Java VM: Java HotSpot(TM) 64-Bit Server VM (18.0.2+9-61, mixed mode, sharing, tiered, compressed oops, compressed class ptrs, g1 gc, windows-amd64)
# No core dump will be written. Minidumps are not enabled by default on client versions of Windows
#

---------------  S U M M A R Y ------------

Command Line: -Dfile.encoding=UTF-8 --module-path=C:\Users\Suhai\Desktop\Electricity Billing System\build\classes electricity.billing.system.Window

Host: 11th Gen Intel(R) Core(TM) i3-1115G4 @ 3.00GHz, 4 cores, 7G,  Windows 11 , 64 bit Build 22621 (10.0.22621.3235)
Time: Fri Apr  5 23:10:21 2024 India Standard Time elapsed time: 0.599597 seconds (0d 0h 0m 0s)

---------------  T H R E A D  ---------------

Current thread (0x0000014cb1287650):  VMThread "VM Thread" [stack: 0x00000013ffa00000,0x00000013ffb00000] [id=19552]

Stack: [0x00000013ffa00000,0x00000013ffb00000]
Native frames: (J=compiled Java code, j=interpreted, Vv=VM code, C=native code)
V  [jvm.dll+0x6993ca]
V  [jvm.dll+0x7f481d]
V  [jvm.dll+0x7f612e]
V  [jvm.dll+0x7f67e3]
V  [jvm.dll+0x25cdaf]
V  [jvm.dll+0x696319]
V  [jvm.dll+0x68ae4a]
V  [jvm.dll+0x3223eb]
V  [jvm.dll+0x329dc6]
V  [jvm.dll+0x37eade]
V  [jvm.dll+0x37ed0f]
V  [jvm.dll+0x2fa16a]
V  [jvm.dll+0x2fcf66]
V  [jvm.dll+0x3073d5]
V  [jvm.dll+0x33c4e0]
V  [jvm.dll+0x7fb5cb]
V  [jvm.dll+0x7fc364]
V  [jvm.dll+0x7fc89c]
V  [jvm.dll+0x7fccf4]
V  [jvm.dll+0x7fcdb7]
V  [jvm.dll+0x7a125a]
V  [jvm.dll+0x698275]
C  [ucrtbase.dll+0x29363]
C  [KERNEL32.DLL+0x1257d]
C  [ntdll.dll+0x5aa58]

VM_Operation (0x00000013ff6ff600): G1Concurrent, mode: safepoint, requested by thread 0x0000014cb12803f0


---------------  P R O C E S S  ---------------

Threads class SMR info:
_java_thread_list=0x0000014cd4f05750, length=16, elements={
0x0000014cb120fc80, 0x0000014cd0859820, 0x0000014cd085c970, 0x0000014cd0875100,
0x0000014cd0875aa0, 0x0000014cd0878450, 0x0000014cd0879590, 0x0000014cd087a260,
0x0000014cd087ffa0, 0x0000014cd0897f70, 0x0000014cd0845a10, 0x0000014cd4d22a90,
0x0000014cd4d8a0c0, 0x0000014cd4d8a580, 0x0000014cd4d63ee0, 0x0000014cd4f0faa0
}

Java Threads: ( => current thread )
  0x0000014cb120fc80 JavaThread "main" [_thread_blocked, id=19572, stack(0x00000013ff400000,0x00000013ff500000)]
  0x0000014cd0859820 JavaThread "Reference Handler" daemon [_thread_blocked, id=15616, stack(0x00000013ffb00000,0x00000013ffc00000)]
  0x0000014cd085c970 JavaThread "Finalizer" daemon [_thread_blocked, id=16016, stack(0x00000013ffc00000,0x00000013ffd00000)]
  0x0000014cd0875100 JavaThread "Signal Dispatcher" daemon [_thread_blocked, id=16148, stack(0x00000013ffd00000,0x00000013ffe00000)]
  0x0000014cd0875aa0 JavaThread "Attach Listener" daemon [_thread_blocked, id=9704, stack(0x00000013ffe00000,0x00000013fff00000)]
  0x0000014cd0878450 JavaThread "Service Thread" daemon [_thread_blocked, id=18908, stack(0x00000013fff00000,0x0000001400000000)]
  0x0000014cd0879590 JavaThread "Monitor Deflation Thread" daemon [_thread_blocked, id=1104, stack(0x0000001380000000,0x0000001380100000)]
  0x0000014cd087a260 JavaThread "C2 CompilerThread0" daemon [_thread_blocked, id=7504, stack(0x0000001380100000,0x0000001380200000)]
  0x0000014cd087ffa0 JavaThread "C1 CompilerThread0" daemon [_thread_blocked, id=12908, stack(0x0000001380200000,0x0000001380300000)]
  0x0000014cd0897f70 JavaThread "Sweeper thread" daemon [_thread_blocked, id=6244, stack(0x0000001380300000,0x0000001380400000)]
  0x0000014cd0845a10 JavaThread "Common-Cleaner" daemon [_thread_blocked, id=2248, stack(0x0000001380400000,0x0000001380500000)]
  0x0000014cd4d22a90 JavaThread "Notification Thread" daemon [_thread_blocked, id=4988, stack(0x0000001380500000,0x0000001380600000)]
  0x0000014cd4d8a0c0 JavaThread "Java2D Disposer" daemon [_thread_blocked, id=10332, stack(0x0000001380700000,0x0000001380800000)]
  0x0000014cd4d8a580 JavaThread "AWT-Shutdown" [_thread_blocked, id=18060, stack(0x0000001380800000,0x0000001380900000)]
  0x0000014cd4d63ee0 JavaThread "AWT-Windows" daemon [_thread_in_native, id=12412, stack(0x0000001380900000,0x0000001380a00000)]
  0x0000014cd4f0faa0 JavaThread "Image Fetcher 0" daemon [_thread_blocked, id=13116, stack(0x0000001380a00000,0x0000001380b00000)]

Other Threads:
=>0x0000014cb1287650 VMThread "VM Thread" [stack: 0x00000013ffa00000,0x00000013ffb00000] [id=19552]
  0x0000014cd4d22f50 WatcherThread "VM Periodic Task Thread" [stack: 0x0000001380600000,0x0000001380700000] [id=16368]
  0x0000014cb126ff40 WorkerThread "GC Thread#0" [stack: 0x00000013ff500000,0x00000013ff600000] [id=18804]
  0x0000014cd4f6a040 WorkerThread "GC Thread#1" [stack: 0x0000001380b00000,0x0000001380c00000] [id=16924]
  0x0000014cd4f6a2e0 WorkerThread "GC Thread#2" [stack: 0x0000001380c00000,0x0000001380d00000] [id=20180]
  0x0000014cd4f6a580 WorkerThread "GC Thread#3" [stack: 0x0000001380d00000,0x0000001380e00000] [id=17740]
  0x0000014cb12803f0 ConcurrentGCThread "G1 Main Marker" [stack: 0x00000013ff600000,0x00000013ff700000] [id=19356]
  0x0000014cb1280ce0 WorkerThread "G1 Conc#0" [stack: 0x00000013ff700000,0x00000013ff800000] [id=17888]
  0x0000014cb12c0960 ConcurrentGCThread "G1 Refine#0" [stack: 0x00000013ff800000,0x00000013ff900000] [id=16928]
  0x0000014cb12c1270 ConcurrentGCThread "G1 Service" [stack: 0x00000013ff900000,0x00000013ffa00000] [id=14528]

Threads with active compile tasks:

VM state: at safepoint (normal execution)

VM Mutex/Monitor currently owned by a thread:  ([mutex/lock_event])
[0x0000014cb120a6e0] Threads_lock - owner thread: 0x0000014cb1287650
[0x0000014cb120bcd0] Heap_lock - owner thread: 0x0000014cb12803f0

Heap address: 0x0000000084c00000, size: 1972 MB, Compressed Oops mode: 32-bit

CDS archive(s) mapped at: [0x0000000800000000-0x0000000800ba0000-0x0000000800ba0000), size 12189696, SharedBaseAddress: 0x0000000800000000, ArchiveRelocationMode: 0.
Compressed class space mapped at: 0x0000000800c00000-0x0000000840c00000, reserved size: 1073741824
Narrow klass base: 0x0000000800000000, Narrow klass shift: 0, Narrow klass range: 0x100000000

GC Precious Log:
 CardTable entry size: 512
 Card Set container configuration: InlinePtr #cards 5 size 8 Array Of Cards #cards 12 size 40 Howl #buckets 4 coarsen threshold 1843 Howl Bitmap #cards 512 size 80 coarsen threshold 460 Card regions per heap region 1 cards per card region 2048
 CPUs: 4 total, 4 available
 Memory: 7886M
 Large Page Support: Disabled
 NUMA Support: Disabled
 Compressed Oops: Enabled (32-bit)
 Heap Region Size: 1M
 Heap Min Capacity: 8M
 Heap Initial Capacity: 124M
 Heap Max Capacity: 1972M
 Pre-touch: Disabled
 Parallel Workers: 4
 Concurrent Workers: 1
 Concurrent Refinement Workers: 4
 Periodic GC: Disabled

Heap:
 garbage-first heap   total 126976K, used 97611K [0x0000000084c00000, 0x0000000100000000)
  region size 1024K, 2 young (2048K), 1 survivors (1024K)
 Metaspace       used 4667K, committed 4864K, reserved 1114112K
  class space    used 484K, committed 576K, reserved 1048576K

Heap Regions: E=young(eden), S=young(survivor), O=old, HS=humongous(starts), HC=humongous(continues), CS=collection set, F=free, OA=open archive, CA=closed archive, TAMS=top-at-mark-start (previous, next)
|   0|0x0000000084c00000, 0x0000000084d00000, 0x0000000084d00000|100%| O|  |TAMS 0x0000000084d00000, 0x0000000084c00000| Untracked 
|   1|0x0000000084d00000, 0x0000000084e00000, 0x0000000084e00000|100%|HS|  |TAMS 0x0000000084e00000, 0x0000000084d00000| Complete 
|   2|0x0000000084e00000, 0x0000000084f00000, 0x0000000084f00000|100%|HC|  |TAMS 0x0000000084f00000, 0x0000000084e00000| Complete 
|   3|0x0000000084f00000, 0x0000000085000000, 0x0000000085000000|100%|HC|  |TAMS 0x0000000085000000, 0x0000000084f00000| Complete 
|   4|0x0000000085000000, 0x0000000085100000, 0x0000000085100000|100%|HC|  |TAMS 0x0000000085100000, 0x0000000085000000| Complete 
|   5|0x0000000085100000, 0x0000000085200000, 0x0000000085200000|100%|HC|  |TAMS 0x0000000085200000, 0x0000000085100000| Complete 
|   6|0x0000000085200000, 0x0000000085300000, 0x0000000085300000|100%|HC|  |TAMS 0x0000000085300000, 0x0000000085200000| Complete 
|   7|0x0000000085300000, 0x0000000085400000, 0x0000000085400000|100%|HC|  |TAMS 0x0000000085400000, 0x0000000085300000| Complete 
|   8|0x0000000085400000, 0x0000000085500000, 0x0000000085500000|100%|HC|  |TAMS 0x0000000085500000, 0x0000000085400000| Complete 
|   9|0x0000000085500000, 0x0000000085600000, 0x0000000085600000|100%|HC|  |TAMS 0x0000000085600000, 0x0000000085500000| Complete 
|  10|0x0000000085600000, 0x0000000085700000, 0x0000000085700000|100%|HC|  |TAMS 0x0000000085700000, 0x0000000085600000| Complete 
|  11|0x0000000085700000, 0x0000000085800000, 0x0000000085800000|100%|HC|  |TAMS 0x0000000085800000, 0x0000000085700000| Complete 
|  12|0x0000000085800000, 0x0000000085900000, 0x0000000085900000|100%|HC|  |TAMS 0x0000000085900000, 0x0000000085800000| Complete 
|  13|0x0000000085900000, 0x0000000085a00000, 0x0000000085a00000|100%|HC|  |TAMS 0x0000000085a00000, 0x0000000085900000| Complete 
|  14|0x0000000085a00000, 0x0000000085b00000, 0x0000000085b00000|100%|HC|  |TAMS 0x0000000085b00000, 0x0000000085a00000| Complete 
|  15|0x0000000085b00000, 0x0000000085c00000, 0x0000000085c00000|100%|HC|  |TAMS 0x0000000085c00000, 0x0000000085b00000| Complete 
|  16|0x0000000085c00000, 0x0000000085d00000, 0x0000000085d00000|100%|HC|  |TAMS 0x0000000085d00000, 0x0000000085c00000| Complete 
|  17|0x0000000085d00000, 0x0000000085e00000, 0x0000000085e00000|100%|HC|  |TAMS 0x0000000085e00000, 0x0000000085d00000| Complete 
|  18|0x0000000085e00000, 0x0000000085f00000, 0x0000000085f00000|100%|HC|  |TAMS 0x0000000085f00000, 0x0000000085e00000| Complete 
|  19|0x0000000085f00000, 0x0000000086000000, 0x0000000086000000|100%|HC|  |TAMS 0x0000000086000000, 0x0000000085f00000| Complete 
|  20|0x0000000086000000, 0x0000000086100000, 0x0000000086100000|100%|HC|  |TAMS 0x0000000086100000, 0x0000000086000000| Complete 
|  21|0x0000000086100000, 0x0000000086200000, 0x0000000086200000|100%|HC|  |TAMS 0x0000000086200000, 0x0000000086100000| Complete 
|  22|0x0000000086200000, 0x0000000086300000, 0x0000000086300000|100%|HC|  |TAMS 0x0000000086300000, 0x0000000086200000| Complete 
|  23|0x0000000086300000, 0x0000000086400000, 0x0000000086400000|100%|HC|  |TAMS 0x0000000086400000, 0x0000000086300000| Complete 
|  24|0x0000000086400000, 0x0000000086500000, 0x0000000086500000|100%|HC|  |TAMS 0x0000000086500000, 0x0000000086400000| Complete 
|  25|0x0000000086500000, 0x0000000086600000, 0x0000000086600000|100%|HC|  |TAMS 0x0000000086600000, 0x0000000086500000| Complete 
|  26|0x0000000086600000, 0x0000000086700000, 0x0000000086700000|100%|HC|  |TAMS 0x0000000086700000, 0x0000000086600000| Complete 
|  27|0x0000000086700000, 0x0000000086800000, 0x0000000086800000|100%|HC|  |TAMS 0x0000000086800000, 0x0000000086700000| Complete 
|  28|0x0000000086800000, 0x0000000086900000, 0x0000000086900000|100%|HC|  |TAMS 0x0000000086900000, 0x0000000086800000| Complete 
|  29|0x0000000086900000, 0x0000000086a00000, 0x0000000086a00000|100%|HC|  |TAMS 0x0000000086a00000, 0x0000000086900000| Complete 
|  30|0x0000000086a00000, 0x0000000086b00000, 0x0000000086b00000|100%|HC|  |TAMS 0x0000000086b00000, 0x0000000086a00000| Complete 
|  31|0x0000000086b00000, 0x0000000086c00000, 0x0000000086c00000|100%|HC|  |TAMS 0x0000000086c00000, 0x0000000086b00000| Complete 
|  32|0x0000000086c00000, 0x0000000086d00000, 0x0000000086d00000|100%|HC|  |TAMS 0x0000000086d00000, 0x0000000086c00000| Complete 
|  33|0x0000000086d00000, 0x0000000086e00000, 0x0000000086e00000|100%|HC|  |TAMS 0x0000000086e00000, 0x0000000086d00000| Complete 
|  34|0x0000000086e00000, 0x0000000086f00000, 0x0000000086f00000|100%|HC|  |TAMS 0x0000000086f00000, 0x0000000086e00000| Complete 
|  35|0x0000000086f00000, 0x0000000087000000, 0x0000000087000000|100%|HC|  |TAMS 0x0000000087000000, 0x0000000086f00000| Complete 
|  36|0x0000000087000000, 0x0000000087100000, 0x0000000087100000|100%|HC|  |TAMS 0x0000000087100000, 0x0000000087000000| Complete 
|  37|0x0000000087100000, 0x0000000087200000, 0x0000000087200000|100%|HC|  |TAMS 0x0000000087200000, 0x0000000087100000| Complete 
|  38|0x0000000087200000, 0x0000000087300000, 0x0000000087300000|100%|HC|  |TAMS 0x0000000087300000, 0x0000000087200000| Complete 
|  39|0x0000000087300000, 0x0000000087400000, 0x0000000087400000|100%|HC|  |TAMS 0x0000000087400000, 0x0000000087300000| Complete 
|  40|0x0000000087400000, 0x0000000087500000, 0x0000000087500000|100%|HC|  |TAMS 0x0000000087500000, 0x0000000087400000| Complete 
|  41|0x0000000087500000, 0x0000000087600000, 0x0000000087600000|100%|HC|  |TAMS 0x0000000087600000, 0x0000000087500000| Complete 
|  42|0x0000000087600000, 0x0000000087700000, 0x0000000087700000|100%|HC|  |TAMS 0x0000000087700000, 0x0000000087600000| Complete 
|  43|0x0000000087700000, 0x0000000087800000, 0x0000000087800000|100%|HC|  |TAMS 0x0000000087800000, 0x0000000087700000| Complete 
|  44|0x0000000087800000, 0x0000000087900000, 0x0000000087900000|100%|HC|  |TAMS 0x0000000087900000, 0x0000000087800000| Complete 
|  45|0x0000000087900000, 0x0000000087a00000, 0x0000000087a00000|100%|HC|  |TAMS 0x0000000087a00000, 0x0000000087900000| Complete 
|  46|0x0000000087a00000, 0x0000000087b00000, 0x0000000087b00000|100%|HC|  |TAMS 0x0000000087b00000, 0x0000000087a00000| Complete 
|  47|0x0000000087b00000, 0x0000000087c00000, 0x0000000087c00000|100%|HC|  |TAMS 0x0000000087c00000, 0x0000000087b00000| Complete 
|  48|0x0000000087c00000, 0x0000000087d00000, 0x0000000087d00000|100%|HC|  |TAMS 0x0000000087d00000, 0x0000000087c00000| Complete 
|  49|0x0000000087d00000, 0x0000000087e00000, 0x0000000087e00000|100%|HC|  |TAMS 0x0000000087e00000, 0x0000000087d00000| Complete 
|  50|0x0000000087e00000, 0x0000000087f00000, 0x0000000087f00000|100%|HC|  |TAMS 0x0000000087f00000, 0x0000000087e00000| Complete 
|  51|0x0000000087f00000, 0x0000000088000000, 0x0000000088000000|100%|HC|  |TAMS 0x0000000088000000, 0x0000000087f00000| Complete 
|  52|0x0000000088000000, 0x0000000088100000, 0x0000000088100000|100%|HC|  |TAMS 0x0000000088100000, 0x0000000088000000| Complete 
|  53|0x0000000088100000, 0x0000000088200000, 0x0000000088200000|100%|HC|  |TAMS 0x0000000088200000, 0x0000000088100000| Complete 
|  54|0x0000000088200000, 0x0000000088300000, 0x0000000088300000|100%|HC|  |TAMS 0x0000000088300000, 0x0000000088200000| Complete 
|  55|0x0000000088300000, 0x0000000088400000, 0x0000000088400000|100%|HC|  |TAMS 0x0000000088400000, 0x0000000088300000| Complete 
|  56|0x0000000088400000, 0x0000000088500000, 0x0000000088500000|100%|HC|  |TAMS 0x0000000088500000, 0x0000000088400000| Complete 
|  57|0x0000000088500000, 0x0000000088600000, 0x0000000088600000|100%|HC|  |TAMS 0x0000000088600000, 0x0000000088500000| Complete 
|  58|0x0000000088600000, 0x0000000088700000, 0x0000000088700000|100%|HC|  |TAMS 0x0000000088700000, 0x0000000088600000| Complete 
|  59|0x0000000088700000, 0x0000000088800000, 0x0000000088800000|100%|HC|  |TAMS 0x0000000088800000, 0x0000000088700000| Complete 
|  60|0x0000000088800000, 0x0000000088900000, 0x0000000088900000|100%|HC|  |TAMS 0x0000000088900000, 0x0000000088800000| Complete 
|  61|0x0000000088900000, 0x0000000088a00000, 0x0000000088a00000|100%|HC|  |TAMS 0x0000000088a00000, 0x0000000088900000| Complete 
|  62|0x0000000088a00000, 0x0000000088b00000, 0x0000000088b00000|100%|HC|  |TAMS 0x0000000088b00000, 0x0000000088a00000| Complete 
|  63|0x0000000088b00000, 0x0000000088c00000, 0x0000000088c00000|100%|HC|  |TAMS 0x0000000088c00000, 0x0000000088b00000| Complete 
|  64|0x0000000088c00000, 0x0000000088d00000, 0x0000000088d00000|100%|HC|  |TAMS 0x0000000088d00000, 0x0000000088c00000| Complete 
|  65|0x0000000088d00000, 0x0000000088e00000, 0x0000000088e00000|100%|HC|  |TAMS 0x0000000088e00000, 0x0000000088d00000| Complete 
|  66|0x0000000088e00000, 0x0000000088f00000, 0x0000000088f00000|100%|HC|  |TAMS 0x0000000088f00000, 0x0000000088e00000| Complete 
|  67|0x0000000088f00000, 0x0000000089000000, 0x0000000089000000|100%|HC|  |TAMS 0x0000000089000000, 0x0000000088f00000| Complete 
|  68|0x0000000089000000, 0x0000000089100000, 0x0000000089100000|100%|HC|  |TAMS 0x0000000089100000, 0x0000000089000000| Complete 
|  69|0x0000000089100000, 0x0000000089200000, 0x0000000089200000|100%|HC|  |TAMS 0x0000000089200000, 0x0000000089100000| Complete 
|  70|0x0000000089200000, 0x0000000089300000, 0x0000000089300000|100%|HC|  |TAMS 0x0000000089300000, 0x0000000089200000| Complete 
|  71|0x0000000089300000, 0x0000000089400000, 0x0000000089400000|100%|HC|  |TAMS 0x0000000089400000, 0x0000000089300000| Complete 
|  72|0x0000000089400000, 0x0000000089500000, 0x0000000089500000|100%|HC|  |TAMS 0x0000000089500000, 0x0000000089400000| Complete 
|  73|0x0000000089500000, 0x0000000089600000, 0x0000000089600000|100%|HC|  |TAMS 0x0000000089600000, 0x0000000089500000| Complete 
|  74|0x0000000089600000, 0x0000000089700000, 0x0000000089700000|100%|HC|  |TAMS 0x0000000089700000, 0x0000000089600000| Complete 
|  75|0x0000000089700000, 0x0000000089800000, 0x0000000089800000|100%|HC|  |TAMS 0x0000000089800000, 0x0000000089700000| Complete 
|  76|0x0000000089800000, 0x0000000089900000, 0x0000000089900000|100%|HC|  |TAMS 0x0000000089900000, 0x0000000089800000| Complete 
|  77|0x0000000089900000, 0x0000000089a00000, 0x0000000089a00000|100%|HC|  |TAMS 0x0000000089a00000, 0x0000000089900000| Complete 
|  78|0x0000000089a00000, 0x0000000089b00000, 0x0000000089b00000|100%|HC|  |TAMS 0x0000000089b00000, 0x0000000089a00000| Complete 
|  79|0x0000000089b00000, 0x0000000089c00000, 0x0000000089c00000|100%|HC|  |TAMS 0x0000000089c00000, 0x0000000089b00000| Complete 
|  80|0x0000000089c00000, 0x0000000089d00000, 0x0000000089d00000|100%|HC|  |TAMS 0x0000000089d00000, 0x0000000089c00000| Complete 
|  81|0x0000000089d00000, 0x0000000089e00000, 0x0000000089e00000|100%|HC|  |TAMS 0x0000000089e00000, 0x0000000089d00000| Complete 
|  82|0x0000000089e00000, 0x0000000089f00000, 0x0000000089f00000|100%|HC|  |TAMS 0x0000000089f00000, 0x0000000089e00000| Complete 
|  83|0x0000000089f00000, 0x000000008a000000, 0x000000008a000000|100%|HC|  |TAMS 0x000000008a000000, 0x0000000089f00000| Complete 
|  84|0x000000008a000000, 0x000000008a100000, 0x000000008a100000|100%|HC|  |TAMS 0x000000008a100000, 0x000000008a000000| Complete 
|  85|0x000000008a100000, 0x000000008a200000, 0x000000008a200000|100%|HC|  |TAMS 0x000000008a200000, 0x000000008a100000| Complete 
|  86|0x000000008a200000, 0x000000008a300000, 0x000000008a300000|100%|HC|  |TAMS 0x000000008a300000, 0x000000008a200000| Complete 
|  87|0x000000008a300000, 0x000000008a400000, 0x000000008a400000|100%|HC|  |TAMS 0x000000008a400000, 0x000000008a300000| Complete 
|  88|0x000000008a400000, 0x000000008a500000, 0x000000008a500000|100%|HC|  |TAMS 0x000000008a500000, 0x000000008a400000| Complete 
|  89|0x000000008a500000, 0x000000008a600000, 0x000000008a600000|100%|HC|  |TAMS 0x000000008a600000, 0x000000008a500000| Complete 
|  90|0x000000008a600000, 0x000000008a700000, 0x000000008a700000|100%|HC|  |TAMS 0x000000008a700000, 0x000000008a600000| Complete 
|  91|0x000000008a700000, 0x000000008a800000, 0x000000008a800000|100%|HC|  |TAMS 0x000000008a800000, 0x000000008a700000| Complete 
|  92|0x000000008a800000, 0x000000008a900000, 0x000000008a900000|100%|HC|  |TAMS 0x000000008a900000, 0x000000008a800000| Complete 
|  93|0x000000008a900000, 0x000000008aa00000, 0x000000008aa00000|100%|HC|  |TAMS 0x000000008aa00000, 0x000000008a900000| Complete 
|  94|0x000000008aa00000, 0x000000008ab00000, 0x000000008ab00000|100%| O|  |TAMS 0x000000008ab00000, 0x000000008aa00000| Untracked 
|  95|0x000000008ab00000, 0x000000008ab40800, 0x000000008ac00000| 25%| O|  |TAMS 0x000000008ab40608, 0x000000008ab00000| Updating 
|  96|0x000000008ac00000, 0x000000008ac00000, 0x000000008ad00000|  0%| F|  |TAMS 0x000000008ac00000, 0x000000008ac00000| Untracked 
|  97|0x000000008ad00000, 0x000000008ad00000, 0x000000008ae00000|  0%| F|  |TAMS 0x000000008ad00000, 0x000000008ad00000| Untracked 
|  98|0x000000008ae00000, 0x000000008ae00000, 0x000000008af00000|  0%| F|  |TAMS 0x000000008ae00000, 0x000000008ae00000| Untracked 
|  99|0x000000008af00000, 0x000000008af00000, 0x000000008b000000|  0%| F|  |TAMS 0x000000008af00000, 0x000000008af00000| Untracked 
| 100|0x000000008b000000, 0x000000008b000000, 0x000000008b100000|  0%| F|  |TAMS 0x000000008b000000, 0x000000008b000000| Untracked 
| 101|0x000000008b100000, 0x000000008b100000, 0x000000008b200000|  0%| F|  |TAMS 0x000000008b100000, 0x000000008b100000| Untracked 
| 102|0x000000008b200000, 0x000000008b200000, 0x000000008b300000|  0%| F|  |TAMS 0x000000008b200000, 0x000000008b200000| Untracked 
| 103|0x000000008b300000, 0x000000008b300000, 0x000000008b400000|  0%| F|  |TAMS 0x000000008b300000, 0x000000008b300000| Untracked 
| 104|0x000000008b400000, 0x000000008b400000, 0x000000008b500000|  0%| F|  |TAMS 0x000000008b400000, 0x000000008b400000| Untracked 
| 105|0x000000008b500000, 0x000000008b500000, 0x000000008b600000|  0%| F|  |TAMS 0x000000008b500000, 0x000000008b500000| Untracked 
| 106|0x000000008b600000, 0x000000008b600000, 0x000000008b700000|  0%| F|  |TAMS 0x000000008b600000, 0x000000008b600000| Untracked 
| 107|0x000000008b700000, 0x000000008b700000, 0x000000008b800000|  0%| F|  |TAMS 0x000000008b700000, 0x000000008b700000| Untracked 
| 108|0x000000008b800000, 0x000000008b800000, 0x000000008b900000|  0%| F|  |TAMS 0x000000008b800000, 0x000000008b800000| Untracked 
| 109|0x000000008b900000, 0x000000008b900000, 0x000000008ba00000|  0%| F|  |TAMS 0x000000008b900000, 0x000000008b900000| Untracked 
| 110|0x000000008ba00000, 0x000000008ba00000, 0x000000008bb00000|  0%| F|  |TAMS 0x000000008ba00000, 0x000000008ba00000| Untracked 
| 111|0x000000008bb00000, 0x000000008bb00000, 0x000000008bc00000|  0%| F|  |TAMS 0x000000008bb00000, 0x000000008bb00000| Untracked 
| 112|0x000000008bc00000, 0x000000008bc00000, 0x000000008bd00000|  0%| F|  |TAMS 0x000000008bc00000, 0x000000008bc00000| Untracked 
| 113|0x000000008bd00000, 0x000000008bd00000, 0x000000008be00000|  0%| F|  |TAMS 0x000000008bd00000, 0x000000008bd00000| Untracked 
| 114|0x000000008be00000, 0x000000008be00000, 0x000000008bf00000|  0%| F|  |TAMS 0x000000008be00000, 0x000000008be00000| Untracked 
| 115|0x000000008bf00000, 0x000000008bf00000, 0x000000008c000000|  0%| F|  |TAMS 0x000000008bf00000, 0x000000008bf00000| Untracked 
| 116|0x000000008c000000, 0x000000008c0125e8, 0x000000008c100000|  7%| S|CS|TAMS 0x000000008c000000, 0x000000008c000000| Complete 
| 117|0x000000008c100000, 0x000000008c100000, 0x000000008c200000|  0%| F|  |TAMS 0x000000008c100000, 0x000000008c100000| Untracked 
| 118|0x000000008c200000, 0x000000008c200000, 0x000000008c300000|  0%| F|  |TAMS 0x000000008c200000, 0x000000008c200000| Untracked 
| 119|0x000000008c300000, 0x000000008c300000, 0x000000008c400000|  0%| F|  |TAMS 0x000000008c300000, 0x000000008c300000| Untracked 
| 120|0x000000008c400000, 0x000000008c400000, 0x000000008c500000|  0%| F|  |TAMS 0x000000008c400000, 0x000000008c400000| Untracked 
| 121|0x000000008c500000, 0x000000008c500000, 0x000000008c600000|  0%| F|  |TAMS 0x000000008c500000, 0x000000008c500000| Untracked 
| 122|0x000000008c600000, 0x000000008c600000, 0x000000008c700000|  0%| F|  |TAMS 0x000000008c600000, 0x000000008c600000| Untracked 
| 123|0x000000008c700000, 0x000000008c7476f8, 0x000000008c800000| 27%| E|  |TAMS 0x000000008c700000, 0x000000008c700000| Complete 

Card table byte_map: [0x0000014cc9d30000,0x0000014cca110000] _byte_map_base: 0x0000014cc990a000

Marking Bits (Prev, Next): (CMBitMap*) 0x0000014cb1270480, (CMBitMap*) 0x0000014cb1270440
 Prev Bits: [0x0000014ccc3c0000, 0x0000014cce290000)
 Next Bits: [0x0000014cca4f0000, 0x0000014ccc3c0000)

Polling page: 0x0000014cb12d0000

Metaspace:

Usage:
  Non-class:      4.08 MB used.
      Class:    484.99 KB used.
       Both:      4.56 MB used.

Virtual space:
  Non-class space:       64.00 MB reserved,       4.19 MB (  7%) committed,  1 nodes.
      Class space:        1.00 GB reserved,     576.00 KB ( <1%) committed,  1 nodes.
             Both:        1.06 GB reserved,       4.75 MB ( <1%) committed. 

Chunk freelists:
   Non-Class:  2.89 MB
       Class:  3.25 MB
        Both:  6.14 MB

MaxMetaspaceSize: unlimited
CompressedClassSpaceSize: 1.00 GB
Initial GC threshold: 21.00 MB
Current GC threshold: 21.00 MB
CDS: on
MetaspaceReclaimPolicy: balanced
 - commit_granule_bytes: 65536.
 - commit_granule_words: 8192.
 - virtual_space_node_default_size: 8388608.
 - enlarge_chunks_in_place: 1.
 - new_chunks_are_fully_committed: 0.
 - uncommit_free_chunks: 1.
 - use_allocation_guard: 0.


Internal statistics:

num_allocs_failed_limit: 0.
num_arena_births: 106.
num_arena_deaths: 0.
num_vsnodes_births: 2.
num_vsnodes_deaths: 0.
num_space_committed: 76.
num_space_uncommitted: 0.
num_chunks_returned_to_freelist: 0.
num_chunks_taken_from_freelist: 143.
num_chunk_merges: 0.
num_chunk_splits: 79.
num_chunks_enlarged: 21.
num_inconsistent_stats: 0.

CodeHeap 'non-profiled nmethods': size=120000Kb used=194Kb max_used=194Kb free=119806Kb
 bounds [0x0000014cc1e00000, 0x0000014cc2070000, 0x0000014cc9330000]
CodeHeap 'profiled nmethods': size=120000Kb used=1058Kb max_used=1058Kb free=118941Kb
 bounds [0x0000014cba8d0000, 0x0000014cbab40000, 0x0000014cc1e00000]
CodeHeap 'non-nmethods': size=5760Kb used=1229Kb max_used=1242Kb free=4530Kb
 bounds [0x0000014cba330000, 0x0000014cba5a0000, 0x0000014cba8d0000]
 total_blobs=1193 nmethods=678 adapters=428
 compilation: enabled
              stopped_count=0, restarted_count=0
 full_count=0

Compilation events (20 events):
Event: 0.457 Thread 0x0000014cd087ffa0  669       3       sun.awt.image.ImageWatched$WeakLink::update (39 bytes)
Event: 0.458 Thread 0x0000014cd087ffa0 nmethod 669 0x0000014cba9d0a90 code [0x0000014cba9d0d20, 0x0000014cba9d19e8]
Event: 0.458 Thread 0x0000014cd087ffa0  674       3       sun.awt.image.ImageDecoder::setPixels (58 bytes)
Event: 0.458 Thread 0x0000014cd087ffa0 nmethod 674 0x0000014cba9d1e10 code [0x0000014cba9d2000, 0x0000014cba9d2748]
Event: 0.458 Thread 0x0000014cd087ffa0  670       3       sun.awt.image.ImageWatched$WeakLink$$Lambda$147/0x0000000800c1f150::run (32 bytes)
Event: 0.458 Thread 0x0000014cd087ffa0 nmethod 670 0x0000014cba9d2a90 code [0x0000014cba9d2c20, 0x0000014cba9d2d88]
Event: 0.458 Thread 0x0000014cd087ffa0  671       3       sun.awt.image.ImageWatched$WeakLink::lambda$update$0 (19 bytes)
Event: 0.458 Thread 0x0000014cd087ffa0 nmethod 671 0x0000014cba9d2e10 code [0x0000014cba9d2fc0, 0x0000014cba9d3268]
Event: 0.458 Thread 0x0000014cd087ffa0  672       3       java.awt.ImageMediaEntry::imageUpdate (51 bytes)
Event: 0.459 Thread 0x0000014cd087ffa0 nmethod 672 0x0000014cba9d3390 code [0x0000014cba9d3580, 0x0000014cba9d3c68]
Event: 0.459 Thread 0x0000014cd087ffa0  673       3       sun.awt.image.JPEGImageDecoder::sendPixels (40 bytes)
Event: 0.459 Thread 0x0000014cd087ffa0 nmethod 673 0x0000014cba9d3e90 code [0x0000014cba9d4040, 0x0000014cba9d42e8]
Event: 0.486 Thread 0x0000014cd087ffa0  675   !   3       sun.awt.image.ImageRepresentation::setPixels (527 bytes)
Event: 0.487 Thread 0x0000014cd087ffa0 nmethod 675 0x0000014cba9d4410 code [0x0000014cba9d47a0, 0x0000014cba9d6808]
Event: 0.487 Thread 0x0000014cd087ffa0  676       3       sun.awt.image.IntegerInterleavedRaster::setDataElements (134 bytes)
Event: 0.488 Thread 0x0000014cd087ffa0 nmethod 676 0x0000014cba9d7890 code [0x0000014cba9d7a80, 0x0000014cba9d8118]
Event: 0.488 Thread 0x0000014cd087ffa0  677       3       sun.awt.image.SunWritableRaster::markDirty (8 bytes)
Event: 0.488 Thread 0x0000014cd087ffa0 nmethod 677 0x0000014cba9d8390 code [0x0000014cba9d8520, 0x0000014cba9d86b8]
Event: 0.488 Thread 0x0000014cd087ffa0  678       3       sun.java2d.StateTrackableDelegate::markDirty (6 bytes)
Event: 0.488 Thread 0x0000014cd087ffa0 nmethod 678 0x0000014cba9d8790 code [0x0000014cba9d8920, 0x0000014cba9d8a58]

GC Heap History (6 events):
Event: 0.369 GC heap before
{Heap before GC invocations=0 (full 0):
 garbage-first heap   total 126976K, used 6144K [0x0000000084c00000, 0x0000000100000000)
  region size 1024K, 7 young (7168K), 0 survivors (0K)
 Metaspace       used 4552K, committed 4672K, reserved 1114112K
  class space    used 478K, committed 512K, reserved 1048576K
}
Event: 0.372 GC heap after
{Heap after GC invocations=1 (full 0):
 garbage-first heap   total 126976K, used 2302K [0x0000000084c00000, 0x0000000100000000)
  region size 1024K, 2 young (2048K), 2 survivors (2048K)
 Metaspace       used 4552K, committed 4672K, reserved 1114112K
  class space    used 478K, committed 512K, reserved 1048576K
}
Event: 0.475 GC heap before
{Heap before GC invocations=1 (full 0):
 garbage-first heap   total 126976K, used 106750K [0x0000000084c00000, 0x0000000100000000)
  region size 1024K, 12 young (12288K), 2 survivors (2048K)
 Metaspace       used 4663K, committed 4864K, reserved 1114112K
  class space    used 484K, committed 576K, reserved 1048576K
}
Event: 0.478 GC heap after
{Heap after GC invocations=2 (full 0):
 garbage-first heap   total 126976K, used 97830K [0x0000000084c00000, 0x0000000100000000)
  region size 1024K, 1 young (1024K), 1 survivors (1024K)
 Metaspace       used 4663K, committed 4864K, reserved 1114112K
  class space    used 484K, committed 576K, reserved 1048576K
}
Event: 0.591 GC heap before
{Heap before GC invocations=2 (full 0):
 garbage-first heap   total 126976K, used 103974K [0x0000000084c00000, 0x0000000100000000)
  region size 1024K, 8 young (8192K), 1 survivors (1024K)
 Metaspace       used 4667K, committed 4864K, reserved 1114112K
  class space    used 484K, committed 576K, reserved 1048576K
}
Event: 0.591 GC heap after
{Heap after GC invocations=3 (full 0):
 garbage-first heap   total 126976K, used 97611K [0x0000000084c00000, 0x0000000100000000)
  region size 1024K, 1 young (1024K), 1 survivors (1024K)
 Metaspace       used 4667K, committed 4864K, reserved 1114112K
  class space    used 484K, committed 576K, reserved 1048576K
}

Deoptimization events (8 events):
Event: 0.292 Thread 0x0000014cb120fc80 Uncommon trap: trap_request=0xffffff45 fr.pc=0x0000014cc1e0eed8 relative=0x00000000000008d8
Event: 0.292 Thread 0x0000014cb120fc80 Uncommon trap: reason=unstable_if action=reinterpret pc=0x0000014cc1e0eed8 method=java.util.HashMap.putVal(ILjava/lang/Object;Ljava/lang/Object;ZZ)Ljava/lang/Object; @ 236 c2
Event: 0.292 Thread 0x0000014cb120fc80 DEOPT PACKING pc=0x0000014cc1e0eed8 sp=0x00000013ff4fdfa0
Event: 0.293 Thread 0x0000014cb120fc80 DEOPT UNPACKING pc=0x0000014cba385c23 sp=0x00000013ff4fdf48 mode 2
Event: 0.363 Thread 0x0000014cd4f0faa0 Uncommon trap: trap_request=0xffffff45 fr.pc=0x0000014cc1e2c9b8 relative=0x0000000000000418
Event: 0.363 Thread 0x0000014cd4f0faa0 Uncommon trap: reason=unstable_if action=reinterpret pc=0x0000014cc1e2c9b8 method=java.lang.StringLatin1.newString([BII)Ljava/lang/String; @ 1 c2
Event: 0.363 Thread 0x0000014cd4f0faa0 DEOPT PACKING pc=0x0000014cc1e2c9b8 sp=0x0000001380afeec0
Event: 0.363 Thread 0x0000014cd4f0faa0 DEOPT UNPACKING pc=0x0000014cba385c23 sp=0x0000001380afee88 mode 2

Classes loaded (20 events):
Event: 0.369 Loading class sun/awt/image/SunWritableRaster
Event: 0.369 Loading class java/awt/image/WritableRaster
Event: 0.369 Loading class java/awt/image/WritableRaster done
Event: 0.369 Loading class sun/awt/image/SunWritableRaster done
Event: 0.406 Loading class java/awt/image/SinglePixelPackedSampleModel
Event: 0.406 Loading class java/awt/image/SampleModel
Event: 0.406 Loading class java/awt/image/SampleModel done
Event: 0.406 Loading class java/awt/image/SinglePixelPackedSampleModel done
Event: 0.406 Loading class sun/awt/image/IntegerInterleavedRaster
Event: 0.406 Loading class sun/awt/image/IntegerComponentRaster
Event: 0.407 Loading class sun/awt/image/IntegerComponentRaster done
Event: 0.407 Loading class sun/awt/image/IntegerInterleavedRaster done
Event: 0.407 Loading class java/awt/image/BufferedImage
Event: 0.407 Loading class java/awt/image/WritableRenderedImage
Event: 0.407 Loading class java/awt/image/RenderedImage
Event: 0.407 Loading class java/awt/image/RenderedImage done
Event: 0.407 Loading class java/awt/image/WritableRenderedImage done
Event: 0.407 Loading class java/awt/image/BufferedImage done
Event: 0.407 Loading class java/awt/image/BufferedImage$1
Event: 0.407 Loading class java/awt/image/BufferedImage$1 done

Classes unloaded (0 events):
No events

Classes redefined (0 events):
No events

Internal exceptions (15 events):
Event: 0.192 Thread 0x0000014cb120fc80 Exception <a 'sun/nio/fs/WindowsException'{0x000000008c639a68}> (0x000000008c639a68) 
thrown [s\open\src\hotspot\share\prims\jni.cpp, line 516]
Event: 0.192 Thread 0x0000014cb120fc80 Exception <a 'sun/nio/fs/WindowsException'{0x000000008c639f88}> (0x000000008c639f88) 
thrown [s\open\src\hotspot\share\prims\jni.cpp, line 516]
Event: 0.194 Thread 0x0000014cb120fc80 Exception <a 'sun/nio/fs/WindowsException'{0x000000008c63c230}> (0x000000008c63c230) 
thrown [s\open\src\hotspot\share\prims\jni.cpp, line 516]
Event: 0.194 Thread 0x0000014cb120fc80 Exception <a 'sun/nio/fs/WindowsException'{0x000000008c63cc80}> (0x000000008c63cc80) 
thrown [s\open\src\hotspot\share\prims\jni.cpp, line 516]
Event: 0.217 Thread 0x0000014cb120fc80 Exception <a 'java/lang/ClassNotFoundException'{0x000000008c6da6f8}: sun/awt/resources/spi/awtProvider> (0x000000008c6da6f8) 
thrown [s\open\src\hotspot\share\classfile\systemDictionary.cpp, line 255]
Event: 0.231 Thread 0x0000014cb120fc80 Exception <a 'java/io/FileNotFoundException'{0x000000008c52e398}> (0x000000008c52e398) 
thrown [s\open\src\hotspot\share\prims\jni.cpp, line 516]
Event: 0.236 Thread 0x0000014cb120fc80 Exception <a 'java/io/FileNotFoundException'{0x000000008c55b9e8}> (0x000000008c55b9e8) 
thrown [s\open\src\hotspot\share\prims\jni.cpp, line 516]
Event: 0.261 Thread 0x0000014cb120fc80 Exception <a 'java/lang/NoSuchMethodError'{0x000000008c5a0190}: 'java.lang.Object java.lang.invoke.DirectMethodHandle$Holder.invokeStaticInit(java.lang.Object)'> (0x000000008c5a0190) 
thrown [s\open\src\hotspot\share\interpreter\linkResolver.cpp, line 759]
Event: 0.294 Thread 0x0000014cb120fc80 Exception <a 'java/lang/NoSuchMethodError'{0x000000008c4213e8}: 'void java.lang.invoke.DirectMethodHandle$Holder.invokeSpecial(java.lang.Object, java.lang.Object, java.lang.Object)'> (0x000000008c4213e8) 
thrown [s\open\src\hotspot\share\interpreter\linkResolver.cpp, line 759]
Event: 0.300 Thread 0x0000014cb120fc80 Exception <a 'java/lang/NoSuchMethodError'{0x000000008c44c710}: 'java.lang.Object java.lang.invoke.DirectMethodHandle$Holder.newInvokeSpecial(java.lang.Object, java.lang.Object, java.lang.Object, java.lang.Object, java.lang.Object)'> (0x000000008c44c710) 
thrown [s\open\src\hotspot\share\interpreter\linkResolver.cpp, line 759]
Event: 0.304 Thread 0x0000014cb120fc80 Exception <a 'java/lang/NoSuchMethodError'{0x000000008c47e220}: 'java.lang.Object java.lang.invoke.DirectMethodHandle$Holder.invokeStatic(java.lang.Object, int, java.lang.Object)'> (0x000000008c47e220) 
thrown [s\open\src\hotspot\share\interpreter\linkResolver.cpp, line 759]
Event: 0.320 Thread 0x0000014cb120fc80 Exception <a 'java/lang/ClassNotFoundException'{0x000000008c33baf8}: com/sun/swing/internal/plaf/metal/resources/spi/metalProvider> (0x000000008c33baf8) 
thrown [s\open\src\hotspot\share\classfile\systemDictionary.cpp, line 255]
Event: 0.320 Thread 0x0000014cb120fc80 Exception <a 'java/lang/ClassNotFoundException'{0x000000008c33fae0}: com/sun/swing/internal/plaf/basic/resources/spi/basicProvider> (0x000000008c33fae0) 
thrown [s\open\src\hotspot\share\classfile\systemDictionary.cpp, line 255]
Event: 0.326 Thread 0x0000014cb120fc80 Exception <a 'java/lang/NoSuchMethodError'{0x000000008c3600c8}: 'int java.lang.invoke.Invokers$Holder.invokeExact_MT(java.lang.Object, java.lang.Object)'> (0x000000008c3600c8) 
thrown [s\open\src\hotspot\share\interpreter\linkResolver.cpp, line 759]
Event: 0.366 Thread 0x0000014cd4f0faa0 Exception <a 'java/lang/NoSuchMethodError'{0x000000008c101b98}: 'java.lang.Object java.lang.invoke.DirectMethodHandle$Holder.newInvokeSpecial(java.lang.Object, java.lang.Object, java.lang.Object, int, int, int, int, int)'> (0x000000008c101b98) 
thrown [s\open\src\hotspot\share\interpreter\linkResolver.cpp, line 759]

VM Operations (9 events):
Event: 0.195 Executing VM operation: HandshakeAllThreads
Event: 0.195 Executing VM operation: HandshakeAllThreads done
Event: 0.369 Executing VM operation: G1TryInitiateConcMark
Event: 0.372 Executing VM operation: G1TryInitiateConcMark done
Event: 0.475 Executing VM operation: G1CollectForAllocation
Event: 0.478 Executing VM operation: G1CollectForAllocation done
Event: 0.590 Executing VM operation: G1CollectForAllocation
Event: 0.591 Executing VM operation: G1CollectForAllocation done
Event: 0.596 Executing VM operation: G1Concurrent

Events (20 events):
Event: 0.107 Thread 0x0000014cd085c970 Thread added: 0x0000014cd085c970
Event: 0.116 Thread 0x0000014cd0875100 Thread added: 0x0000014cd0875100
Event: 0.116 Thread 0x0000014cd0875aa0 Thread added: 0x0000014cd0875aa0
Event: 0.116 Thread 0x0000014cd0878450 Thread added: 0x0000014cd0878450
Event: 0.116 Thread 0x0000014cd0879590 Thread added: 0x0000014cd0879590
Event: 0.116 Thread 0x0000014cd087a260 Thread added: 0x0000014cd087a260
Event: 0.116 Thread 0x0000014cd087ffa0 Thread added: 0x0000014cd087ffa0
Event: 0.117 Thread 0x0000014cd0897f70 Thread added: 0x0000014cd0897f70
Event: 0.181 Thread 0x0000014cd0845a10 Thread added: 0x0000014cd0845a10
Event: 0.189 Loaded shared library C:\Program Files\Java\jdk-18.0.2\bin\net.dll
Event: 0.191 Loaded shared library C:\Program Files\Java\jdk-18.0.2\bin\nio.dll
Event: 0.204 Thread 0x0000014cd4d22a90 Thread added: 0x0000014cd4d22a90
Event: 0.213 Loaded shared library C:\Program Files\Java\jdk-18.0.2\bin\jimage.dll
Event: 0.223 Loaded shared library C:\Program Files\Java\jdk-18.0.2\bin\awt.dll
Event: 0.262 Thread 0x0000014cd4d8a0c0 Thread added: 0x0000014cd4d8a0c0
Event: 0.263 Thread 0x0000014cd4d8a580 Thread added: 0x0000014cd4d8a580
Event: 0.264 Thread 0x0000014cd4d63ee0 Thread added: 0x0000014cd4d63ee0
Event: 0.330 Thread 0x0000014cd4f0faa0 Thread added: 0x0000014cd4f0faa0
Event: 0.339 Loaded shared library C:\Program Files\Java\jdk-18.0.2\bin\zip.dll
Event: 0.365 Loaded shared library C:\Program Files\Java\jdk-18.0.2\bin\javajpeg.dll


Dynamic libraries:
0x00007ff6399f0000 - 0x00007ff639a00000 	C:\Program Files\Java\jdk-18.0.2\bin\java.exe
0x00007ffe48fb0000 - 0x00007ffe491c6000 	C:\WINDOWS\SYSTEM32\ntdll.dll
0x00007ffe485b0000 - 0x00007ffe48674000 	C:\WINDOWS\System32\KERNEL32.DLL
0x00007ffe466c0000 - 0x00007ffe46a66000 	C:\WINDOWS\System32\KERNELBASE.dll
0x00007ffe46390000 - 0x00007ffe464a1000 	C:\WINDOWS\System32\ucrtbase.dll
0x00007ffe0fd60000 - 0x00007ffe0fd78000 	C:\Program Files\Java\jdk-18.0.2\bin\jli.dll
0x00007ffe3e9b0000 - 0x00007ffe3e9ca000 	C:\Program Files\Java\jdk-18.0.2\bin\VCRUNTIME140.dll
0x00007ffe47a60000 - 0x00007ffe47b12000 	C:\WINDOWS\System32\ADVAPI32.dll
0x00007ffe46d00000 - 0x00007ffe46da7000 	C:\WINDOWS\System32\msvcrt.dll
0x00007ffe46db0000 - 0x00007ffe46e58000 	C:\WINDOWS\System32\sechost.dll
0x00007ffe46690000 - 0x00007ffe466b8000 	C:\WINDOWS\System32\bcrypt.dll
0x00007ffe46eb0000 - 0x00007ffe46fc5000 	C:\WINDOWS\System32\RPCRT4.dll
0x00007ffe48400000 - 0x00007ffe485ad000 	C:\WINDOWS\System32\USER32.dll
0x00007ffe46cd0000 - 0x00007ffe46cf6000 	C:\WINDOWS\System32\win32u.dll
0x00007ffe47a30000 - 0x00007ffe47a59000 	C:\WINDOWS\System32\GDI32.dll
0x00007ffe46b30000 - 0x00007ffe46c48000 	C:\WINDOWS\System32\gdi32full.dll
0x00007ffe462f0000 - 0x00007ffe4638a000 	C:\WINDOWS\System32\msvcp_win.dll
0x00007ffe304c0000 - 0x00007ffe30753000 	C:\WINDOWS\WinSxS\amd64_microsoft.windows.common-controls_6595b64144ccf1df_6.0.22621.3235_none_270f74e173860f98\COMCTL32.dll
0x00007ffe391e0000 - 0x00007ffe391ea000 	C:\WINDOWS\SYSTEM32\VERSION.dll
0x00007ffe46e60000 - 0x00007ffe46e91000 	C:\WINDOWS\System32\IMM32.DLL
0x00007ffe3e760000 - 0x00007ffe3e76c000 	C:\Program Files\Java\jdk-18.0.2\bin\vcruntime140_1.dll
0x00007ffe2e800000 - 0x00007ffe2e88d000 	C:\Program Files\Java\jdk-18.0.2\bin\msvcp140.dll
0x00007ffde7b40000 - 0x00007ffde8751000 	C:\Program Files\Java\jdk-18.0.2\bin\server\jvm.dll
0x00007ffe47b30000 - 0x00007ffe47b38000 	C:\WINDOWS\System32\PSAPI.DLL
0x00007ffe3fd40000 - 0x00007ffe3fd49000 	C:\WINDOWS\SYSTEM32\WSOCK32.dll
0x00007ffe489d0000 - 0x00007ffe48a41000 	C:\WINDOWS\System32\WS2_32.dll
0x00007ffe39220000 - 0x00007ffe39254000 	C:\WINDOWS\SYSTEM32\WINMM.dll
0x00007ffe453f0000 - 0x00007ffe45408000 	C:\WINDOWS\SYSTEM32\kernel.appcore.dll
0x00007ffe3e6e0000 - 0x00007ffe3e6ea000 	C:\Program Files\Java\jdk-18.0.2\bin\jimage.dll
0x00007ffe43bd0000 - 0x00007ffe43e03000 	C:\WINDOWS\SYSTEM32\DBGHELP.DLL
0x00007ffe47030000 - 0x00007ffe473b8000 	C:\WINDOWS\System32\combase.dll
0x00007ffe47470000 - 0x00007ffe47547000 	C:\WINDOWS\System32\OLEAUT32.dll
0x00007ffe26d70000 - 0x00007ffe26da2000 	C:\WINDOWS\SYSTEM32\dbgcore.DLL
0x00007ffe46c50000 - 0x00007ffe46cca000 	C:\WINDOWS\System32\bcryptPrimitives.dll
0x00007ffe3e6f0000 - 0x00007ffe3e715000 	C:\Program Files\Java\jdk-18.0.2\bin\java.dll
0x00007ffe2d6d0000 - 0x00007ffe2d7a6000 	C:\Program Files\Java\jdk-18.0.2\bin\jsvml.dll
0x00007ffe47ba0000 - 0x00007ffe483fd000 	C:\WINDOWS\System32\SHELL32.dll
0x00007ffe44200000 - 0x00007ffe44af8000 	C:\WINDOWS\SYSTEM32\windows.storage.dll
0x00007ffe440c0000 - 0x00007ffe441fe000 	C:\WINDOWS\SYSTEM32\wintypes.dll
0x00007ffe48e70000 - 0x00007ffe48f63000 	C:\WINDOWS\System32\SHCORE.dll
0x00007ffe46fd0000 - 0x00007ffe4702e000 	C:\WINDOWS\System32\shlwapi.dll
0x00007ffe46220000 - 0x00007ffe46246000 	C:\WINDOWS\SYSTEM32\profapi.dll
0x00007ffe3e6c0000 - 0x00007ffe3e6d3000 	C:\Program Files\Java\jdk-18.0.2\bin\net.dll
0x00007ffe3bfe0000 - 0x00007ffe3c117000 	C:\WINDOWS\SYSTEM32\WINHTTP.dll
0x00007ffe45880000 - 0x00007ffe458e9000 	C:\WINDOWS\system32\mswsock.dll
0x00007ffe3e6a0000 - 0x00007ffe3e6b6000 	C:\Program Files\Java\jdk-18.0.2\bin\nio.dll
0x00007ffe2d0a0000 - 0x00007ffe2d22f000 	C:\Program Files\Java\jdk-18.0.2\bin\awt.dll
0x00007ffe40770000 - 0x00007ffe40807000 	C:\WINDOWS\SYSTEM32\apphelp.dll
0x00007ffe40ae0000 - 0x00007ffe40b0b000 	C:\WINDOWS\system32\DWMAPI.DLL
0x00007ffe40870000 - 0x00007ffe4091b000 	C:\WINDOWS\system32\uxtheme.dll
0x00007ffdfff20000 - 0x00007ffe00020000 	C:\WINDOWS\system32\opengl32.dll
0x00007ffe01090000 - 0x00007ffe010bd000 	C:\WINDOWS\SYSTEM32\GLU32.dll
0x00007ffe40c40000 - 0x00007ffe40c79000 	C:\WINDOWS\SYSTEM32\dxcore.dll
0x00007ffe48b00000 - 0x00007ffe48c54000 	C:\WINDOWS\System32\MSCTF.dll
0x00007ffe48cd0000 - 0x00007ffe48e6f000 	C:\WINDOWS\System32\ole32.dll
0x00007ffe3e680000 - 0x00007ffe3e698000 	C:\Program Files\Java\jdk-18.0.2\bin\zip.dll
0x00007ffe0fd30000 - 0x00007ffe0fd5d000 	C:\Program Files\Java\jdk-18.0.2\bin\javajpeg.dll

dbghelp: loaded successfully - version: 4.0.5 - missing functions: none
symbol engine: initialized successfully - sym options: 0x614 - pdb path: .;C:\Program Files\Java\jdk-18.0.2\bin;C:\WINDOWS\SYSTEM32;C:\WINDOWS\WinSxS\amd64_microsoft.windows.common-controls_6595b64144ccf1df_6.0.22621.3235_none_270f74e173860f98;C:\Program Files\Java\jdk-18.0.2\bin\server

VM Arguments:
jvm_args: -Dfile.encoding=UTF-8 --module-path=C:\Users\Suhai\Desktop\Electricity Billing System\build\classes 
java_command: electricity.billing.system.Window
java_class_path (initial): C:\Users\Suhai\Desktop\Electricity Billing System\build\classes
Launcher Type: SUN_STANDARD

[Global flags]
     intx CICompilerCount                          = 3                                         {product} {ergonomic}
     uint ConcGCThreads                            = 1                                         {product} {ergonomic}
     uint G1ConcRefinementThreads                  = 4                                         {product} {ergonomic}
   size_t G1HeapRegionSize                         = 1048576                                   {product} {ergonomic}
    uintx GCDrainStackTargetSize                   = 64                                        {product} {ergonomic}
   size_t InitialHeapSize                          = 130023424                                 {product} {ergonomic}
   size_t MarkStackSize                            = 4194304                                   {product} {ergonomic}
   size_t MaxHeapSize                              = 2067791872                                {product} {ergonomic}
   size_t MaxNewSize                               = 1240465408                                {product} {ergonomic}
   size_t MinHeapDeltaBytes                        = 1048576                                   {product} {ergonomic}
   size_t MinHeapSize                              = 8388608                                   {product} {ergonomic}
    uintx NonNMethodCodeHeapSize                   = 5832780                                {pd product} {ergonomic}
    uintx NonProfiledCodeHeapSize                  = 122912730                              {pd product} {ergonomic}
    uintx ProfiledCodeHeapSize                     = 122912730                              {pd product} {ergonomic}
    uintx ReservedCodeCacheSize                    = 251658240                              {pd product} {ergonomic}
     bool SegmentedCodeCache                       = true                                      {product} {ergonomic}
   size_t SoftMaxHeapSize                          = 2067791872                             {manageable} {ergonomic}
     bool UseCompressedClassPointers               = true                           {product lp64_product} {ergonomic}
     bool UseCompressedOops                        = true                           {product lp64_product} {ergonomic}
     bool UseG1GC                                  = true                                      {product} {ergonomic}
     bool UseLargePagesIndividualAllocation        = false                                  {pd product} {ergonomic}

Logging:
Log output configuration:
 #0: stdout all=warning uptime,level,tags foldmultilines=false
 #1: stderr all=off uptime,level,tags foldmultilines=false

Environment Variables:
JAVA_HOME=C:\Program Files\Java\jdk-18.0.2
PATH=C:\Program Files\Common Files\Oracle\Java\javapath;C:\WINDOWS\system32;C:\WINDOWS;C:\WINDOWS\System32\Wbem;C:\WINDOWS\System32\WindowsPowerShell\v1.0\;C:\WINDOWS\System32\OpenSSH\;C:\Program Files (x86)\Common Files\Acronis\SnapAPI\;%JAVA_HOME%\bin\;C:\Program Files\dotnet\;C:\Program Files\Git\cmd;C:\Program Files\MySQL\MySQL Shell 8.0\bin\;C:\Users\Suhai\AppData\Local\Microsoft\WindowsApps;C:\Program Files\JetBrains\IntelliJ IDEA Community Edition 2022.1.4\bin;C:\Users\Suhai\.dotnet\tools;C:\Users\Suhai\AppData\Local\Programs\Microsoft VS Code\bin;C:\Users\Suhai\AppData\Local\Programs\Hyper\resources\bin
USERNAME=Suhai
OS=Windows_NT
PROCESSOR_IDENTIFIER=Intel64 Family 6 Model 140 Stepping 1, GenuineIntel



---------------  S Y S T E M  ---------------

OS:
 Windows 11 , 64 bit Build 22621 (10.0.22621.3235)
OS uptime: 0 days 2:58 hours
Hyper-V role detected

CPU: total 4 (initial active 4) (2 cores per cpu, 2 threads per core) family 6 model 140 stepping 1 microcode 0xa6, cx8, cmov, fxsr, ht, mmx, 3dnowpref, sse, sse2, sse3, ssse3, sse4.1, sse4.2, popcnt, lzcnt, tsc, tscinvbit, avx, avx2, aes, erms, clmul, bmi1, bmi2, adx, avx512f, avx512dq, avx512cd, avx512bw, avx512vl, sha, fma, vzeroupper, avx512_vpopcntdq, avx512_vpclmulqdq, avx512_vaes, avx512_vnni, clflush, clflushopt, clwb, avx512_vbmi2, avx512_vbmi, hv

Memory: 4k page, system-wide physical 7886M (352M free)
TotalPageFile size 26227M (AvailPageFile size 37M)
current process WorkingSet (physical memory assigned to process): 151M, peak: 151M
current process commit charge ("private bytes"): 205M, peak: 245M

vm_info: Java HotSpot(TM) 64-Bit Server VM (18.0.2+9-61) for windows-amd64 JRE (18.0.2+9-61), built on Jun  7 2022 13:09:01 by "mach5one" with MS VC++ 16.8 / 16.9 (VS2019)

END.
