#
# There is insufficient memory for the Java Runtime Environment to continue.
# Native memory allocation (mmap) failed to map 130023424 bytes for G1 virtual space
# Possible reasons:
#   The system is out of physical RAM or swap space
#   The process is running with CompressedOops enabled, and the Java Heap may be blocking the growth of the native heap
# Possible solutions:
#   Reduce memory load on the system
#   Increase physical memory or swap space
#   Check if swap backing store is full
#   Decrease Java heap size (-Xmx/-Xms)
#   Decrease number of Java threads
#   Decrease Java thread stack sizes (-Xss)
#   Set larger code cache with -XX:ReservedCodeCacheSize=
#   JVM is running with Unscaled Compressed Oops mode in which the Java heap is
#     placed in the first 4GB address space. The Java Heap base address is the
#     maximum limit for the native heap growth. Please use -XX:HeapBaseMinAddress
#     to set the Java Heap base and to place the Java Heap above 4GB virtual address.
# This output file may be truncated or incomplete.
#
#  Out of Memory Error (os_windows.cpp:3530), pid=18096, tid=20152
#
# JRE version:  (18.0.2+9) (build )
# Java VM: Java HotSpot(TM) 64-Bit Server VM (18.0.2+9-61, mixed mode, sharing, tiered, compressed oops, compressed class ptrs, g1 gc, windows-amd64)
# No core dump will be written. Minidumps are not enabled by default on client versions of Windows
#

---------------  S U M M A R Y ------------

Command Line: -Dfile.encoding=UTF-8 --module-path=C:\Users\Suhai\Desktop\Electricity Billing System\build\classes electricity.billing.system.Window

Host: 11th Gen Intel(R) Core(TM) i3-1115G4 @ 3.00GHz, 4 cores, 7G,  Windows 11 , 64 bit Build 22621 (10.0.22621.3235)
Time: Fri Apr  5 22:37:04 2024 India Standard Time elapsed time: 0.013191 seconds (0d 0h 0m 0s)

---------------  T H R E A D  ---------------

Current thread (0x000002bc11a8bfe0):  JavaThread "Unknown thread" [_thread_in_vm, id=20152, stack(0x000000c61c600000,0x000000c61c700000)]

Stack: [0x000000c61c600000,0x000000c61c700000]
Native frames: (J=compiled Java code, j=interpreted, Vv=VM code, C=native code)
V  [jvm.dll+0x6993ca]
V  [jvm.dll+0x7f481d]
V  [jvm.dll+0x7f612e]
V  [jvm.dll+0x7f67e3]
V  [jvm.dll+0x25cdaf]
V  [jvm.dll+0x696319]
V  [jvm.dll+0x68ae4a]
V  [jvm.dll+0x3223eb]
V  [jvm.dll+0x329dc6]
V  [jvm.dll+0x37eade]
V  [jvm.dll+0x37ed0f]
V  [jvm.dll+0x2fa16a]
V  [jvm.dll+0x2fb1cd]
V  [jvm.dll+0x7c3450]
V  [jvm.dll+0x38be61]
V  [jvm.dll+0x7a2073]
V  [jvm.dll+0x40dc3f]
V  [jvm.dll+0x40f611]
C  [jli.dll+0x526b]
C  [ucrtbase.dll+0x29363]
C  [KERNEL32.DLL+0x1257d]
C  [ntdll.dll+0x5aa58]


---------------  P R O C E S S  ---------------

Threads class SMR info:
_java_thread_list=0x00007ffde322e550, length=0, elements={
}

Java Threads: ( => current thread )

Other Threads:
  0x000002bc11c2ffa0 WorkerThread "GC Thread#0" [stack: 0x000000c61c700000,0x000000c61c800000] [id=20160]
  0x000002bc11c40450 ConcurrentGCThread "G1 Main Marker" [stack: 0x000000c61c800000,0x000000c61c900000] [id=20168]
  0x000002bc11c40d40 WorkerThread "G1 Conc#0" [stack: 0x000000c61c900000,0x000000c61ca00000] [id=20164]

[error occurred during error reporting (printing all threads), id 0xc0000005, EXCEPTION_ACCESS_VIOLATION (0xc0000005) at pc=0x00007ffde2a5a707]

VM state: not at safepoint (not fully initialized)

VM Mutex/Monitor currently owned by a thread:  ([mutex/lock_event])
[0x000002bc11bd0b10] Heap_lock - owner thread: 0x000002bc11a8bfe0

Heap address: 0x0000000084c00000, size: 1972 MB, Compressed Oops mode: 32-bit

CDS archive(s) mapped at: [0x0000000000000000-0x0000000000000000-0x0000000000000000), size 0, SharedBaseAddress: 0x0000000800000000, ArchiveRelocationMode: 0.
Narrow klass base: 0x0000000000000000, Narrow klass shift: 0, Narrow klass range: 0x0

GC Precious Log:
 CardTable entry size: 512
 Card Set container configuration: InlinePtr #cards 5 size 8 Array Of Cards #cards 12 size 40 Howl #buckets 4 coarsen threshold 1843 Howl Bitmap #cards 512 size 80 coarsen threshold 460 Card regions per heap region 1 cards per card region 2048

Heap:
 garbage-first heap   total 0K, used 0K [0x0000000084c00000, 0x0000000100000000)
  region size 1024K, 0 young (0K), 0 survivors (0K)

[error occurred during error reporting (printing heap information), id 0xc0000005, EXCEPTION_ACCESS_VIOLATION (0xc0000005) at pc=0x00007ffde2e41859]

GC Heap History (0 events):
No events

Deoptimization events (0 events):
No events

Classes loaded (0 events):
No events

Classes unloaded (0 events):
No events

Classes redefined (0 events):
No events

Internal exceptions (0 events):
No events

VM Operations (0 events):
No events

Events (1 events):
Event: 0.007 Loaded shared library C:\Program Files\Java\jdk-18.0.2\bin\java.dll


Dynamic libraries:
0x00007ff6399f0000 - 0x00007ff639a00000 	C:\Program Files\Java\jdk-18.0.2\bin\java.exe
0x00007ffe48fb0000 - 0x00007ffe491c6000 	C:\WINDOWS\SYSTEM32\ntdll.dll
0x00007ffe485b0000 - 0x00007ffe48674000 	C:\WINDOWS\System32\KERNEL32.DLL
0x00007ffe466c0000 - 0x00007ffe46a66000 	C:\WINDOWS\System32\KERNELBASE.dll
0x00007ffe46390000 - 0x00007ffe464a1000 	C:\WINDOWS\System32\ucrtbase.dll
0x00007ffe1a2f0000 - 0x00007ffe1a308000 	C:\Program Files\Java\jdk-18.0.2\bin\jli.dll
0x00007ffe3e9b0000 - 0x00007ffe3e9ca000 	C:\Program Files\Java\jdk-18.0.2\bin\VCRUNTIME140.dll
0x00007ffe47a60000 - 0x00007ffe47b12000 	C:\WINDOWS\System32\ADVAPI32.dll
0x00007ffe46d00000 - 0x00007ffe46da7000 	C:\WINDOWS\System32\msvcrt.dll
0x00007ffe46db0000 - 0x00007ffe46e58000 	C:\WINDOWS\System32\sechost.dll
0x00007ffe46690000 - 0x00007ffe466b8000 	C:\WINDOWS\System32\bcrypt.dll
0x00007ffe46eb0000 - 0x00007ffe46fc5000 	C:\WINDOWS\System32\RPCRT4.dll
0x00007ffe48400000 - 0x00007ffe485ad000 	C:\WINDOWS\System32\USER32.dll
0x00007ffe46cd0000 - 0x00007ffe46cf6000 	C:\WINDOWS\System32\win32u.dll
0x00007ffe47a30000 - 0x00007ffe47a59000 	C:\WINDOWS\System32\GDI32.dll
0x00007ffe46b30000 - 0x00007ffe46c48000 	C:\WINDOWS\System32\gdi32full.dll
0x00007ffe462f0000 - 0x00007ffe4638a000 	C:\WINDOWS\System32\msvcp_win.dll
0x00007ffe304c0000 - 0x00007ffe30753000 	C:\WINDOWS\WinSxS\amd64_microsoft.windows.common-controls_6595b64144ccf1df_6.0.22621.3235_none_270f74e173860f98\COMCTL32.dll
0x00007ffe391e0000 - 0x00007ffe391ea000 	C:\WINDOWS\SYSTEM32\VERSION.dll
0x00007ffe46e60000 - 0x00007ffe46e91000 	C:\WINDOWS\System32\IMM32.DLL
0x00007ffe3e760000 - 0x00007ffe3e76c000 	C:\Program Files\Java\jdk-18.0.2\bin\vcruntime140_1.dll
0x00007ffe2e800000 - 0x00007ffe2e88d000 	C:\Program Files\Java\jdk-18.0.2\bin\msvcp140.dll
0x00007ffde2750000 - 0x00007ffde3361000 	C:\Program Files\Java\jdk-18.0.2\bin\server\jvm.dll
0x00007ffe47b30000 - 0x00007ffe47b38000 	C:\WINDOWS\System32\PSAPI.DLL
0x00007ffe39220000 - 0x00007ffe39254000 	C:\WINDOWS\SYSTEM32\WINMM.dll
0x00007ffe3fd40000 - 0x00007ffe3fd49000 	C:\WINDOWS\SYSTEM32\WSOCK32.dll
0x00007ffe489d0000 - 0x00007ffe48a41000 	C:\WINDOWS\System32\WS2_32.dll
0x00007ffe453f0000 - 0x00007ffe45408000 	C:\WINDOWS\SYSTEM32\kernel.appcore.dll
0x00007ffe3e6e0000 - 0x00007ffe3e6ea000 	C:\Program Files\Java\jdk-18.0.2\bin\jimage.dll
0x00007ffe43bd0000 - 0x00007ffe43e03000 	C:\WINDOWS\SYSTEM32\DBGHELP.DLL
0x00007ffe47030000 - 0x00007ffe473b8000 	C:\WINDOWS\System32\combase.dll
0x00007ffe47470000 - 0x00007ffe47547000 	C:\WINDOWS\System32\OLEAUT32.dll
0x00007ffe26d70000 - 0x00007ffe26da2000 	C:\WINDOWS\SYSTEM32\dbgcore.DLL
0x00007ffe46c50000 - 0x00007ffe46cca000 	C:\WINDOWS\System32\bcryptPrimitives.dll
0x00007ffe3e6f0000 - 0x00007ffe3e715000 	C:\Program Files\Java\jdk-18.0.2\bin\java.dll

dbghelp: loaded successfully - version: 4.0.5 - missing functions: none
symbol engine: initialized successfully - sym options: 0x614 - pdb path: .;C:\Program Files\Java\jdk-18.0.2\bin;C:\WINDOWS\SYSTEM32;C:\WINDOWS\WinSxS\amd64_microsoft.windows.common-controls_6595b64144ccf1df_6.0.22621.3235_none_270f74e173860f98;C:\Program Files\Java\jdk-18.0.2\bin\server

VM Arguments:
jvm_args: -Dfile.encoding=UTF-8 --module-path=C:\Users\Suhai\Desktop\Electricity Billing System\build\classes 
java_command: electricity.billing.system.Window
java_class_path (initial): C:\Users\Suhai\Desktop\Electricity Billing System\build\classes
Launcher Type: SUN_STANDARD

[Global flags]
     intx CICompilerCount                          = 3                                         {product} {ergonomic}
     uint ConcGCThreads                            = 1                                         {product} {ergonomic}
     uint G1ConcRefinementThreads                  = 4                                         {product} {ergonomic}
   size_t G1HeapRegionSize                         = 1048576                                   {product} {ergonomic}
    uintx GCDrainStackTargetSize                   = 64                                        {product} {ergonomic}
   size_t InitialHeapSize                          = 130023424                                 {product} {ergonomic}
   size_t MarkStackSize                            = 4194304                                   {product} {ergonomic}
   size_t MaxHeapSize                              = 2067791872                                {product} {ergonomic}
   size_t MinHeapDeltaBytes                        = 1048576                                   {product} {ergonomic}
   size_t MinHeapSize                              = 8388608                                   {product} {ergonomic}
    uintx NonNMethodCodeHeapSize                   = 5832780                                {pd product} {ergonomic}
    uintx NonProfiledCodeHeapSize                  = 122912730                              {pd product} {ergonomic}
    uintx ProfiledCodeHeapSize                     = 122912730                              {pd product} {ergonomic}
    uintx ReservedCodeCacheSize                    = 251658240                              {pd product} {ergonomic}
     bool SegmentedCodeCache                       = true                                      {product} {ergonomic}
   size_t SoftMaxHeapSize                          = 2067791872                             {manageable} {ergonomic}
     bool UseCompressedClassPointers               = true                           {product lp64_product} {ergonomic}
     bool UseCompressedOops                        = true                           {product lp64_product} {ergonomic}
     bool UseG1GC                                  = true                                      {product} {ergonomic}
     bool UseLargePagesIndividualAllocation        = false                                  {pd product} {ergonomic}

Logging:
Log output configuration:
 #0: stdout all=warning uptime,level,tags foldmultilines=false
 #1: stderr all=off uptime,level,tags foldmultilines=false

Environment Variables:
JAVA_HOME=C:\Program Files\Java\jdk-18.0.2
PATH=C:\Program Files\Common Files\Oracle\Java\javapath;C:\WINDOWS\system32;C:\WINDOWS;C:\WINDOWS\System32\Wbem;C:\WINDOWS\System32\WindowsPowerShell\v1.0\;C:\WINDOWS\System32\OpenSSH\;C:\Program Files (x86)\Common Files\Acronis\SnapAPI\;%JAVA_HOME%\bin\;C:\Program Files\dotnet\;C:\Program Files\Git\cmd;C:\Program Files\MySQL\MySQL Shell 8.0\bin\;C:\Users\Suhai\AppData\Local\Microsoft\WindowsApps;C:\Program Files\JetBrains\IntelliJ IDEA Community Edition 2022.1.4\bin;C:\Users\Suhai\.dotnet\tools;C:\Users\Suhai\AppData\Local\Programs\Microsoft VS Code\bin;C:\Users\Suhai\AppData\Local\Programs\Hyper\resources\bin
USERNAME=Suhai
OS=Windows_NT
PROCESSOR_IDENTIFIER=Intel64 Family 6 Model 140 Stepping 1, GenuineIntel



---------------  S Y S T E M  ---------------

OS:
 Windows 11 , 64 bit Build 22621 (10.0.22621.3235)
OS uptime: 0 days 2:25 hours
Hyper-V role detected

CPU: total 4 (initial active 4) (2 cores per cpu, 2 threads per core) family 6 model 140 stepping 1 microcode 0xa6, cx8, cmov, fxsr, ht, mmx, 3dnowpref, sse, sse2, sse3, ssse3, sse4.1, sse4.2, popcnt, lzcnt, tsc, tscinvbit, avx, avx2, aes, erms, clmul, bmi1, bmi2, adx, avx512f, avx512dq, avx512cd, avx512bw, avx512vl, sha, fma, vzeroupper, avx512_vpopcntdq, avx512_vpclmulqdq, avx512_vaes, avx512_vnni, clflush, clflushopt, clwb, avx512_vbmi2, avx512_vbmi, hv

Memory: 4k page, system-wide physical 7886M (320M free)
TotalPageFile size 26227M (AvailPageFile size 30M)
current process WorkingSet (physical memory assigned to process): 11M, peak: 11M
current process commit charge ("private bytes"): 52M, peak: 176M

vm_info: Java HotSpot(TM) 64-Bit Server VM (18.0.2+9-61) for windows-amd64 JRE (18.0.2+9-61), built on Jun  7 2022 13:09:01 by "mach5one" with MS VC++ 16.8 / 16.9 (VS2019)

END.
